[2025-09-24 12:33:08] 프린터 연결 실패 - 포트: COM3, 오류: could not open port 'COM3': PermissionError(13, '액세스가 거부되었습니다.', None, 5)
[2025-09-24 12:33:10] 프린터 연결 실패 - 포트: COM6, 오류: could not open port 'COM6': PermissionError(13, '액세스가 거부되었습니다.', None, 5)
[2025-09-24 12:33:12] 프린터 연결 실패 - 포트: COM6, 오류: could not open port 'COM6': PermissionError(13, '액세스가 거부되었습니다.', None, 5)
[2025-09-24 12:33:14] 프린터 연결 실패 - 포트: COM6, 오류: could not open port 'COM6': PermissionError(13, '액세스가 거부되었습니다.', None, 5)
[2025-09-24 12:33:16] 프린터 연결 실패 - 포트: COM6, 오류: could not open port 'COM6': PermissionError(13, '액세스가 거부되었습니다.', None, 5)
[2025-09-24 12:33:18] 프린터 연결 실패 - 포트: COM6, 오류: could not open port 'COM6': PermissionError(13, '액세스가 거부되었습니다.', None, 5)
[2025-09-24 12:33:20] 프린터 연결 실패 - 포트: COM6, 오류: could not open port 'COM6': PermissionError(13, '액세스가 거부되었습니다.', None, 5)
[2025-09-24 12:33:22] 프린터 연결 실패 - 포트: COM6, 오류: could not open port 'COM6': PermissionError(13, '액세스가 거부되었습니다.', None, 5)
[2025-09-24 12:33:24] 프린터 연결 실패 - 포트: COM6, 오류: could not open port 'COM6': PermissionError(13, '액세스가 거부되었습니다.', None, 5)
[2025-09-24 12:33:26] 프린터 연결 실패 - 포트: COM6, 오류: could not open port 'COM6': PermissionError(13, '액세스가 거부되었습니다.', None, 5)
[2025-09-24 12:33:28] 프린터 연결 실패 - 포트: COM6, 오류: could not open port 'COM6': PermissionError(13, '액세스가 거부되었습니다.', None, 5)
[2025-09-24 12:33:30] 프린터 연결 실패 - 포트: COM6, 오류: could not open port 'COM6': PermissionError(13, '액세스가 거부되었습니다.', None, 5)
[2025-09-24 12:33:32] 프린터 연결 실패 - 포트: COM6, 오류: could not open port 'COM6': PermissionError(13, '액세스가 거부되었습니다.', None, 5)
[2025-09-24 12:33:44] 프린터 연결 실패 - 포트: COM3, 오류: could not open port 'COM3': PermissionError(13, '액세스가 거부되었습니다.', None, 5)
[2025-09-26 11:29:51] 프린터 연결 실패 - 포트: COM3, 오류: could not open port 'COM3': FileNotFoundError(2, '지정된 파일을 찾을 수 없습니다.', None, 2)
[2025-09-26 11:30:37] 프린터 연결 실패 - 포트: COM3, 오류: could not open port 'COM3': FileNotFoundError(2, '지정된 파일을 찾을 수 없습니다.', None, 2)
[2025-09-26 11:30:37] 너트1 연결 실패 - 포트: COM7, 오류: could not open port 'COM7': FileNotFoundError(2, '지정된 파일을 찾을 수 없습니다.', None, 2)
[2025-09-26 11:30:37] 너트2 연결 실패 - 포트: COM8, 오류: could not open port 'COM8': FileNotFoundError(2, '지정된 파일을 찾을 수 없습니다.', None, 2)
[2025-09-26 11:31:21] 프린터 연결 실패 - 포트: COM3, 오류: could not open port 'COM3': FileNotFoundError(2, '지정된 파일을 찾을 수 없습니다.', None, 2)
[2025-09-26 11:31:21] 너트1 연결 실패 - 포트: COM7, 오류: could not open port 'COM7': FileNotFoundError(2, '지정된 파일을 찾을 수 없습니다.', None, 2)
[2025-09-26 11:31:21] 너트2 연결 실패 - 포트: COM8, 오류: could not open port 'COM8': FileNotFoundError(2, '지정된 파일을 찾을 수 없습니다.', None, 2)
[2025-09-26 11:34:45] 프린터 연결 실패 - 포트: COM3, 오류: could not open port 'COM3': FileNotFoundError(2, '지정된 파일을 찾을 수 없습니다.', None, 2)
[2025-09-26 11:34:45] 너트1 연결 실패 - 포트: COM7, 오류: could not open port 'COM7': FileNotFoundError(2, '지정된 파일을 찾을 수 없습니다.', None, 2)
[2025-09-26 11:34:45] 너트2 연결 실패 - 포트: COM8, 오류: could not open port 'COM8': FileNotFoundError(2, '지정된 파일을 찾을 수 없습니다.', None, 2)
[2025-09-26 11:35:38] 프린터 연결 실패 - 포트: COM3, 오류: could not open port 'COM3': FileNotFoundError(2, '지정된 파일을 찾을 수 없습니다.', None, 2)
[2025-09-26 11:35:38] 너트1 연결 실패 - 포트: COM7, 오류: could not open port 'COM7': FileNotFoundError(2, '지정된 파일을 찾을 수 없습니다.', None, 2)
[2025-09-26 11:35:38] 너트2 연결 실패 - 포트: COM8, 오류: could not open port 'COM8': FileNotFoundError(2, '지정된 파일을 찾을 수 없습니다.', None, 2)
[2025-09-26 11:41:54] 너트1 연결 실패 - 포트: COM7, 오류: could not open port 'COM7': FileNotFoundError(2, '지정된 파일을 찾을 수 없습니다.', None, 2)
[2025-09-26 11:41:54] 너트2 연결 실패 - 포트: COM8, 오류: could not open port 'COM8': FileNotFoundError(2, '지정된 파일을 찾을 수 없습니다.', None, 2)
[2025-09-26 12:04:30] 너트1 연결 실패 - 포트: COM7, 오류: could not open port 'COM7': FileNotFoundError(2, '지정된 파일을 찾을 수 없습니다.', None, 2)
[2025-09-26 12:04:30] 너트2 연결 실패 - 포트: COM8, 오류: could not open port 'COM8': FileNotFoundError(2, '지정된 파일을 찾을 수 없습니다.', None, 2)
[2025-09-26 12:07:14] 너트1 연결 실패 - 포트: COM7, 오류: could not open port 'COM7': FileNotFoundError(2, '지정된 파일을 찾을 수 없습니다.', None, 2)
[2025-09-26 12:07:14] 너트2 연결 실패 - 포트: COM8, 오류: could not open port 'COM8': FileNotFoundError(2, '지정된 파일을 찾을 수 없습니다.', None, 2)
[2025-09-26 12:10:06] 너트1 연결 실패 - 포트: COM7, 오류: could not open port 'COM7': FileNotFoundError(2, '지정된 파일을 찾을 수 없습니다.', None, 2)
[2025-09-26 12:10:06] 너트2 연결 실패 - 포트: COM8, 오류: could not open port 'COM8': FileNotFoundError(2, '지정된 파일을 찾을 수 없습니다.', None, 2)
[2025-09-26 12:13:43] 너트1 연결 실패 - 포트: COM7, 오류: could not open port 'COM7': FileNotFoundError(2, '지정된 파일을 찾을 수 없습니다.', None, 2)
[2025-09-26 12:13:43] 너트2 연결 실패 - 포트: COM8, 오류: could not open port 'COM8': FileNotFoundError(2, '지정된 파일을 찾을 수 없습니다.', None, 2)
[2025-09-26 12:14:44] 너트1 연결 실패 - 포트: COM7, 오류: could not open port 'COM7': FileNotFoundError(2, '지정된 파일을 찾을 수 없습니다.', None, 2)
[2025-09-26 12:14:44] 너트2 연결 실패 - 포트: COM8, 오류: could not open port 'COM8': FileNotFoundError(2, '지정된 파일을 찾을 수 없습니다.', None, 2)
[2025-09-26 12:18:44] 너트1 연결 실패 - 포트: COM7, 오류: could not open port 'COM7': FileNotFoundError(2, '지정된 파일을 찾을 수 없습니다.', None, 2)
[2025-09-26 12:18:44] 너트2 연결 실패 - 포트: COM8, 오류: could not open port 'COM8': FileNotFoundError(2, '지정된 파일을 찾을 수 없습니다.', None, 2)
[2025-09-26 13:16:28] 너트1 연결 실패 - 포트: COM7, 오류: could not open port 'COM7': FileNotFoundError(2, '지정된 파일을 찾을 수 없습니다.', None, 2)
[2025-09-26 13:16:28] 너트2 연결 실패 - 포트: COM8, 오류: could not open port 'COM8': FileNotFoundError(2, '지정된 파일을 찾을 수 없습니다.', None, 2)
[2025-09-26 13:22:55] 너트1 연결 실패 - 포트: COM7, 오류: could not open port 'COM7': FileNotFoundError(2, '지정된 파일을 찾을 수 없습니다.', None, 2)
[2025-09-26 13:22:55] 너트2 연결 실패 - 포트: COM8, 오류: could not open port 'COM8': FileNotFoundError(2, '지정된 파일을 찾을 수 없습니다.', None, 2)
[2025-09-26 13:39:59] 너트1 연결 실패 - 포트: COM7, 오류: could not open port 'COM7': FileNotFoundError(2, '지정된 파일을 찾을 수 없습니다.', None, 2)
[2025-09-26 13:39:59] 너트2 연결 실패 - 포트: COM8, 오류: could not open port 'COM8': FileNotFoundError(2, '지정된 파일을 찾을 수 없습니다.', None, 2)
[2025-09-26 13:44:46] 너트1 연결 실패 - 포트: COM7, 오류: could not open port 'COM7': FileNotFoundError(2, '지정된 파일을 찾을 수 없습니다.', None, 2)
[2025-09-26 13:44:46] 너트2 연결 실패 - 포트: COM8, 오류: could not open port 'COM8': FileNotFoundError(2, '지정된 파일을 찾을 수 없습니다.', None, 2)
[2025-09-26 13:48:48] 너트1 연결 실패 - 포트: COM7, 오류: could not open port 'COM7': FileNotFoundError(2, '지정된 파일을 찾을 수 없습니다.', None, 2)
[2025-09-26 13:48:48] 너트2 연결 실패 - 포트: COM8, 오류: could not open port 'COM8': FileNotFoundError(2, '지정된 파일을 찾을 수 없습니다.', None, 2)
[2025-09-26 13:57:15] 너트1 연결 실패 - 포트: COM7, 오류: could not open port 'COM7': FileNotFoundError(2, '지정된 파일을 찾을 수 없습니다.', None, 2)
[2025-09-26 13:57:15] 너트2 연결 실패 - 포트: COM8, 오류: could not open port 'COM8': FileNotFoundError(2, '지정된 파일을 찾을 수 없습니다.', None, 2)
[2025-09-26 14:07:45] 너트1 연결 실패 - 포트: COM7, 오류: could not open port 'COM7': FileNotFoundError(2, '지정된 파일을 찾을 수 없습니다.', None, 2)
[2025-09-26 14:07:45] 너트2 연결 실패 - 포트: COM8, 오류: could not open port 'COM8': FileNotFoundError(2, '지정된 파일을 찾을 수 없습니다.', None, 2)
[2025-09-26 14:11:58] 너트1 연결 실패 - 포트: COM7, 오류: could not open port 'COM7': FileNotFoundError(2, '지정된 파일을 찾을 수 없습니다.', None, 2)
[2025-09-26 14:11:58] 너트2 연결 실패 - 포트: COM8, 오류: could not open port 'COM8': FileNotFoundError(2, '지정된 파일을 찾을 수 없습니다.', None, 2)
[2025-09-26 14:13:11] 너트1 연결 실패 - 포트: COM7, 오류: could not open port 'COM7': FileNotFoundError(2, '지정된 파일을 찾을 수 없습니다.', None, 2)
[2025-09-26 14:13:11] 너트2 연결 실패 - 포트: COM8, 오류: could not open port 'COM8': FileNotFoundError(2, '지정된 파일을 찾을 수 없습니다.', None, 2)
[2025-09-26 14:16:54] 너트1 연결 실패 - 포트: COM7, 오류: could not open port 'COM7': FileNotFoundError(2, '지정된 파일을 찾을 수 없습니다.', None, 2)
[2025-09-26 14:16:54] 너트2 연결 실패 - 포트: COM8, 오류: could not open port 'COM8': FileNotFoundError(2, '지정된 파일을 찾을 수 없습니다.', None, 2)
[2025-09-26 15:43:54] 너트1 연결 실패 - 포트: COM7, 오류: could not open port 'COM7': FileNotFoundError(2, '지정된 파일을 찾을 수 없습니다.', None, 2)
[2025-09-26 15:43:54] 너트2 연결 실패 - 포트: COM8, 오류: could not open port 'COM8': FileNotFoundError(2, '지정된 파일을 찾을 수 없습니다.', None, 2)
[2025-09-26 15:53:00] 너트1 연결 실패 - 포트: COM7, 오류: could not open port 'COM7': FileNotFoundError(2, '지정된 파일을 찾을 수 없습니다.', None, 2)
[2025-09-26 15:53:00] 너트2 연결 실패 - 포트: COM8, 오류: could not open port 'COM8': FileNotFoundError(2, '지정된 파일을 찾을 수 없습니다.', None, 2)
[2025-09-26 16:12:43] 너트1 연결 실패 - 포트: COM7, 오류: could not open port 'COM7': FileNotFoundError(2, '지정된 파일을 찾을 수 없습니다.', None, 2)
[2025-09-26 16:12:43] 너트2 연결 실패 - 포트: COM8, 오류: could not open port 'COM8': FileNotFoundError(2, '지정된 파일을 찾을 수 없습니다.', None, 2)
[2025-09-29 10:26:21] 너트1 연결 실패 - 포트: COM7, 오류: could not open port 'COM7': FileNotFoundError(2, '지정된 파일을 찾을 수 없습니다.', None, 2)
[2025-09-29 10:26:21] 너트2 연결 실패 - 포트: COM8, 오류: could not open port 'COM8': FileNotFoundError(2, '지정된 파일을 찾을 수 없습니다.', None, 2)
[2025-09-30 07:26:20] 스캐너 연결 실패 - 포트: COM4, 오류: Cannot configure port, something went wrong. Original message: OSError(22, '잘못된 기능입니다.', None, 1)
[2025-09-30 07:26:20] 너트1 연결 실패 - 포트: COM7, 오류: could not open port 'COM7': FileNotFoundError(2, '지정된 파일을 찾을 수 없습니다.', None, 2)
[2025-09-30 07:26:20] 너트2 연결 실패 - 포트: COM8, 오류: could not open port 'COM8': FileNotFoundError(2, '지정된 파일을 찾을 수 없습니다.', None, 2)
[2025-09-30 07:27:01] 스캐너 연결 실패 - 포트: COM4, 오류: Cannot configure port, something went wrong. Original message: OSError(22, '잘못된 기능입니다.', None, 1)
[2025-09-30 07:27:01] 너트1 연결 실패 - 포트: COM7, 오류: could not open port 'COM7': FileNotFoundError(2, '지정된 파일을 찾을 수 없습니다.', None, 2)
[2025-09-30 07:27:01] 너트2 연결 실패 - 포트: COM8, 오류: could not open port 'COM8': FileNotFoundError(2, '지정된 파일을 찾을 수 없습니다.', None, 2)
[2025-09-30 07:27:24] 스캐너 연결 실패 - 포트: COM4, 오류: Cannot configure port, something went wrong. Original message: OSError(22, '잘못된 기능입니다.', None, 1)
[2025-09-30 07:27:24] 너트1 연결 실패 - 포트: COM7, 오류: could not open port 'COM7': FileNotFoundError(2, '지정된 파일을 찾을 수 없습니다.', None, 2)
[2025-09-30 07:27:24] 너트2 연결 실패 - 포트: COM8, 오류: could not open port 'COM8': FileNotFoundError(2, '지정된 파일을 찾을 수 없습니다.', None, 2)
[2025-09-30 07:29:32] 스캐너 연결 실패 - 포트: COM4, 오류: Cannot configure port, something went wrong. Original message: OSError(22, '잘못된 기능입니다.', None, 1)
[2025-09-30 07:29:32] 너트1 연결 실패 - 포트: COM7, 오류: could not open port 'COM7': FileNotFoundError(2, '지정된 파일을 찾을 수 없습니다.', None, 2)
[2025-09-30 07:29:32] 너트2 연결 실패 - 포트: COM8, 오류: could not open port 'COM8': FileNotFoundError(2, '지정된 파일을 찾을 수 없습니다.', None, 2)
[2025-09-30 07:31:04] 스캐너 연결 실패 - 포트: COM4, 오류: Cannot configure port, something went wrong. Original message: OSError(22, '잘못된 기능입니다.', None, 1)
[2025-09-30 07:31:05] 너트1 연결 실패 - 포트: COM7, 오류: could not open port 'COM7': FileNotFoundError(2, '지정된 파일을 찾을 수 없습니다.', None, 2)
[2025-09-30 07:31:05] 너트2 연결 실패 - 포트: COM8, 오류: could not open port 'COM8': FileNotFoundError(2, '지정된 파일을 찾을 수 없습니다.', None, 2)
[2025-09-30 07:43:57] 스캐너 연결 실패 - 포트: COM4, 오류: Cannot configure port, something went wrong. Original message: OSError(22, '잘못된 기능입니다.', None, 1)
[2025-09-30 07:43:57] 너트1 연결 실패 - 포트: COM7, 오류: could not open port 'COM7': FileNotFoundError(2, '지정된 파일을 찾을 수 없습니다.', None, 2)
[2025-09-30 07:43:57] 너트2 연결 실패 - 포트: COM8, 오류: could not open port 'COM8': FileNotFoundError(2, '지정된 파일을 찾을 수 없습니다.', None, 2)
[2025-09-30 07:53:01] 스캐너 연결 실패 - 포트: COM4, 오류: Cannot configure port, something went wrong. Original message: OSError(22, '잘못된 기능입니다.', None, 1)
[2025-09-30 07:53:01] 너트1 연결 실패 - 포트: COM7, 오류: could not open port 'COM7': FileNotFoundError(2, '지정된 파일을 찾을 수 없습니다.', None, 2)
[2025-09-30 07:53:01] 너트2 연결 실패 - 포트: COM8, 오류: could not open port 'COM8': FileNotFoundError(2, '지정된 파일을 찾을 수 없습니다.', None, 2)
[2025-09-30 12:13:57] 스캐너 연결 실패 - 포트: COM4, 오류: Cannot configure port, something went wrong. Original message: OSError(22, '잘못된 기능입니다.', None, 1)
[2025-09-30 12:13:57] 너트1 연결 실패 - 포트: COM7, 오류: could not open port 'COM7': FileNotFoundError(2, '지정된 파일을 찾을 수 없습니다.', None, 2)
[2025-09-30 12:13:57] 너트2 연결 실패 - 포트: COM8, 오류: could not open port 'COM8': FileNotFoundError(2, '지정된 파일을 찾을 수 없습니다.', None, 2)
[2025-09-30 12:26:55] 스캐너 연결 실패 - 포트: COM4, 오류: Cannot configure port, something went wrong. Original message: OSError(22, '잘못된 기능입니다.', None, 1)
[2025-09-30 12:26:55] 프린터 연결 실패 - 포트: COM1, 오류: Cannot configure port, something went wrong. Original message: OSError(22, '잘못된 기능입니다.', None, 1)
[2025-09-30 12:26:55] 너트1 연결 실패 - 포트: COM7, 오류: could not open port 'COM7': FileNotFoundError(2, '지정된 파일을 찾을 수 없습니다.', None, 2)
[2025-09-30 12:26:55] 너트2 연결 실패 - 포트: COM8, 오류: could not open port 'COM8': FileNotFoundError(2, '지정된 파일을 찾을 수 없습니다.', None, 2)
[2025-09-30 12:28:25] 스캐너 연결 실패 - 포트: COM4, 오류: Cannot configure port, something went wrong. Original message: OSError(22, '잘못된 기능입니다.', None, 1)
[2025-09-30 12:28:25] 프린터 연결 실패 - 포트: COM1, 오류: Cannot configure port, something went wrong. Original message: OSError(22, '잘못된 기능입니다.', None, 1)
[2025-09-30 12:28:25] 너트1 연결 실패 - 포트: COM7, 오류: could not open port 'COM7': FileNotFoundError(2, '지정된 파일을 찾을 수 없습니다.', None, 2)
[2025-09-30 12:28:25] 너트2 연결 실패 - 포트: COM8, 오류: could not open port 'COM8': FileNotFoundError(2, '지정된 파일을 찾을 수 없습니다.', None, 2)
[2025-09-30 12:29:23] 스캐너 연결 실패 - 포트: COM4, 오류: Cannot configure port, something went wrong. Original message: OSError(22, '잘못된 기능입니다.', None, 1)
[2025-09-30 12:29:23] 프린터 연결 실패 - 포트: COM1, 오류: Cannot configure port, something went wrong. Original message: OSError(22, '잘못된 기능입니다.', None, 1)
[2025-09-30 12:29:23] 너트1 연결 실패 - 포트: COM7, 오류: could not open port 'COM7': FileNotFoundError(2, '지정된 파일을 찾을 수 없습니다.', None, 2)
[2025-09-30 12:29:23] 너트2 연결 실패 - 포트: COM8, 오류: could not open port 'COM8': FileNotFoundError(2, '지정된 파일을 찾을 수 없습니다.', None, 2)
[2025-09-30 13:47:33] 스캐너 연결 실패 - 포트: COM4, 오류: Cannot configure port, something went wrong. Original message: OSError(22, '잘못된 기능입니다.', None, 1)
[2025-09-30 13:47:33] 프린터 연결 실패 - 포트: COM1, 오류: Cannot configure port, something went wrong. Original message: OSError(22, '잘못된 기능입니다.', None, 1)
[2025-09-30 13:47:33] 너트1 연결 실패 - 포트: COM4, 오류: Cannot configure port, something went wrong. Original message: OSError(22, '잘못된 기능입니다.', None, 1)
[2025-09-30 14:04:06] 스캐너 연결 실패 - 포트: COM4, 오류: Cannot configure port, something went wrong. Original message: OSError(22, '잘못된 기능입니다.', None, 1)
[2025-09-30 14:04:06] 프린터 연결 실패 - 포트: COM1, 오류: Cannot configure port, something went wrong. Original message: OSError(22, '잘못된 기능입니다.', None, 1)
[2025-09-30 14:04:06] 너트1 연결 실패 - 포트: COM4, 오류: Cannot configure port, something went wrong. Original message: OSError(22, '잘못된 기능입니다.', None, 1)
[2025-09-30 14:05:06] 스캐너 연결 실패 - 포트: COM4, 오류: Cannot configure port, something went wrong. Original message: OSError(22, '잘못된 기능입니다.', None, 1)
[2025-09-30 14:05:06] 프린터 연결 실패 - 포트: COM1, 오류: Cannot configure port, something went wrong. Original message: OSError(22, '잘못된 기능입니다.', None, 1)
[2025-09-30 14:05:06] 너트1 연결 실패 - 포트: COM4, 오류: Cannot configure port, something went wrong. Original message: OSError(22, '잘못된 기능입니다.', None, 1)
[2025-09-30 15:05:23] 스캐너 연결 실패 - 포트: COM4, 오류: Cannot configure port, something went wrong. Original message: OSError(22, '잘못된 기능입니다.', None, 1)
[2025-09-30 15:05:23] 프린터 연결 실패 - 포트: COM1, 오류: Cannot configure port, something went wrong. Original message: OSError(22, '잘못된 기능입니다.', None, 1)
[2025-09-30 15:05:23] 너트1 연결 실패 - 포트: COM4, 오류: Cannot configure port, something went wrong. Original message: OSError(22, '잘못된 기능입니다.', None, 1)
[2025-09-30 15:10:17] 스캐너 연결 실패 - 포트: COM4, 오류: Cannot configure port, something went wrong. Original message: OSError(22, '잘못된 기능입니다.', None, 1)
[2025-09-30 15:10:17] 프린터 연결 실패 - 포트: COM1, 오류: Cannot configure port, something went wrong. Original message: OSError(22, '잘못된 기능입니다.', None, 1)
[2025-09-30 15:10:17] 너트1 연결 실패 - 포트: COM4, 오류: Cannot configure port, something went wrong. Original message: OSError(22, '잘못된 기능입니다.', None, 1)
[2025-09-30 15:14:38] 스캐너 연결 실패 - 포트: COM4, 오류: Cannot configure port, something went wrong. Original message: OSError(22, '잘못된 기능입니다.', None, 1)
[2025-09-30 15:14:38] 프린터 연결 실패 - 포트: COM1, 오류: Cannot configure port, something went wrong. Original message: OSError(22, '잘못된 기능입니다.', None, 1)
[2025-09-30 15:14:38] 너트1 연결 실패 - 포트: COM4, 오류: Cannot configure port, something went wrong. Original message: OSError(22, '잘못된 기능입니다.', None, 1)
[2025-09-30 15:16:39] 스캐너 연결 실패 - 포트: COM4, 오류: Cannot configure port, something went wrong. Original message: OSError(22, '잘못된 기능입니다.', None, 1)
[2025-09-30 15:16:39] 프린터 연결 실패 - 포트: COM1, 오류: Cannot configure port, something went wrong. Original message: OSError(22, '잘못된 기능입니다.', None, 1)
[2025-09-30 15:16:39] 너트1 연결 실패 - 포트: COM4, 오류: Cannot configure port, something went wrong. Original message: OSError(22, '잘못된 기능입니다.', None, 1)
[2025-09-30 15:26:07] 스캐너 연결 실패 - 포트: COM4, 오류: Cannot configure port, something went wrong. Original message: OSError(22, '잘못된 기능입니다.', None, 1)
[2025-09-30 15:26:07] 프린터 연결 실패 - 포트: COM1, 오류: Cannot configure port, something went wrong. Original message: OSError(22, '잘못된 기능입니다.', None, 1)
[2025-09-30 15:26:07] 너트1 연결 실패 - 포트: COM4, 오류: Cannot configure port, something went wrong. Original message: OSError(22, '잘못된 기능입니다.', None, 1)
[2025-09-30 15:29:14] 스캐너 연결 실패 - 포트: COM4, 오류: Cannot configure port, something went wrong. Original message: OSError(22, '잘못된 기능입니다.', None, 1)
[2025-09-30 15:29:14] 프린터 연결 실패 - 포트: COM1, 오류: Cannot configure port, something went wrong. Original message: OSError(22, '잘못된 기능입니다.', None, 1)
[2025-09-30 15:29:14] 너트1 연결 실패 - 포트: COM4, 오류: Cannot configure port, something went wrong. Original message: OSError(22, '잘못된 기능입니다.', None, 1)
[2025-09-30 15:30:20] 스캐너 연결 실패 - 포트: COM4, 오류: Cannot configure port, something went wrong. Original message: OSError(22, '잘못된 기능입니다.', None, 1)
[2025-09-30 15:30:20] 프린터 연결 실패 - 포트: COM1, 오류: Cannot configure port, something went wrong. Original message: OSError(22, '잘못된 기능입니다.', None, 1)
[2025-09-30 15:30:20] 너트1 연결 실패 - 포트: COM4, 오류: Cannot configure port, something went wrong. Original message: OSError(22, '잘못된 기능입니다.', None, 1)
[2025-09-30 15:33:23] 스캐너 연결 실패 - 포트: COM4, 오류: Cannot configure port, something went wrong. Original message: OSError(22, '잘못된 기능입니다.', None, 1)
[2025-09-30 15:33:23] 프린터 연결 실패 - 포트: COM1, 오류: Cannot configure port, something went wrong. Original message: OSError(22, '잘못된 기능입니다.', None, 1)
[2025-09-30 15:33:23] 너트1 연결 실패 - 포트: COM4, 오류: Cannot configure port, something went wrong. Original message: OSError(22, '잘못된 기능입니다.', None, 1)
[2025-09-30 15:36:37] 스캐너 연결 실패 - 포트: COM4, 오류: Cannot configure port, something went wrong. Original message: OSError(22, '잘못된 기능입니다.', None, 1)
[2025-09-30 15:36:37] 프린터 연결 실패 - 포트: COM1, 오류: Cannot configure port, something went wrong. Original message: OSError(22, '잘못된 기능입니다.', None, 1)
[2025-09-30 15:36:37] 너트1 연결 실패 - 포트: COM4, 오류: Cannot configure port, something went wrong. Original message: OSError(22, '잘못된 기능입니다.', None, 1)
[2025-09-30 15:39:27] 스캐너 연결 실패 - 포트: COM4, 오류: Cannot configure port, something went wrong. Original message: OSError(22, '잘못된 기능입니다.', None, 1)
[2025-09-30 15:39:27] 프린터 연결 실패 - 포트: COM1, 오류: Cannot configure port, something went wrong. Original message: OSError(22, '잘못된 기능입니다.', None, 1)
[2025-09-30 15:39:27] 너트1 연결 실패 - 포트: COM4, 오류: Cannot configure port, something went wrong. Original message: OSError(22, '잘못된 기능입니다.', None, 1)
[2025-09-30 15:40:52] 스캐너 연결 실패 - 포트: COM4, 오류: Cannot configure port, something went wrong. Original message: OSError(22, '잘못된 기능입니다.', None, 1)
[2025-09-30 15:40:52] 프린터 연결 실패 - 포트: COM1, 오류: Cannot configure port, something went wrong. Original message: OSError(22, '잘못된 기능입니다.', None, 1)
[2025-09-30 15:40:52] 너트1 연결 실패 - 포트: COM4, 오류: Cannot configure port, something went wrong. Original message: OSError(22, '잘못된 기능입니다.', None, 1)
[2025-09-30 15:51:29] 스캐너 연결 실패 - 포트: COM4, 오류: Cannot configure port, something went wrong. Original message: OSError(22, '잘못된 기능입니다.', None, 1)
[2025-09-30 15:51:29] 프린터 연결 실패 - 포트: COM1, 오류: Cannot configure port, something went wrong. Original message: OSError(22, '잘못된 기능입니다.', None, 1)
[2025-09-30 15:51:29] 너트1 연결 실패 - 포트: COM4, 오류: Cannot configure port, something went wrong. Original message: OSError(22, '잘못된 기능입니다.', None, 1)
[2025-09-30 15:54:34] 스캐너 연결 실패 - 포트: COM4, 오류: Cannot configure port, something went wrong. Original message: OSError(22, '잘못된 기능입니다.', None, 1)
[2025-09-30 15:54:34] 프린터 연결 실패 - 포트: COM1, 오류: Cannot configure port, something went wrong. Original message: OSError(22, '잘못된 기능입니다.', None, 1)
[2025-09-30 15:54:34] 너트1 연결 실패 - 포트: COM4, 오류: Cannot configure port, something went wrong. Original message: OSError(22, '잘못된 기능입니다.', None, 1)
[2025-09-30 15:55:40] 스캐너 연결 실패 - 포트: COM4, 오류: Cannot configure port, something went wrong. Original message: OSError(22, '잘못된 기능입니다.', None, 1)
[2025-09-30 15:55:40] 프린터 연결 실패 - 포트: COM1, 오류: Cannot configure port, something went wrong. Original message: OSError(22, '잘못된 기능입니다.', None, 1)
[2025-09-30 15:55:40] 너트1 연결 실패 - 포트: COM4, 오류: Cannot configure port, something went wrong. Original message: OSError(22, '잘못된 기능입니다.', None, 1)
[2025-09-30 15:59:22] 스캐너 연결 실패 - 포트: COM4, 오류: Cannot configure port, something went wrong. Original message: OSError(22, '잘못된 기능입니다.', None, 1)
[2025-09-30 15:59:22] 프린터 연결 실패 - 포트: COM1, 오류: Cannot configure port, something went wrong. Original message: OSError(22, '잘못된 기능입니다.', None, 1)
[2025-09-30 15:59:22] 너트1 연결 실패 - 포트: COM4, 오류: Cannot configure port, something went wrong. Original message: OSError(22, '잘못된 기능입니다.', None, 1)
[2025-09-30 16:03:24] 스캐너 연결 실패 - 포트: COM4, 오류: Cannot configure port, something went wrong. Original message: OSError(22, '잘못된 기능입니다.', None, 1)
[2025-09-30 16:03:24] 프린터 연결 실패 - 포트: COM1, 오류: Cannot configure port, something went wrong. Original message: OSError(22, '잘못된 기능입니다.', None, 1)
[2025-09-30 16:03:24] 너트1 연결 실패 - 포트: COM4, 오류: Cannot configure port, something went wrong. Original message: OSError(22, '잘못된 기능입니다.', None, 1)
[2025-09-30 16:04:24] 스캐너 연결 실패 - 포트: COM4, 오류: Cannot configure port, something went wrong. Original message: OSError(22, '잘못된 기능입니다.', None, 1)
[2025-09-30 16:04:24] 프린터 연결 실패 - 포트: COM1, 오류: Cannot configure port, something went wrong. Original message: OSError(22, '잘못된 기능입니다.', None, 1)
[2025-09-30 16:04:24] 너트1 연결 실패 - 포트: COM4, 오류: Cannot configure port, something went wrong. Original message: OSError(22, '잘못된 기능입니다.', None, 1)
[2025-09-30 16:06:34] 스캐너 연결 실패 - 포트: COM4, 오류: Cannot configure port, something went wrong. Original message: OSError(22, '잘못된 기능입니다.', None, 1)
[2025-09-30 16:06:34] 프린터 연결 실패 - 포트: COM1, 오류: Cannot configure port, something went wrong. Original message: OSError(22, '잘못된 기능입니다.', None, 1)
[2025-09-30 16:06:34] 너트1 연결 실패 - 포트: COM4, 오류: Cannot configure port, something went wrong. Original message: OSError(22, '잘못된 기능입니다.', None, 1)
[2025-09-30 16:08:37] 스캐너 연결 실패 - 포트: COM4, 오류: Cannot configure port, something went wrong. Original message: OSError(22, '잘못된 기능입니다.', None, 1)
[2025-09-30 16:08:37] 프린터 연결 실패 - 포트: COM1, 오류: Cannot configure port, something went wrong. Original message: OSError(22, '잘못된 기능입니다.', None, 1)
[2025-09-30 16:08:37] 너트1 연결 실패 - 포트: COM4, 오류: Cannot configure port, something went wrong. Original message: OSError(22, '잘못된 기능입니다.', None, 1)
[2025-09-30 16:12:41] 스캐너 연결 실패 - 포트: COM4, 오류: Cannot configure port, something went wrong. Original message: OSError(22, '잘못된 기능입니다.', None, 1)
[2025-09-30 16:12:41] 프린터 연결 실패 - 포트: COM1, 오류: Cannot configure port, something went wrong. Original message: OSError(22, '잘못된 기능입니다.', None, 1)
[2025-09-30 16:12:41] 너트1 연결 실패 - 포트: COM4, 오류: Cannot configure port, something went wrong. Original message: OSError(22, '잘못된 기능입니다.', None, 1)
[2025-09-30 16:21:24] 스캐너 연결 실패 - 포트: COM4, 오류: Cannot configure port, something went wrong. Original message: OSError(22, '잘못된 기능입니다.', None, 1)
[2025-09-30 16:21:24] 프린터 연결 실패 - 포트: COM1, 오류: Cannot configure port, something went wrong. Original message: OSError(22, '잘못된 기능입니다.', None, 1)
[2025-09-30 16:21:24] 너트1 연결 실패 - 포트: COM4, 오류: Cannot configure port, something went wrong. Original message: OSError(22, '잘못된 기능입니다.', None, 1)
[2025-10-02 07:27:43] 스캐너 연결 실패 - 포트: COM4, 오류: Cannot configure port, something went wrong. Original message: OSError(22, '잘못된 기능입니다.', None, 1)
[2025-10-02 07:27:43] 프린터 연결 실패 - 포트: COM1, 오류: Cannot configure port, something went wrong. Original message: OSError(22, '잘못된 기능입니다.', None, 1)
[2025-10-02 07:27:43] 너트1 연결 실패 - 포트: COM4, 오류: Cannot configure port, something went wrong. Original message: OSError(22, '잘못된 기능입니다.', None, 1)
[2025-10-02 07:28:52] 스캐너 연결 실패 - 포트: COM4, 오류: Cannot configure port, something went wrong. Original message: OSError(22, '잘못된 기능입니다.', None, 1)
[2025-10-02 07:28:52] 프린터 연결 실패 - 포트: COM1, 오류: Cannot configure port, something went wrong. Original message: OSError(22, '잘못된 기능입니다.', None, 1)
[2025-10-02 07:28:52] 너트1 연결 실패 - 포트: COM4, 오류: Cannot configure port, something went wrong. Original message: OSError(22, '잘못된 기능입니다.', None, 1)
[2025-10-02 07:46:10] 스캐너 연결 실패 - 포트: COM4, 오류: Cannot configure port, something went wrong. Original message: OSError(22, '잘못된 기능입니다.', None, 1)
[2025-10-02 07:46:10] 프린터 연결 실패 - 포트: COM1, 오류: Cannot configure port, something went wrong. Original message: OSError(22, '잘못된 기능입니다.', None, 1)
[2025-10-02 07:46:10] 너트1 연결 실패 - 포트: COM4, 오류: Cannot configure port, something went wrong. Original message: OSError(22, '잘못된 기능입니다.', None, 1)
[2025-10-02 07:51:40] 스캐너 연결 실패 - 포트: COM4, 오류: Cannot configure port, something went wrong. Original message: OSError(22, '잘못된 기능입니다.', None, 1)
[2025-10-02 07:51:40] 프린터 연결 실패 - 포트: COM1, 오류: Cannot configure port, something went wrong. Original message: OSError(22, '잘못된 기능입니다.', None, 1)
[2025-10-02 07:51:40] 너트1 연결 실패 - 포트: COM4, 오류: Cannot configure port, something went wrong. Original message: OSError(22, '잘못된 기능입니다.', None, 1)
[2025-10-02 07:53:28] 스캐너 연결 실패 - 포트: COM4, 오류: Cannot configure port, something went wrong. Original message: OSError(22, '잘못된 기능입니다.', None, 1)
[2025-10-02 07:53:28] 프린터 연결 실패 - 포트: COM1, 오류: Cannot configure port, something went wrong. Original message: OSError(22, '잘못된 기능입니다.', None, 1)
[2025-10-02 07:53:28] 너트1 연결 실패 - 포트: COM4, 오류: Cannot configure port, something went wrong. Original message: OSError(22, '잘못된 기능입니다.', None, 1)
[2025-10-02 07:58:33] 스캐너 연결 실패 - 포트: COM4, 오류: Cannot configure port, something went wrong. Original message: OSError(22, '잘못된 기능입니다.', None, 1)
[2025-10-02 07:58:33] 프린터 연결 실패 - 포트: COM1, 오류: Cannot configure port, something went wrong. Original message: OSError(22, '잘못된 기능입니다.', None, 1)
[2025-10-02 07:58:33] 너트1 연결 실패 - 포트: COM4, 오류: Cannot configure port, something went wrong. Original message: OSError(22, '잘못된 기능입니다.', None, 1)
[2025-10-02 08:12:11] 스캐너 연결 실패 - 포트: COM4, 오류: Cannot configure port, something went wrong. Original message: OSError(22, '잘못된 기능입니다.', None, 1)
[2025-10-02 08:12:11] 프린터 연결 실패 - 포트: COM1, 오류: Cannot configure port, something went wrong. Original message: OSError(22, '잘못된 기능입니다.', None, 1)
[2025-10-02 08:12:11] 너트1 연결 실패 - 포트: COM4, 오류: Cannot configure port, something went wrong. Original message: OSError(22, '잘못된 기능입니다.', None, 1)
[2025-10-02 08:13:32] 스캐너 연결 실패 - 포트: COM4, 오류: Cannot configure port, something went wrong. Original message: OSError(22, '잘못된 기능입니다.', None, 1)
[2025-10-02 08:13:32] 프린터 연결 실패 - 포트: COM1, 오류: Cannot configure port, something went wrong. Original message: OSError(22, '잘못된 기능입니다.', None, 1)
[2025-10-02 08:13:32] 너트1 연결 실패 - 포트: COM4, 오류: Cannot configure port, something went wrong. Original message: OSError(22, '잘못된 기능입니다.', None, 1)
[2025-10-02 08:15:13] 스캐너 연결 실패 - 포트: COM4, 오류: Cannot configure port, something went wrong. Original message: OSError(22, '잘못된 기능입니다.', None, 1)
[2025-10-02 08:15:13] 프린터 연결 실패 - 포트: COM1, 오류: Cannot configure port, something went wrong. Original message: OSError(22, '잘못된 기능입니다.', None, 1)
[2025-10-02 08:15:13] 너트1 연결 실패 - 포트: COM4, 오류: Cannot configure port, something went wrong. Original message: OSError(22, '잘못된 기능입니다.', None, 1)
[2025-10-02 08:22:11] 스캐너 연결 실패 - 포트: COM4, 오류: Cannot configure port, something went wrong. Original message: OSError(22, '잘못된 기능입니다.', None, 1)
[2025-10-02 08:22:11] 프린터 연결 실패 - 포트: COM1, 오류: Cannot configure port, something went wrong. Original message: OSError(22, '잘못된 기능입니다.', None, 1)
[2025-10-02 08:22:11] 너트1 연결 실패 - 포트: COM4, 오류: Cannot configure port, something went wrong. Original message: OSError(22, '잘못된 기능입니다.', None, 1)
[2025-10-02 08:30:21] 스캐너 연결 실패 - 포트: COM4, 오류: Cannot configure port, something went wrong. Original message: OSError(22, '잘못된 기능입니다.', None, 1)
[2025-10-02 08:30:21] 프린터 연결 실패 - 포트: COM1, 오류: Cannot configure port, something went wrong. Original message: OSError(22, '잘못된 기능입니다.', None, 1)
[2025-10-02 08:30:21] 너트1 연결 실패 - 포트: COM4, 오류: Cannot configure port, something went wrong. Original message: OSError(22, '잘못된 기능입니다.', None, 1)
[2025-10-02 08:33:17] 스캐너 연결 실패 - 포트: COM4, 오류: Cannot configure port, something went wrong. Original message: OSError(22, '잘못된 기능입니다.', None, 1)
[2025-10-02 08:33:17] 프린터 연결 실패 - 포트: COM1, 오류: Cannot configure port, something went wrong. Original message: OSError(22, '잘못된 기능입니다.', None, 1)
[2025-10-02 08:33:17] 너트1 연결 실패 - 포트: COM4, 오류: Cannot configure port, something went wrong. Original message: OSError(22, '잘못된 기능입니다.', None, 1)
[2025-10-02 08:34:58] 프린터 연결 실패 - 포트: COM1, 오류: Cannot configure port, something went wrong. Original message: OSError(22, '잘못된 기능입니다.', None, 1)
[2025-10-02 08:34:58] 너트1 연결 실패 - 포트: COM4, 오류: Cannot configure port, something went wrong. Original message: OSError(22, '잘못된 기능입니다.', None, 1)
[2025-10-02 08:34:58] 너트2 연결 실패 - 포트: COM5, 오류: could not open port 'COM5': PermissionError(13, '액세스가 거부되었습니다.', None, 5)
[2025-10-02 08:35:43] 프린터 연결 실패 - 포트: COM1, 오류: Cannot configure port, something went wrong. Original message: OSError(22, '잘못된 기능입니다.', None, 1)
[2025-10-02 08:35:43] 너트1 연결 실패 - 포트: COM4, 오류: Cannot configure port, something went wrong. Original message: OSError(22, '잘못된 기능입니다.', None, 1)
[2025-10-02 08:35:43] 너트2 연결 실패 - 포트: COM5, 오류: could not open port 'COM5': PermissionError(13, '액세스가 거부되었습니다.', None, 5)
[2025-10-02 08:37:51] 프린터 연결 실패 - 포트: COM1, 오류: Cannot configure port, something went wrong. Original message: OSError(22, '잘못된 기능입니다.', None, 1)
[2025-10-02 08:37:51] 너트1 연결 실패 - 포트: COM4, 오류: Cannot configure port, something went wrong. Original message: OSError(22, '잘못된 기능입니다.', None, 1)
[2025-10-02 08:37:51] 너트2 연결 실패 - 포트: COM5, 오류: could not open port 'COM5': PermissionError(13, '액세스가 거부되었습니다.', None, 5)
[2025-10-02 08:40:46] 프린터 연결 실패 - 포트: COM1, 오류: Cannot configure port, something went wrong. Original message: OSError(22, '잘못된 기능입니다.', None, 1)
[2025-10-02 08:40:46] 너트1 연결 실패 - 포트: COM4, 오류: Cannot configure port, something went wrong. Original message: OSError(22, '잘못된 기능입니다.', None, 1)
[2025-10-02 08:40:46] 너트2 연결 실패 - 포트: COM5, 오류: could not open port 'COM5': PermissionError(13, '액세스가 거부되었습니다.', None, 5)
[2025-10-02 08:42:14] 프린터 연결 실패 - 포트: COM1, 오류: Cannot configure port, something went wrong. Original message: OSError(22, '잘못된 기능입니다.', None, 1)
[2025-10-02 08:42:14] 너트1 연결 실패 - 포트: COM4, 오류: Cannot configure port, something went wrong. Original message: OSError(22, '잘못된 기능입니다.', None, 1)
[2025-10-02 08:42:14] 너트2 연결 실패 - 포트: COM5, 오류: could not open port 'COM5': PermissionError(13, '액세스가 거부되었습니다.', None, 5)
[2025-10-02 08:44:40] 프린터 연결 실패 - 포트: COM1, 오류: Cannot configure port, something went wrong. Original message: OSError(22, '잘못된 기능입니다.', None, 1)
[2025-10-02 08:44:40] 너트1 연결 실패 - 포트: COM4, 오류: Cannot configure port, something went wrong. Original message: OSError(22, '잘못된 기능입니다.', None, 1)
[2025-10-02 08:44:40] 너트2 연결 실패 - 포트: COM5, 오류: could not open port 'COM5': PermissionError(13, '액세스가 거부되었습니다.', None, 5)
[2025-10-02 08:47:58] 프린터 연결 실패 - 포트: COM1, 오류: Cannot configure port, something went wrong. Original message: OSError(22, '잘못된 기능입니다.', None, 1)
[2025-10-02 08:47:58] 너트1 연결 실패 - 포트: COM4, 오류: Cannot configure port, something went wrong. Original message: OSError(22, '잘못된 기능입니다.', None, 1)
[2025-10-02 08:47:58] 너트2 연결 실패 - 포트: COM5, 오류: could not open port 'COM5': PermissionError(13, '액세스가 거부되었습니다.', None, 5)
[2025-10-02 08:50:17] 프린터 연결 실패 - 포트: COM1, 오류: Cannot configure port, something went wrong. Original message: OSError(22, '잘못된 기능입니다.', None, 1)
[2025-10-02 08:50:17] 너트1 연결 실패 - 포트: COM4, 오류: Cannot configure port, something went wrong. Original message: OSError(22, '잘못된 기능입니다.', None, 1)
[2025-10-02 08:50:17] 너트2 연결 실패 - 포트: COM5, 오류: could not open port 'COM5': PermissionError(13, '액세스가 거부되었습니다.', None, 5)
[2025-10-02 08:50:31] 프린터 연결 실패 - 포트: COM1, 오류: Cannot configure port, something went wrong. Original message: OSError(22, '잘못된 기능입니다.', None, 1)
[2025-10-02 08:50:31] 너트1 연결 실패 - 포트: COM4, 오류: Cannot configure port, something went wrong. Original message: OSError(22, '잘못된 기능입니다.', None, 1)
[2025-10-02 08:50:31] 너트2 연결 실패 - 포트: COM5, 오류: could not open port 'COM5': PermissionError(13, '액세스가 거부되었습니다.', None, 5)
[2025-10-02 08:53:28] 프린터 연결 실패 - 포트: COM1, 오류: Cannot configure port, something went wrong. Original message: OSError(22, '잘못된 기능입니다.', None, 1)
[2025-10-02 08:53:28] 너트1 연결 실패 - 포트: COM4, 오류: Cannot configure port, something went wrong. Original message: OSError(22, '잘못된 기능입니다.', None, 1)
[2025-10-02 08:53:28] 너트2 연결 실패 - 포트: COM5, 오류: could not open port 'COM5': PermissionError(13, '액세스가 거부되었습니다.', None, 5)
[2025-10-02 08:56:17] 프린터 연결 실패 - 포트: COM1, 오류: Cannot configure port, something went wrong. Original message: OSError(22, '잘못된 기능입니다.', None, 1)
[2025-10-02 08:56:17] 너트1 연결 실패 - 포트: COM4, 오류: Cannot configure port, something went wrong. Original message: OSError(22, '잘못된 기능입니다.', None, 1)
[2025-10-02 08:56:17] 너트2 연결 실패 - 포트: COM5, 오류: could not open port 'COM5': PermissionError(13, '액세스가 거부되었습니다.', None, 5)
[2025-10-02 08:58:54] 프린터 연결 실패 - 포트: COM1, 오류: Cannot configure port, something went wrong. Original message: OSError(22, '잘못된 기능입니다.', None, 1)
[2025-10-02 08:58:54] 너트1 연결 실패 - 포트: COM4, 오류: Cannot configure port, something went wrong. Original message: OSError(22, '잘못된 기능입니다.', None, 1)
[2025-10-02 08:58:54] 너트2 연결 실패 - 포트: COM5, 오류: could not open port 'COM5': PermissionError(13, '액세스가 거부되었습니다.', None, 5)
[2025-10-02 09:00:01] 프린터 연결 실패 - 포트: COM1, 오류: Cannot configure port, something went wrong. Original message: OSError(22, '잘못된 기능입니다.', None, 1)
[2025-10-02 09:00:01] 너트1 연결 실패 - 포트: COM4, 오류: Cannot configure port, something went wrong. Original message: OSError(22, '잘못된 기능입니다.', None, 1)
[2025-10-02 09:00:01] 너트2 연결 실패 - 포트: COM5, 오류: could not open port 'COM5': PermissionError(13, '액세스가 거부되었습니다.', None, 5)
[2025-10-02 09:07:46] 프린터 연결 실패 - 포트: COM1, 오류: Cannot configure port, something went wrong. Original message: OSError(22, '잘못된 기능입니다.', None, 1)
[2025-10-02 09:07:46] 너트1 연결 실패 - 포트: COM4, 오류: Cannot configure port, something went wrong. Original message: OSError(22, '잘못된 기능입니다.', None, 1)
[2025-10-02 09:07:46] 너트2 연결 실패 - 포트: COM5, 오류: could not open port 'COM5': PermissionError(13, '액세스가 거부되었습니다.', None, 5)
[2025-10-02 09:11:32] 프린터 연결 실패 - 포트: COM1, 오류: Cannot configure port, something went wrong. Original message: OSError(22, '잘못된 기능입니다.', None, 1)
[2025-10-02 09:11:32] 너트1 연결 실패 - 포트: COM4, 오류: Cannot configure port, something went wrong. Original message: OSError(22, '잘못된 기능입니다.', None, 1)
[2025-10-02 09:11:32] 너트2 연결 실패 - 포트: COM5, 오류: could not open port 'COM5': PermissionError(13, '액세스가 거부되었습니다.', None, 5)
[2025-10-02 09:14:07] 프린터 연결 실패 - 포트: COM1, 오류: Cannot configure port, something went wrong. Original message: OSError(22, '잘못된 기능입니다.', None, 1)
[2025-10-02 09:14:07] 너트1 연결 실패 - 포트: COM4, 오류: Cannot configure port, something went wrong. Original message: OSError(22, '잘못된 기능입니다.', None, 1)
[2025-10-02 09:14:07] 너트2 연결 실패 - 포트: COM5, 오류: could not open port 'COM5': PermissionError(13, '액세스가 거부되었습니다.', None, 5)
[2025-10-02 09:15:48] 프린터 연결 실패 - 포트: COM1, 오류: Cannot configure port, something went wrong. Original message: OSError(22, '잘못된 기능입니다.', None, 1)
[2025-10-02 09:15:48] 너트1 연결 실패 - 포트: COM4, 오류: Cannot configure port, something went wrong. Original message: OSError(22, '잘못된 기능입니다.', None, 1)
[2025-10-02 09:15:48] 너트2 연결 실패 - 포트: COM5, 오류: could not open port 'COM5': PermissionError(13, '액세스가 거부되었습니다.', None, 5)
[2025-10-02 09:16:26] 프린터 연결 실패 - 포트: COM1, 오류: Cannot configure port, something went wrong. Original message: OSError(22, '잘못된 기능입니다.', None, 1)
[2025-10-02 09:16:26] 너트1 연결 실패 - 포트: COM4, 오류: Cannot configure port, something went wrong. Original message: OSError(22, '잘못된 기능입니다.', None, 1)
[2025-10-02 09:16:26] 너트2 연결 실패 - 포트: COM5, 오류: could not open port 'COM5': PermissionError(13, '액세스가 거부되었습니다.', None, 5)
[2025-10-02 09:18:41] 프린터 연결 실패 - 포트: COM1, 오류: Cannot configure port, something went wrong. Original message: OSError(22, '잘못된 기능입니다.', None, 1)
[2025-10-02 09:18:41] 너트1 연결 실패 - 포트: COM4, 오류: Cannot configure port, something went wrong. Original message: OSError(22, '잘못된 기능입니다.', None, 1)
[2025-10-02 09:18:41] 너트2 연결 실패 - 포트: COM5, 오류: could not open port 'COM5': PermissionError(13, '액세스가 거부되었습니다.', None, 5)
[2025-10-02 09:19:58] 프린터 연결 실패 - 포트: COM1, 오류: Cannot configure port, something went wrong. Original message: OSError(22, '잘못된 기능입니다.', None, 1)
[2025-10-02 09:19:58] 너트1 연결 실패 - 포트: COM4, 오류: Cannot configure port, something went wrong. Original message: OSError(22, '잘못된 기능입니다.', None, 1)
[2025-10-02 09:19:58] 너트2 연결 실패 - 포트: COM5, 오류: could not open port 'COM5': PermissionError(13, '액세스가 거부되었습니다.', None, 5)
[2025-10-02 09:36:59] 프린터 연결 실패 - 포트: COM1, 오류: Cannot configure port, something went wrong. Original message: OSError(22, '잘못된 기능입니다.', None, 1)
[2025-10-02 09:36:59] 너트1 연결 실패 - 포트: COM4, 오류: Cannot configure port, something went wrong. Original message: OSError(22, '잘못된 기능입니다.', None, 1)
[2025-10-02 09:36:59] 너트2 연결 실패 - 포트: COM5, 오류: could not open port 'COM5': PermissionError(13, '액세스가 거부되었습니다.', None, 5)
[2025-10-02 09:39:34] 프린터 연결 실패 - 포트: COM1, 오류: Cannot configure port, something went wrong. Original message: OSError(22, '잘못된 기능입니다.', None, 1)
[2025-10-02 09:39:34] 너트1 연결 실패 - 포트: COM4, 오류: Cannot configure port, something went wrong. Original message: OSError(22, '잘못된 기능입니다.', None, 1)
[2025-10-02 09:39:34] 너트2 연결 실패 - 포트: COM5, 오류: could not open port 'COM5': PermissionError(13, '액세스가 거부되었습니다.', None, 5)
[2025-10-02 09:39:59] 프린터 연결 실패 - 포트: COM1, 오류: Cannot configure port, something went wrong. Original message: OSError(22, '잘못된 기능입니다.', None, 1)
[2025-10-02 09:39:59] 너트1 연결 실패 - 포트: COM4, 오류: Cannot configure port, something went wrong. Original message: OSError(22, '잘못된 기능입니다.', None, 1)
[2025-10-02 09:39:59] 너트2 연결 실패 - 포트: COM5, 오류: could not open port 'COM5': PermissionError(13, '액세스가 거부되었습니다.', None, 5)
[2025-10-02 09:42:12] 프린터 연결 실패 - 포트: COM1, 오류: Cannot configure port, something went wrong. Original message: OSError(22, '잘못된 기능입니다.', None, 1)
[2025-10-02 09:42:12] 너트1 연결 실패 - 포트: COM4, 오류: Cannot configure port, something went wrong. Original message: OSError(22, '잘못된 기능입니다.', None, 1)
[2025-10-02 09:42:12] 너트2 연결 실패 - 포트: COM5, 오류: could not open port 'COM5': PermissionError(13, '액세스가 거부되었습니다.', None, 5)
[2025-10-02 09:43:41] 프린터 연결 실패 - 포트: COM1, 오류: Cannot configure port, something went wrong. Original message: OSError(22, '잘못된 기능입니다.', None, 1)
[2025-10-02 09:43:41] 너트1 연결 실패 - 포트: COM4, 오류: Cannot configure port, something went wrong. Original message: OSError(22, '잘못된 기능입니다.', None, 1)
[2025-10-02 09:43:41] 너트2 연결 실패 - 포트: COM5, 오류: could not open port 'COM5': PermissionError(13, '액세스가 거부되었습니다.', None, 5)
[2025-10-02 09:44:07] 프린터 연결 실패 - 포트: COM1, 오류: Cannot configure port, something went wrong. Original message: OSError(22, '잘못된 기능입니다.', None, 1)
[2025-10-02 09:44:07] 너트1 연결 실패 - 포트: COM4, 오류: Cannot configure port, something went wrong. Original message: OSError(22, '잘못된 기능입니다.', None, 1)
[2025-10-02 09:44:07] 너트2 연결 실패 - 포트: COM5, 오류: could not open port 'COM5': PermissionError(13, '액세스가 거부되었습니다.', None, 5)
[2025-10-02 09:44:33] 프린터 연결 실패 - 포트: COM1, 오류: Cannot configure port, something went wrong. Original message: OSError(22, '잘못된 기능입니다.', None, 1)
[2025-10-02 09:44:33] 너트1 연결 실패 - 포트: COM4, 오류: Cannot configure port, something went wrong. Original message: OSError(22, '잘못된 기능입니다.', None, 1)
[2025-10-02 09:44:33] 너트2 연결 실패 - 포트: COM5, 오류: could not open port 'COM5': PermissionError(13, '액세스가 거부되었습니다.', None, 5)
[2025-10-02 09:45:53] 프린터 연결 실패 - 포트: COM1, 오류: Cannot configure port, something went wrong. Original message: OSError(22, '잘못된 기능입니다.', None, 1)
[2025-10-02 09:45:53] 너트1 연결 실패 - 포트: COM4, 오류: Cannot configure port, something went wrong. Original message: OSError(22, '잘못된 기능입니다.', None, 1)
[2025-10-02 09:45:53] 너트2 연결 실패 - 포트: COM5, 오류: could not open port 'COM5': PermissionError(13, '액세스가 거부되었습니다.', None, 5)
[2025-10-02 09:47:56] 프린터 연결 실패 - 포트: COM1, 오류: Cannot configure port, something went wrong. Original message: OSError(22, '잘못된 기능입니다.', None, 1)
[2025-10-02 09:47:56] 너트1 연결 실패 - 포트: COM4, 오류: Cannot configure port, something went wrong. Original message: OSError(22, '잘못된 기능입니다.', None, 1)
[2025-10-02 09:47:56] 너트2 연결 실패 - 포트: COM5, 오류: could not open port 'COM5': PermissionError(13, '액세스가 거부되었습니다.', None, 5)
[2025-10-02 09:49:42] 프린터 연결 실패 - 포트: COM1, 오류: Cannot configure port, something went wrong. Original message: OSError(22, '잘못된 기능입니다.', None, 1)
[2025-10-02 09:49:42] 너트1 연결 실패 - 포트: COM4, 오류: Cannot configure port, something went wrong. Original message: OSError(22, '잘못된 기능입니다.', None, 1)
[2025-10-02 09:49:42] 너트2 연결 실패 - 포트: COM5, 오류: could not open port 'COM5': PermissionError(13, '액세스가 거부되었습니다.', None, 5)
[2025-10-02 09:53:26] 프린터 연결 실패 - 포트: COM1, 오류: Cannot configure port, something went wrong. Original message: OSError(22, '잘못된 기능입니다.', None, 1)
[2025-10-02 09:53:26] 너트1 연결 실패 - 포트: COM4, 오류: Cannot configure port, something went wrong. Original message: OSError(22, '잘못된 기능입니다.', None, 1)
[2025-10-02 09:53:26] 너트2 연결 실패 - 포트: COM5, 오류: could not open port 'COM5': PermissionError(13, '액세스가 거부되었습니다.', None, 5)
[2025-10-02 09:56:22] 프린터 연결 실패 - 포트: COM1, 오류: Cannot configure port, something went wrong. Original message: OSError(22, '잘못된 기능입니다.', None, 1)
[2025-10-02 09:56:22] 너트1 연결 실패 - 포트: COM4, 오류: Cannot configure port, something went wrong. Original message: OSError(22, '잘못된 기능입니다.', None, 1)
[2025-10-02 09:56:22] 너트2 연결 실패 - 포트: COM5, 오류: could not open port 'COM5': PermissionError(13, '액세스가 거부되었습니다.', None, 5)
[2025-10-02 09:59:36] 프린터 연결 실패 - 포트: COM1, 오류: Cannot configure port, something went wrong. Original message: OSError(22, '잘못된 기능입니다.', None, 1)
[2025-10-02 09:59:36] 너트1 연결 실패 - 포트: COM4, 오류: Cannot configure port, something went wrong. Original message: OSError(22, '잘못된 기능입니다.', None, 1)
[2025-10-02 09:59:36] 너트2 연결 실패 - 포트: COM5, 오류: could not open port 'COM5': PermissionError(13, '액세스가 거부되었습니다.', None, 5)
[2025-10-02 10:03:24] 프린터 연결 실패 - 포트: COM1, 오류: Cannot configure port, something went wrong. Original message: OSError(22, '잘못된 기능입니다.', None, 1)
[2025-10-02 10:03:24] 너트1 연결 실패 - 포트: COM4, 오류: Cannot configure port, something went wrong. Original message: OSError(22, '잘못된 기능입니다.', None, 1)
[2025-10-02 10:03:24] 너트2 연결 실패 - 포트: COM5, 오류: could not open port 'COM5': PermissionError(13, '액세스가 거부되었습니다.', None, 5)
[2025-10-02 10:04:44] 프린터 연결 실패 - 포트: COM1, 오류: Cannot configure port, something went wrong. Original message: OSError(22, '잘못된 기능입니다.', None, 1)
[2025-10-02 10:04:44] 너트1 연결 실패 - 포트: COM4, 오류: Cannot configure port, something went wrong. Original message: OSError(22, '잘못된 기능입니다.', None, 1)
[2025-10-02 10:04:44] 너트2 연결 실패 - 포트: COM5, 오류: could not open port 'COM5': PermissionError(13, '액세스가 거부되었습니다.', None, 5)
[2025-10-02 10:06:05] 프린터 연결 실패 - 포트: COM1, 오류: Cannot configure port, something went wrong. Original message: OSError(22, '잘못된 기능입니다.', None, 1)
[2025-10-02 10:06:05] 너트1 연결 실패 - 포트: COM4, 오류: Cannot configure port, something went wrong. Original message: OSError(22, '잘못된 기능입니다.', None, 1)
[2025-10-02 10:06:05] 너트2 연결 실패 - 포트: COM5, 오류: could not open port 'COM5': PermissionError(13, '액세스가 거부되었습니다.', None, 5)
[2025-10-02 10:09:21] 프린터 연결 실패 - 포트: COM1, 오류: Cannot configure port, something went wrong. Original message: OSError(22, '잘못된 기능입니다.', None, 1)
[2025-10-02 10:09:21] 너트1 연결 실패 - 포트: COM4, 오류: Cannot configure port, something went wrong. Original message: OSError(22, '잘못된 기능입니다.', None, 1)
[2025-10-02 10:09:21] 너트2 연결 실패 - 포트: COM5, 오류: could not open port 'COM5': PermissionError(13, '액세스가 거부되었습니다.', None, 5)
[2025-10-02 10:14:03] 프린터 연결 실패 - 포트: COM1, 오류: Cannot configure port, something went wrong. Original message: OSError(22, '잘못된 기능입니다.', None, 1)
[2025-10-02 10:14:03] 너트1 연결 실패 - 포트: COM4, 오류: Cannot configure port, something went wrong. Original message: OSError(22, '잘못된 기능입니다.', None, 1)
[2025-10-02 10:14:03] 너트2 연결 실패 - 포트: COM5, 오류: could not open port 'COM5': PermissionError(13, '액세스가 거부되었습니다.', None, 5)
[2025-10-02 10:16:14] 프린터 연결 실패 - 포트: COM1, 오류: Cannot configure port, something went wrong. Original message: OSError(22, '잘못된 기능입니다.', None, 1)
[2025-10-02 10:16:14] 너트1 연결 실패 - 포트: COM4, 오류: Cannot configure port, something went wrong. Original message: OSError(22, '잘못된 기능입니다.', None, 1)
[2025-10-02 10:16:14] 너트2 연결 실패 - 포트: COM5, 오류: could not open port 'COM5': PermissionError(13, '액세스가 거부되었습니다.', None, 5)
[2025-10-02 10:23:06] 프린터 연결 실패 - 포트: COM1, 오류: Cannot configure port, something went wrong. Original message: OSError(22, '잘못된 기능입니다.', None, 1)
[2025-10-02 10:23:06] 너트1 연결 실패 - 포트: COM4, 오류: Cannot configure port, something went wrong. Original message: OSError(22, '잘못된 기능입니다.', None, 1)
[2025-10-02 10:23:06] 너트2 연결 실패 - 포트: COM5, 오류: could not open port 'COM5': PermissionError(13, '액세스가 거부되었습니다.', None, 5)
[2025-10-02 10:27:10] 프린터 연결 실패 - 포트: COM1, 오류: Cannot configure port, something went wrong. Original message: OSError(22, '잘못된 기능입니다.', None, 1)
[2025-10-02 10:27:10] 너트1 연결 실패 - 포트: COM4, 오류: Cannot configure port, something went wrong. Original message: OSError(22, '잘못된 기능입니다.', None, 1)
[2025-10-02 10:27:10] 너트2 연결 실패 - 포트: COM5, 오류: could not open port 'COM5': PermissionError(13, '액세스가 거부되었습니다.', None, 5)
[2025-10-02 10:43:11] 프린터 연결 실패 - 포트: COM1, 오류: Cannot configure port, something went wrong. Original message: OSError(22, '잘못된 기능입니다.', None, 1)
[2025-10-02 10:43:11] 너트1 연결 실패 - 포트: COM4, 오류: Cannot configure port, something went wrong. Original message: OSError(22, '잘못된 기능입니다.', None, 1)
[2025-10-02 10:43:11] 너트2 연결 실패 - 포트: COM5, 오류: could not open port 'COM5': PermissionError(13, '액세스가 거부되었습니다.', None, 5)
[2025-10-02 10:46:38] 프린터 연결 실패 - 포트: COM1, 오류: Cannot configure port, something went wrong. Original message: OSError(22, '잘못된 기능입니다.', None, 1)
[2025-10-02 10:46:38] 너트1 연결 실패 - 포트: COM4, 오류: Cannot configure port, something went wrong. Original message: OSError(22, '잘못된 기능입니다.', None, 1)
[2025-10-02 10:46:38] 너트2 연결 실패 - 포트: COM5, 오류: could not open port 'COM5': PermissionError(13, '액세스가 거부되었습니다.', None, 5)
[2025-10-02 10:53:18] 프린터 연결 실패 - 포트: COM1, 오류: Cannot configure port, something went wrong. Original message: OSError(22, '잘못된 기능입니다.', None, 1)
[2025-10-02 10:53:18] 너트1 연결 실패 - 포트: COM4, 오류: Cannot configure port, something went wrong. Original message: OSError(22, '잘못된 기능입니다.', None, 1)
[2025-10-02 10:53:18] 너트2 연결 실패 - 포트: COM5, 오류: could not open port 'COM5': PermissionError(13, '액세스가 거부되었습니다.', None, 5)
[2025-10-02 10:56:08] 프린터 연결 실패 - 포트: COM1, 오류: Cannot configure port, something went wrong. Original message: OSError(22, '잘못된 기능입니다.', None, 1)
[2025-10-02 10:56:08] 너트1 연결 실패 - 포트: COM4, 오류: Cannot configure port, something went wrong. Original message: OSError(22, '잘못된 기능입니다.', None, 1)
[2025-10-02 10:56:08] 너트2 연결 실패 - 포트: COM5, 오류: could not open port 'COM5': PermissionError(13, '액세스가 거부되었습니다.', None, 5)
[2025-10-02 10:59:15] 프린터 연결 실패 - 포트: COM1, 오류: Cannot configure port, something went wrong. Original message: OSError(22, '잘못된 기능입니다.', None, 1)
[2025-10-02 10:59:15] 너트1 연결 실패 - 포트: COM4, 오류: Cannot configure port, something went wrong. Original message: OSError(22, '잘못된 기능입니다.', None, 1)
[2025-10-02 10:59:15] 너트2 연결 실패 - 포트: COM5, 오류: could not open port 'COM5': PermissionError(13, '액세스가 거부되었습니다.', None, 5)
[2025-10-02 11:01:35] 프린터 연결 실패 - 포트: COM1, 오류: Cannot configure port, something went wrong. Original message: OSError(22, '잘못된 기능입니다.', None, 1)
[2025-10-02 11:01:35] 너트1 연결 실패 - 포트: COM4, 오류: Cannot configure port, something went wrong. Original message: OSError(22, '잘못된 기능입니다.', None, 1)
[2025-10-02 11:01:35] 너트2 연결 실패 - 포트: COM5, 오류: could not open port 'COM5': PermissionError(13, '액세스가 거부되었습니다.', None, 5)
[2025-10-02 11:03:52] 프린터 연결 실패 - 포트: COM1, 오류: Cannot configure port, something went wrong. Original message: OSError(22, '잘못된 기능입니다.', None, 1)
[2025-10-02 11:03:52] 너트1 연결 실패 - 포트: COM4, 오류: Cannot configure port, something went wrong. Original message: OSError(22, '잘못된 기능입니다.', None, 1)
[2025-10-02 11:03:52] 너트2 연결 실패 - 포트: COM5, 오류: could not open port 'COM5': PermissionError(13, '액세스가 거부되었습니다.', None, 5)
[2025-10-02 11:11:40] 프린터 연결 실패 - 포트: COM1, 오류: Cannot configure port, something went wrong. Original message: OSError(22, '잘못된 기능입니다.', None, 1)
[2025-10-02 11:11:40] 너트1 연결 실패 - 포트: COM4, 오류: Cannot configure port, something went wrong. Original message: OSError(22, '잘못된 기능입니다.', None, 1)
[2025-10-02 11:11:40] 너트2 연결 실패 - 포트: COM5, 오류: could not open port 'COM5': PermissionError(13, '액세스가 거부되었습니다.', None, 5)
[2025-10-02 11:12:11] 프린터 연결 실패 - 포트: COM1, 오류: Cannot configure port, something went wrong. Original message: OSError(22, '잘못된 기능입니다.', None, 1)
[2025-10-02 11:12:11] 너트1 연결 실패 - 포트: COM4, 오류: Cannot configure port, something went wrong. Original message: OSError(22, '잘못된 기능입니다.', None, 1)
[2025-10-02 11:12:11] 너트2 연결 실패 - 포트: COM5, 오류: could not open port 'COM5': PermissionError(13, '액세스가 거부되었습니다.', None, 5)
[2025-10-02 11:14:40] 프린터 연결 실패 - 포트: COM1, 오류: Cannot configure port, something went wrong. Original message: OSError(22, '잘못된 기능입니다.', None, 1)
[2025-10-02 11:14:40] 너트1 연결 실패 - 포트: COM4, 오류: Cannot configure port, something went wrong. Original message: OSError(22, '잘못된 기능입니다.', None, 1)
[2025-10-02 11:14:40] 너트2 연결 실패 - 포트: COM5, 오류: could not open port 'COM5': PermissionError(13, '액세스가 거부되었습니다.', None, 5)
[2025-10-02 11:17:09] 프린터 연결 실패 - 포트: COM1, 오류: Cannot configure port, something went wrong. Original message: OSError(22, '잘못된 기능입니다.', None, 1)
[2025-10-02 11:17:09] 너트1 연결 실패 - 포트: COM4, 오류: Cannot configure port, something went wrong. Original message: OSError(22, '잘못된 기능입니다.', None, 1)
[2025-10-02 11:17:09] 너트2 연결 실패 - 포트: COM5, 오류: could not open port 'COM5': PermissionError(13, '액세스가 거부되었습니다.', None, 5)
[2025-10-02 11:18:39] 프린터 연결 실패 - 포트: COM1, 오류: Cannot configure port, something went wrong. Original message: OSError(22, '잘못된 기능입니다.', None, 1)
[2025-10-02 11:18:39] 너트1 연결 실패 - 포트: COM4, 오류: Cannot configure port, something went wrong. Original message: OSError(22, '잘못된 기능입니다.', None, 1)
[2025-10-02 11:18:39] 너트2 연결 실패 - 포트: COM5, 오류: could not open port 'COM5': PermissionError(13, '액세스가 거부되었습니다.', None, 5)
[2025-10-02 11:19:44] 프린터 연결 실패 - 포트: COM1, 오류: Cannot configure port, something went wrong. Original message: OSError(22, '잘못된 기능입니다.', None, 1)
[2025-10-02 11:19:44] 너트1 연결 실패 - 포트: COM4, 오류: Cannot configure port, something went wrong. Original message: OSError(22, '잘못된 기능입니다.', None, 1)
[2025-10-02 11:19:44] 너트2 연결 실패 - 포트: COM5, 오류: could not open port 'COM5': PermissionError(13, '액세스가 거부되었습니다.', None, 5)
[2025-10-02 11:20:55] 프린터 연결 실패 - 포트: COM1, 오류: Cannot configure port, something went wrong. Original message: OSError(22, '잘못된 기능입니다.', None, 1)
[2025-10-02 11:20:55] 너트1 연결 실패 - 포트: COM4, 오류: Cannot configure port, something went wrong. Original message: OSError(22, '잘못된 기능입니다.', None, 1)
[2025-10-02 11:20:55] 너트2 연결 실패 - 포트: COM5, 오류: could not open port 'COM5': PermissionError(13, '액세스가 거부되었습니다.', None, 5)
[2025-10-02 11:23:29] 프린터 연결 실패 - 포트: COM1, 오류: Cannot configure port, something went wrong. Original message: OSError(22, '잘못된 기능입니다.', None, 1)
[2025-10-02 11:23:29] 너트1 연결 실패 - 포트: COM4, 오류: Cannot configure port, something went wrong. Original message: OSError(22, '잘못된 기능입니다.', None, 1)
[2025-10-02 11:23:29] 너트2 연결 실패 - 포트: COM5, 오류: could not open port 'COM5': PermissionError(13, '액세스가 거부되었습니다.', None, 5)
[2025-10-02 11:23:42] 프린터 연결 실패 - 포트: COM1, 오류: Cannot configure port, something went wrong. Original message: OSError(22, '잘못된 기능입니다.', None, 1)
[2025-10-02 11:23:42] 너트1 연결 실패 - 포트: COM4, 오류: Cannot configure port, something went wrong. Original message: OSError(22, '잘못된 기능입니다.', None, 1)
[2025-10-02 11:23:42] 너트2 연결 실패 - 포트: COM5, 오류: could not open port 'COM5': PermissionError(13, '액세스가 거부되었습니다.', None, 5)
[2025-10-02 11:26:19] 프린터 연결 실패 - 포트: COM1, 오류: Cannot configure port, something went wrong. Original message: OSError(22, '잘못된 기능입니다.', None, 1)
[2025-10-02 11:26:19] 너트1 연결 실패 - 포트: COM4, 오류: Cannot configure port, something went wrong. Original message: OSError(22, '잘못된 기능입니다.', None, 1)
[2025-10-02 11:26:19] 너트2 연결 실패 - 포트: COM5, 오류: could not open port 'COM5': PermissionError(13, '액세스가 거부되었습니다.', None, 5)
[2025-10-02 11:27:34] 프린터 연결 실패 - 포트: COM1, 오류: Cannot configure port, something went wrong. Original message: OSError(22, '잘못된 기능입니다.', None, 1)
[2025-10-02 11:27:34] 너트1 연결 실패 - 포트: COM4, 오류: Cannot configure port, something went wrong. Original message: OSError(22, '잘못된 기능입니다.', None, 1)
[2025-10-02 11:27:34] 너트2 연결 실패 - 포트: COM5, 오류: could not open port 'COM5': PermissionError(13, '액세스가 거부되었습니다.', None, 5)
[2025-10-02 11:28:58] 프린터 연결 실패 - 포트: COM1, 오류: Cannot configure port, something went wrong. Original message: OSError(22, '잘못된 기능입니다.', None, 1)
[2025-10-02 11:28:58] 너트1 연결 실패 - 포트: COM4, 오류: Cannot configure port, something went wrong. Original message: OSError(22, '잘못된 기능입니다.', None, 1)
[2025-10-02 11:28:58] 너트2 연결 실패 - 포트: COM5, 오류: could not open port 'COM5': PermissionError(13, '액세스가 거부되었습니다.', None, 5)
[2025-10-02 11:33:39] 프린터 연결 실패 - 포트: COM1, 오류: Cannot configure port, something went wrong. Original message: OSError(22, '잘못된 기능입니다.', None, 1)
[2025-10-02 11:33:39] 너트1 연결 실패 - 포트: COM4, 오류: Cannot configure port, something went wrong. Original message: OSError(22, '잘못된 기능입니다.', None, 1)
[2025-10-02 11:33:39] 너트2 연결 실패 - 포트: COM5, 오류: could not open port 'COM5': PermissionError(13, '액세스가 거부되었습니다.', None, 5)
[2025-10-02 11:34:21] 프린터 연결 실패 - 포트: COM1, 오류: Cannot configure port, something went wrong. Original message: OSError(22, '잘못된 기능입니다.', None, 1)
[2025-10-02 11:34:21] 너트1 연결 실패 - 포트: COM4, 오류: Cannot configure port, something went wrong. Original message: OSError(22, '잘못된 기능입니다.', None, 1)
[2025-10-02 11:34:21] 너트2 연결 실패 - 포트: COM5, 오류: could not open port 'COM5': PermissionError(13, '액세스가 거부되었습니다.', None, 5)
[2025-10-02 11:36:08] 프린터 연결 실패 - 포트: COM1, 오류: Cannot configure port, something went wrong. Original message: OSError(22, '잘못된 기능입니다.', None, 1)
[2025-10-02 11:36:08] 너트1 연결 실패 - 포트: COM4, 오류: Cannot configure port, something went wrong. Original message: OSError(22, '잘못된 기능입니다.', None, 1)
[2025-10-02 11:36:08] 너트2 연결 실패 - 포트: COM5, 오류: could not open port 'COM5': PermissionError(13, '액세스가 거부되었습니다.', None, 5)
[2025-10-02 11:40:00] 프린터 연결 실패 - 포트: COM1, 오류: Cannot configure port, something went wrong. Original message: OSError(22, '잘못된 기능입니다.', None, 1)
[2025-10-02 11:40:00] 너트1 연결 실패 - 포트: COM4, 오류: Cannot configure port, something went wrong. Original message: OSError(22, '잘못된 기능입니다.', None, 1)
[2025-10-02 11:40:00] 너트2 연결 실패 - 포트: COM5, 오류: could not open port 'COM5': PermissionError(13, '액세스가 거부되었습니다.', None, 5)
[2025-10-02 11:48:12] 프린터 연결 실패 - 포트: COM1, 오류: Cannot configure port, something went wrong. Original message: OSError(22, '잘못된 기능입니다.', None, 1)
[2025-10-02 11:48:12] 너트1 연결 실패 - 포트: COM4, 오류: Cannot configure port, something went wrong. Original message: OSError(22, '잘못된 기능입니다.', None, 1)
[2025-10-02 11:48:12] 너트2 연결 실패 - 포트: COM5, 오류: could not open port 'COM5': PermissionError(13, '액세스가 거부되었습니다.', None, 5)
[2025-10-02 11:53:38] 프린터 연결 실패 - 포트: COM1, 오류: Cannot configure port, something went wrong. Original message: OSError(22, '잘못된 기능입니다.', None, 1)
[2025-10-02 11:53:38] 너트1 연결 실패 - 포트: COM4, 오류: Cannot configure port, something went wrong. Original message: OSError(22, '잘못된 기능입니다.', None, 1)
[2025-10-02 11:53:38] 너트2 연결 실패 - 포트: COM5, 오류: could not open port 'COM5': PermissionError(13, '액세스가 거부되었습니다.', None, 5)
[2025-10-02 11:54:57] 프린터 연결 실패 - 포트: COM1, 오류: Cannot configure port, something went wrong. Original message: OSError(22, '잘못된 기능입니다.', None, 1)
[2025-10-02 11:54:57] 너트1 연결 실패 - 포트: COM4, 오류: Cannot configure port, something went wrong. Original message: OSError(22, '잘못된 기능입니다.', None, 1)
[2025-10-02 11:54:57] 너트2 연결 실패 - 포트: COM5, 오류: could not open port 'COM5': PermissionError(13, '액세스가 거부되었습니다.', None, 5)
[2025-10-02 11:57:22] 프린터 연결 실패 - 포트: COM1, 오류: Cannot configure port, something went wrong. Original message: OSError(22, '잘못된 기능입니다.', None, 1)
[2025-10-02 11:57:22] 너트1 연결 실패 - 포트: COM4, 오류: Cannot configure port, something went wrong. Original message: OSError(22, '잘못된 기능입니다.', None, 1)
[2025-10-02 11:57:22] 너트2 연결 실패 - 포트: COM5, 오류: could not open port 'COM5': PermissionError(13, '액세스가 거부되었습니다.', None, 5)
[2025-10-02 12:01:07] 프린터 연결 실패 - 포트: COM1, 오류: Cannot configure port, something went wrong. Original message: OSError(22, '잘못된 기능입니다.', None, 1)
[2025-10-02 12:01:07] 너트1 연결 실패 - 포트: COM4, 오류: Cannot configure port, something went wrong. Original message: OSError(22, '잘못된 기능입니다.', None, 1)
[2025-10-02 12:01:07] 너트2 연결 실패 - 포트: COM5, 오류: could not open port 'COM5': PermissionError(13, '액세스가 거부되었습니다.', None, 5)
[2025-10-02 12:02:44] 프린터 연결 실패 - 포트: COM1, 오류: Cannot configure port, something went wrong. Original message: OSError(22, '잘못된 기능입니다.', None, 1)
[2025-10-02 12:02:44] 너트1 연결 실패 - 포트: COM4, 오류: Cannot configure port, something went wrong. Original message: OSError(22, '잘못된 기능입니다.', None, 1)
[2025-10-02 12:02:44] 너트2 연결 실패 - 포트: COM5, 오류: could not open port 'COM5': PermissionError(13, '액세스가 거부되었습니다.', None, 5)
[2025-10-02 12:04:13] 프린터 연결 실패 - 포트: COM1, 오류: Cannot configure port, something went wrong. Original message: OSError(22, '잘못된 기능입니다.', None, 1)
[2025-10-02 12:04:13] 너트1 연결 실패 - 포트: COM4, 오류: Cannot configure port, something went wrong. Original message: OSError(22, '잘못된 기능입니다.', None, 1)
[2025-10-02 12:04:13] 너트2 연결 실패 - 포트: COM5, 오류: could not open port 'COM5': PermissionError(13, '액세스가 거부되었습니다.', None, 5)
[2025-10-02 12:05:26] 프린터 연결 실패 - 포트: COM1, 오류: Cannot configure port, something went wrong. Original message: OSError(22, '잘못된 기능입니다.', None, 1)
[2025-10-02 12:05:26] 너트1 연결 실패 - 포트: COM4, 오류: Cannot configure port, something went wrong. Original message: OSError(22, '잘못된 기능입니다.', None, 1)
[2025-10-02 12:05:26] 너트2 연결 실패 - 포트: COM5, 오류: could not open port 'COM5': PermissionError(13, '액세스가 거부되었습니다.', None, 5)
[2025-10-02 12:07:19] 프린터 연결 실패 - 포트: COM1, 오류: Cannot configure port, something went wrong. Original message: OSError(22, '잘못된 기능입니다.', None, 1)
[2025-10-02 12:07:19] 너트1 연결 실패 - 포트: COM4, 오류: Cannot configure port, something went wrong. Original message: OSError(22, '잘못된 기능입니다.', None, 1)
[2025-10-02 12:07:19] 너트2 연결 실패 - 포트: COM5, 오류: could not open port 'COM5': PermissionError(13, '액세스가 거부되었습니다.', None, 5)
[2025-10-02 12:08:50] 프린터 연결 실패 - 포트: COM1, 오류: Cannot configure port, something went wrong. Original message: OSError(22, '잘못된 기능입니다.', None, 1)
[2025-10-02 12:08:50] 너트1 연결 실패 - 포트: COM4, 오류: Cannot configure port, something went wrong. Original message: OSError(22, '잘못된 기능입니다.', None, 1)
[2025-10-02 12:08:50] 너트2 연결 실패 - 포트: COM5, 오류: could not open port 'COM5': PermissionError(13, '액세스가 거부되었습니다.', None, 5)
[2025-10-02 12:22:01] 프린터 연결 실패 - 포트: COM1, 오류: Cannot configure port, something went wrong. Original message: OSError(22, '잘못된 기능입니다.', None, 1)
[2025-10-02 12:22:01] 너트1 연결 실패 - 포트: COM4, 오류: Cannot configure port, something went wrong. Original message: OSError(22, '잘못된 기능입니다.', None, 1)
[2025-10-02 12:22:01] 너트2 연결 실패 - 포트: COM5, 오류: could not open port 'COM5': PermissionError(13, '액세스가 거부되었습니다.', None, 5)
[2025-10-02 12:25:29] 프린터 연결 실패 - 포트: COM1, 오류: Cannot configure port, something went wrong. Original message: OSError(22, '잘못된 기능입니다.', None, 1)
[2025-10-02 12:25:29] 너트1 연결 실패 - 포트: COM4, 오류: Cannot configure port, something went wrong. Original message: OSError(22, '잘못된 기능입니다.', None, 1)
[2025-10-02 12:25:29] 너트2 연결 실패 - 포트: COM5, 오류: could not open port 'COM5': PermissionError(13, '액세스가 거부되었습니다.', None, 5)
[2025-10-02 12:27:48] 프린터 연결 실패 - 포트: COM1, 오류: Cannot configure port, something went wrong. Original message: OSError(22, '잘못된 기능입니다.', None, 1)
[2025-10-02 12:27:48] 너트1 연결 실패 - 포트: COM4, 오류: Cannot configure port, something went wrong. Original message: OSError(22, '잘못된 기능입니다.', None, 1)
[2025-10-02 12:27:48] 너트2 연결 실패 - 포트: COM5, 오류: could not open port 'COM5': PermissionError(13, '액세스가 거부되었습니다.', None, 5)
[2025-10-02 12:30:19] 프린터 연결 실패 - 포트: COM1, 오류: Cannot configure port, something went wrong. Original message: OSError(22, '잘못된 기능입니다.', None, 1)
[2025-10-02 12:30:19] 너트1 연결 실패 - 포트: COM4, 오류: Cannot configure port, something went wrong. Original message: OSError(22, '잘못된 기능입니다.', None, 1)
[2025-10-02 12:30:19] 너트2 연결 실패 - 포트: COM5, 오류: could not open port 'COM5': PermissionError(13, '액세스가 거부되었습니다.', None, 5)
[2025-10-02 12:49:23] 프린터 연결 실패 - 포트: COM1, 오류: Cannot configure port, something went wrong. Original message: OSError(22, '잘못된 기능입니다.', None, 1)
[2025-10-02 12:49:23] 너트1 연결 실패 - 포트: COM4, 오류: Cannot configure port, something went wrong. Original message: OSError(22, '잘못된 기능입니다.', None, 1)
[2025-10-02 12:49:23] 너트2 연결 실패 - 포트: COM5, 오류: could not open port 'COM5': PermissionError(13, '액세스가 거부되었습니다.', None, 5)
[2025-10-02 12:50:12] 프린터 연결 실패 - 포트: COM1, 오류: Cannot configure port, something went wrong. Original message: OSError(22, '잘못된 기능입니다.', None, 1)
[2025-10-02 12:50:12] 너트1 연결 실패 - 포트: COM4, 오류: Cannot configure port, something went wrong. Original message: OSError(22, '잘못된 기능입니다.', None, 1)
[2025-10-02 12:50:12] 너트2 연결 실패 - 포트: COM5, 오류: could not open port 'COM5': PermissionError(13, '액세스가 거부되었습니다.', None, 5)
[2025-10-02 12:52:16] 프린터 연결 실패 - 포트: COM1, 오류: Cannot configure port, something went wrong. Original message: OSError(22, '잘못된 기능입니다.', None, 1)
[2025-10-02 12:52:16] 너트1 연결 실패 - 포트: COM4, 오류: Cannot configure port, something went wrong. Original message: OSError(22, '잘못된 기능입니다.', None, 1)
[2025-10-02 12:52:16] 너트2 연결 실패 - 포트: COM5, 오류: could not open port 'COM5': PermissionError(13, '액세스가 거부되었습니다.', None, 5)
[2025-10-02 12:53:48] 프린터 연결 실패 - 포트: COM1, 오류: Cannot configure port, something went wrong. Original message: OSError(22, '잘못된 기능입니다.', None, 1)
[2025-10-02 12:53:48] 너트1 연결 실패 - 포트: COM4, 오류: Cannot configure port, something went wrong. Original message: OSError(22, '잘못된 기능입니다.', None, 1)
[2025-10-02 12:53:48] 너트2 연결 실패 - 포트: COM5, 오류: could not open port 'COM5': PermissionError(13, '액세스가 거부되었습니다.', None, 5)
[2025-10-02 12:55:44] 프린터 연결 실패 - 포트: COM1, 오류: Cannot configure port, something went wrong. Original message: OSError(22, '잘못된 기능입니다.', None, 1)
[2025-10-02 12:55:44] 너트1 연결 실패 - 포트: COM4, 오류: Cannot configure port, something went wrong. Original message: OSError(22, '잘못된 기능입니다.', None, 1)
[2025-10-02 12:55:44] 너트2 연결 실패 - 포트: COM5, 오류: could not open port 'COM5': PermissionError(13, '액세스가 거부되었습니다.', None, 5)
[2025-10-02 12:56:38] 프린터 연결 실패 - 포트: COM1, 오류: Cannot configure port, something went wrong. Original message: OSError(22, '잘못된 기능입니다.', None, 1)
[2025-10-02 12:56:38] 너트1 연결 실패 - 포트: COM4, 오류: Cannot configure port, something went wrong. Original message: OSError(22, '잘못된 기능입니다.', None, 1)
[2025-10-02 12:56:38] 너트2 연결 실패 - 포트: COM5, 오류: could not open port 'COM5': PermissionError(13, '액세스가 거부되었습니다.', None, 5)
[2025-10-02 13:00:02] 프린터 연결 실패 - 포트: COM1, 오류: Cannot configure port, something went wrong. Original message: OSError(22, '잘못된 기능입니다.', None, 1)
[2025-10-02 13:00:02] 너트1 연결 실패 - 포트: COM4, 오류: Cannot configure port, something went wrong. Original message: OSError(22, '잘못된 기능입니다.', None, 1)
[2025-10-02 13:00:02] 너트2 연결 실패 - 포트: COM5, 오류: could not open port 'COM5': PermissionError(13, '액세스가 거부되었습니다.', None, 5)
[2025-10-02 13:04:45] 프린터 연결 실패 - 포트: COM1, 오류: Cannot configure port, something went wrong. Original message: OSError(22, '잘못된 기능입니다.', None, 1)
[2025-10-02 13:04:45] 너트1 연결 실패 - 포트: COM4, 오류: Cannot configure port, something went wrong. Original message: OSError(22, '잘못된 기능입니다.', None, 1)
[2025-10-02 13:04:45] 너트2 연결 실패 - 포트: COM5, 오류: could not open port 'COM5': PermissionError(13, '액세스가 거부되었습니다.', None, 5)
[2025-10-02 13:07:23] 프린터 연결 실패 - 포트: COM1, 오류: Cannot configure port, something went wrong. Original message: OSError(22, '잘못된 기능입니다.', None, 1)
[2025-10-02 13:07:23] 너트1 연결 실패 - 포트: COM4, 오류: Cannot configure port, something went wrong. Original message: OSError(22, '잘못된 기능입니다.', None, 1)
[2025-10-02 13:07:23] 너트2 연결 실패 - 포트: COM5, 오류: could not open port 'COM5': PermissionError(13, '액세스가 거부되었습니다.', None, 5)
[2025-10-02 13:09:37] 프린터 연결 실패 - 포트: COM1, 오류: Cannot configure port, something went wrong. Original message: OSError(22, '잘못된 기능입니다.', None, 1)
[2025-10-02 13:09:37] 너트1 연결 실패 - 포트: COM4, 오류: Cannot configure port, something went wrong. Original message: OSError(22, '잘못된 기능입니다.', None, 1)
[2025-10-02 13:09:37] 너트2 연결 실패 - 포트: COM5, 오류: could not open port 'COM5': PermissionError(13, '액세스가 거부되었습니다.', None, 5)
[2025-10-02 13:15:57] 프린터 연결 실패 - 포트: COM1, 오류: Cannot configure port, something went wrong. Original message: OSError(22, '잘못된 기능입니다.', None, 1)
[2025-10-02 13:15:57] 너트1 연결 실패 - 포트: COM4, 오류: Cannot configure port, something went wrong. Original message: OSError(22, '잘못된 기능입니다.', None, 1)
[2025-10-02 13:15:57] 너트2 연결 실패 - 포트: COM5, 오류: could not open port 'COM5': PermissionError(13, '액세스가 거부되었습니다.', None, 5)
[2025-10-02 13:23:20] 프린터 연결 실패 - 포트: COM1, 오류: Cannot configure port, something went wrong. Original message: OSError(22, '잘못된 기능입니다.', None, 1)
[2025-10-02 13:23:20] 너트1 연결 실패 - 포트: COM4, 오류: Cannot configure port, something went wrong. Original message: OSError(22, '잘못된 기능입니다.', None, 1)
[2025-10-02 13:23:20] 너트2 연결 실패 - 포트: COM5, 오류: could not open port 'COM5': PermissionError(13, '액세스가 거부되었습니다.', None, 5)
[2025-10-02 13:25:57] 프린터 연결 실패 - 포트: COM1, 오류: Cannot configure port, something went wrong. Original message: OSError(22, '잘못된 기능입니다.', None, 1)
[2025-10-02 13:25:57] 너트1 연결 실패 - 포트: COM4, 오류: Cannot configure port, something went wrong. Original message: OSError(22, '잘못된 기능입니다.', None, 1)
[2025-10-02 13:25:57] 너트2 연결 실패 - 포트: COM5, 오류: could not open port 'COM5': PermissionError(13, '액세스가 거부되었습니다.', None, 5)
[2025-10-02 13:28:04] 프린터 연결 실패 - 포트: COM1, 오류: Cannot configure port, something went wrong. Original message: OSError(22, '잘못된 기능입니다.', None, 1)
[2025-10-02 13:28:04] 너트1 연결 실패 - 포트: COM4, 오류: Cannot configure port, something went wrong. Original message: OSError(22, '잘못된 기능입니다.', None, 1)
[2025-10-02 13:28:04] 너트2 연결 실패 - 포트: COM5, 오류: could not open port 'COM5': PermissionError(13, '액세스가 거부되었습니다.', None, 5)
[2025-10-02 13:30:04] 프린터 연결 실패 - 포트: COM1, 오류: Cannot configure port, something went wrong. Original message: OSError(22, '잘못된 기능입니다.', None, 1)
[2025-10-02 13:30:04] 너트1 연결 실패 - 포트: COM4, 오류: Cannot configure port, something went wrong. Original message: OSError(22, '잘못된 기능입니다.', None, 1)
[2025-10-02 13:30:04] 너트2 연결 실패 - 포트: COM5, 오류: could not open port 'COM5': PermissionError(13, '액세스가 거부되었습니다.', None, 5)
[2025-10-02 13:31:50] 프린터 연결 실패 - 포트: COM1, 오류: Cannot configure port, something went wrong. Original message: OSError(22, '잘못된 기능입니다.', None, 1)
[2025-10-02 13:31:50] 너트1 연결 실패 - 포트: COM4, 오류: Cannot configure port, something went wrong. Original message: OSError(22, '잘못된 기능입니다.', None, 1)
[2025-10-02 13:31:50] 너트2 연결 실패 - 포트: COM5, 오류: could not open port 'COM5': PermissionError(13, '액세스가 거부되었습니다.', None, 5)
[2025-10-02 13:35:21] 프린터 연결 실패 - 포트: COM1, 오류: Cannot configure port, something went wrong. Original message: OSError(22, '잘못된 기능입니다.', None, 1)
[2025-10-02 13:35:21] 너트1 연결 실패 - 포트: COM4, 오류: Cannot configure port, something went wrong. Original message: OSError(22, '잘못된 기능입니다.', None, 1)
[2025-10-02 13:35:21] 너트2 연결 실패 - 포트: COM5, 오류: could not open port 'COM5': PermissionError(13, '액세스가 거부되었습니다.', None, 5)
[2025-10-02 13:38:22] 프린터 연결 실패 - 포트: COM1, 오류: Cannot configure port, something went wrong. Original message: OSError(22, '잘못된 기능입니다.', None, 1)
[2025-10-02 13:38:22] 너트1 연결 실패 - 포트: COM4, 오류: Cannot configure port, something went wrong. Original message: OSError(22, '잘못된 기능입니다.', None, 1)
[2025-10-02 13:38:22] 너트2 연결 실패 - 포트: COM5, 오류: could not open port 'COM5': PermissionError(13, '액세스가 거부되었습니다.', None, 5)
[2025-10-02 13:39:39] 프린터 연결 실패 - 포트: COM1, 오류: Cannot configure port, something went wrong. Original message: OSError(22, '잘못된 기능입니다.', None, 1)
[2025-10-02 13:39:39] 너트1 연결 실패 - 포트: COM4, 오류: Cannot configure port, something went wrong. Original message: OSError(22, '잘못된 기능입니다.', None, 1)
[2025-10-02 13:39:39] 너트2 연결 실패 - 포트: COM5, 오류: could not open port 'COM5': PermissionError(13, '액세스가 거부되었습니다.', None, 5)
[2025-10-02 13:40:02] 프린터 연결 실패 - 포트: COM1, 오류: Cannot configure port, something went wrong. Original message: OSError(22, '잘못된 기능입니다.', None, 1)
[2025-10-02 13:40:02] 너트1 연결 실패 - 포트: COM4, 오류: Cannot configure port, something went wrong. Original message: OSError(22, '잘못된 기능입니다.', None, 1)
[2025-10-02 13:40:02] 너트2 연결 실패 - 포트: COM5, 오류: could not open port 'COM5': PermissionError(13, '액세스가 거부되었습니다.', None, 5)
[2025-10-02 13:42:35] 프린터 연결 실패 - 포트: COM1, 오류: Cannot configure port, something went wrong. Original message: OSError(22, '잘못된 기능입니다.', None, 1)
[2025-10-02 13:42:35] 너트1 연결 실패 - 포트: COM4, 오류: Cannot configure port, something went wrong. Original message: OSError(22, '잘못된 기능입니다.', None, 1)
[2025-10-02 13:42:35] 너트2 연결 실패 - 포트: COM5, 오류: could not open port 'COM5': PermissionError(13, '액세스가 거부되었습니다.', None, 5)
[2025-10-02 13:45:33] 프린터 연결 실패 - 포트: COM1, 오류: Cannot configure port, something went wrong. Original message: OSError(22, '잘못된 기능입니다.', None, 1)
[2025-10-02 13:45:33] 너트1 연결 실패 - 포트: COM4, 오류: Cannot configure port, something went wrong. Original message: OSError(22, '잘못된 기능입니다.', None, 1)
[2025-10-02 13:45:33] 너트2 연결 실패 - 포트: COM5, 오류: could not open port 'COM5': PermissionError(13, '액세스가 거부되었습니다.', None, 5)
[2025-10-02 13:46:56] 프린터 연결 실패 - 포트: COM1, 오류: Cannot configure port, something went wrong. Original message: OSError(22, '잘못된 기능입니다.', None, 1)
[2025-10-02 13:46:56] 너트1 연결 실패 - 포트: COM4, 오류: Cannot configure port, something went wrong. Original message: OSError(22, '잘못된 기능입니다.', None, 1)
[2025-10-02 13:46:56] 너트2 연결 실패 - 포트: COM5, 오류: could not open port 'COM5': PermissionError(13, '액세스가 거부되었습니다.', None, 5)
[2025-10-02 13:47:57] 프린터 연결 실패 - 포트: COM1, 오류: Cannot configure port, something went wrong. Original message: OSError(22, '잘못된 기능입니다.', None, 1)
[2025-10-02 13:47:57] 너트1 연결 실패 - 포트: COM4, 오류: Cannot configure port, something went wrong. Original message: OSError(22, '잘못된 기능입니다.', None, 1)
[2025-10-02 13:47:57] 너트2 연결 실패 - 포트: COM5, 오류: could not open port 'COM5': PermissionError(13, '액세스가 거부되었습니다.', None, 5)
[2025-10-02 13:48:55] 프린터 연결 실패 - 포트: COM1, 오류: Cannot configure port, something went wrong. Original message: OSError(22, '잘못된 기능입니다.', None, 1)
[2025-10-02 13:48:55] 너트1 연결 실패 - 포트: COM4, 오류: Cannot configure port, something went wrong. Original message: OSError(22, '잘못된 기능입니다.', None, 1)
[2025-10-02 13:48:55] 너트2 연결 실패 - 포트: COM5, 오류: could not open port 'COM5': PermissionError(13, '액세스가 거부되었습니다.', None, 5)
[2025-10-02 13:50:09] 프린터 연결 실패 - 포트: COM1, 오류: Cannot configure port, something went wrong. Original message: OSError(22, '잘못된 기능입니다.', None, 1)
[2025-10-02 13:50:09] 너트1 연결 실패 - 포트: COM4, 오류: Cannot configure port, something went wrong. Original message: OSError(22, '잘못된 기능입니다.', None, 1)
[2025-10-02 13:50:09] 너트2 연결 실패 - 포트: COM5, 오류: could not open port 'COM5': PermissionError(13, '액세스가 거부되었습니다.', None, 5)
[2025-10-02 13:53:15] 프린터 연결 실패 - 포트: COM1, 오류: Cannot configure port, something went wrong. Original message: OSError(22, '잘못된 기능입니다.', None, 1)
[2025-10-02 13:53:15] 너트1 연결 실패 - 포트: COM4, 오류: Cannot configure port, something went wrong. Original message: OSError(22, '잘못된 기능입니다.', None, 1)
[2025-10-02 13:53:15] 너트2 연결 실패 - 포트: COM5, 오류: could not open port 'COM5': PermissionError(13, '액세스가 거부되었습니다.', None, 5)
[2025-10-02 13:53:53] 프린터 연결 실패 - 포트: COM1, 오류: Cannot configure port, something went wrong. Original message: OSError(22, '잘못된 기능입니다.', None, 1)
[2025-10-02 13:53:53] 너트1 연결 실패 - 포트: COM4, 오류: Cannot configure port, something went wrong. Original message: OSError(22, '잘못된 기능입니다.', None, 1)
[2025-10-02 13:53:53] 너트2 연결 실패 - 포트: COM5, 오류: could not open port 'COM5': PermissionError(13, '액세스가 거부되었습니다.', None, 5)
[2025-10-02 13:56:11] 프린터 연결 실패 - 포트: COM1, 오류: Cannot configure port, something went wrong. Original message: OSError(22, '잘못된 기능입니다.', None, 1)
[2025-10-02 13:56:11] 너트1 연결 실패 - 포트: COM4, 오류: Cannot configure port, something went wrong. Original message: OSError(22, '잘못된 기능입니다.', None, 1)
[2025-10-02 13:56:11] 너트2 연결 실패 - 포트: COM5, 오류: could not open port 'COM5': PermissionError(13, '액세스가 거부되었습니다.', None, 5)
[2025-10-02 13:57:55] 프린터 연결 실패 - 포트: COM1, 오류: Cannot configure port, something went wrong. Original message: OSError(22, '잘못된 기능입니다.', None, 1)
[2025-10-02 13:57:55] 너트1 연결 실패 - 포트: COM4, 오류: Cannot configure port, something went wrong. Original message: OSError(22, '잘못된 기능입니다.', None, 1)
[2025-10-02 13:57:55] 너트2 연결 실패 - 포트: COM5, 오류: could not open port 'COM5': PermissionError(13, '액세스가 거부되었습니다.', None, 5)
[2025-10-02 14:00:19] 프린터 연결 실패 - 포트: COM1, 오류: Cannot configure port, something went wrong. Original message: OSError(22, '잘못된 기능입니다.', None, 1)
[2025-10-02 14:00:19] 너트1 연결 실패 - 포트: COM4, 오류: Cannot configure port, something went wrong. Original message: OSError(22, '잘못된 기능입니다.', None, 1)
[2025-10-02 14:00:19] 너트2 연결 실패 - 포트: COM5, 오류: could not open port 'COM5': PermissionError(13, '액세스가 거부되었습니다.', None, 5)
[2025-10-02 14:02:20] 프린터 연결 실패 - 포트: COM1, 오류: Cannot configure port, something went wrong. Original message: OSError(22, '잘못된 기능입니다.', None, 1)
[2025-10-02 14:02:20] 너트1 연결 실패 - 포트: COM4, 오류: Cannot configure port, something went wrong. Original message: OSError(22, '잘못된 기능입니다.', None, 1)
[2025-10-02 14:02:20] 너트2 연결 실패 - 포트: COM5, 오류: could not open port 'COM5': PermissionError(13, '액세스가 거부되었습니다.', None, 5)
[2025-10-02 14:04:19] 프린터 연결 실패 - 포트: COM1, 오류: Cannot configure port, something went wrong. Original message: OSError(22, '잘못된 기능입니다.', None, 1)
[2025-10-02 14:04:19] 너트1 연결 실패 - 포트: COM4, 오류: Cannot configure port, something went wrong. Original message: OSError(22, '잘못된 기능입니다.', None, 1)
[2025-10-02 14:04:19] 너트2 연결 실패 - 포트: COM5, 오류: could not open port 'COM5': PermissionError(13, '액세스가 거부되었습니다.', None, 5)
[2025-10-02 14:06:15] 프린터 연결 실패 - 포트: COM1, 오류: Cannot configure port, something went wrong. Original message: OSError(22, '잘못된 기능입니다.', None, 1)
[2025-10-02 14:06:15] 너트1 연결 실패 - 포트: COM4, 오류: Cannot configure port, something went wrong. Original message: OSError(22, '잘못된 기능입니다.', None, 1)
[2025-10-02 14:06:15] 너트2 연결 실패 - 포트: COM5, 오류: could not open port 'COM5': PermissionError(13, '액세스가 거부되었습니다.', None, 5)
[2025-10-02 14:07:31] 프린터 연결 실패 - 포트: COM1, 오류: Cannot configure port, something went wrong. Original message: OSError(22, '잘못된 기능입니다.', None, 1)
[2025-10-02 14:07:31] 너트1 연결 실패 - 포트: COM4, 오류: Cannot configure port, something went wrong. Original message: OSError(22, '잘못된 기능입니다.', None, 1)
[2025-10-02 14:07:31] 너트2 연결 실패 - 포트: COM5, 오류: could not open port 'COM5': PermissionError(13, '액세스가 거부되었습니다.', None, 5)
[2025-10-02 14:10:58] 프린터 연결 실패 - 포트: COM1, 오류: Cannot configure port, something went wrong. Original message: OSError(22, '잘못된 기능입니다.', None, 1)
[2025-10-02 14:10:58] 너트1 연결 실패 - 포트: COM4, 오류: Cannot configure port, something went wrong. Original message: OSError(22, '잘못된 기능입니다.', None, 1)
[2025-10-02 14:10:58] 너트2 연결 실패 - 포트: COM5, 오류: could not open port 'COM5': PermissionError(13, '액세스가 거부되었습니다.', None, 5)
[2025-10-02 14:13:09] 프린터 연결 실패 - 포트: COM1, 오류: Cannot configure port, something went wrong. Original message: OSError(22, '잘못된 기능입니다.', None, 1)
[2025-10-02 14:13:09] 너트1 연결 실패 - 포트: COM4, 오류: Cannot configure port, something went wrong. Original message: OSError(22, '잘못된 기능입니다.', None, 1)
[2025-10-02 14:13:09] 너트2 연결 실패 - 포트: COM5, 오류: could not open port 'COM5': PermissionError(13, '액세스가 거부되었습니다.', None, 5)
[2025-10-02 14:16:18] 프린터 연결 실패 - 포트: COM1, 오류: Cannot configure port, something went wrong. Original message: OSError(22, '잘못된 기능입니다.', None, 1)
[2025-10-02 14:16:18] 너트1 연결 실패 - 포트: COM4, 오류: Cannot configure port, something went wrong. Original message: OSError(22, '잘못된 기능입니다.', None, 1)
[2025-10-02 14:16:18] 너트2 연결 실패 - 포트: COM5, 오류: could not open port 'COM5': PermissionError(13, '액세스가 거부되었습니다.', None, 5)
[2025-10-02 14:34:31] 프린터 연결 실패 - 포트: COM1, 오류: Cannot configure port, something went wrong. Original message: OSError(22, '잘못된 기능입니다.', None, 1)
[2025-10-02 14:34:31] 너트1 연결 실패 - 포트: COM4, 오류: Cannot configure port, something went wrong. Original message: OSError(22, '잘못된 기능입니다.', None, 1)
[2025-10-02 14:34:31] 너트2 연결 실패 - 포트: COM5, 오류: could not open port 'COM5': PermissionError(13, '액세스가 거부되었습니다.', None, 5)
[2025-10-02 14:36:04] 프린터 연결 실패 - 포트: COM1, 오류: Cannot configure port, something went wrong. Original message: OSError(22, '잘못된 기능입니다.', None, 1)
[2025-10-02 14:36:04] 너트1 연결 실패 - 포트: COM4, 오류: Cannot configure port, something went wrong. Original message: OSError(22, '잘못된 기능입니다.', None, 1)
[2025-10-02 14:36:04] 너트2 연결 실패 - 포트: COM5, 오류: could not open port 'COM5': PermissionError(13, '액세스가 거부되었습니다.', None, 5)
[2025-10-02 14:36:39] 프린터 연결 실패 - 포트: COM1, 오류: Cannot configure port, something went wrong. Original message: OSError(22, '잘못된 기능입니다.', None, 1)
[2025-10-02 14:36:39] 너트1 연결 실패 - 포트: COM4, 오류: Cannot configure port, something went wrong. Original message: OSError(22, '잘못된 기능입니다.', None, 1)
[2025-10-02 14:36:39] 너트2 연결 실패 - 포트: COM5, 오류: could not open port 'COM5': PermissionError(13, '액세스가 거부되었습니다.', None, 5)
[2025-10-02 14:42:51] 프린터 연결 실패 - 포트: COM1, 오류: Cannot configure port, something went wrong. Original message: OSError(22, '잘못된 기능입니다.', None, 1)
[2025-10-02 14:42:51] 너트1 연결 실패 - 포트: COM4, 오류: Cannot configure port, something went wrong. Original message: OSError(22, '잘못된 기능입니다.', None, 1)
[2025-10-02 14:42:51] 너트2 연결 실패 - 포트: COM5, 오류: could not open port 'COM5': PermissionError(13, '액세스가 거부되었습니다.', None, 5)
[2025-10-02 14:43:34] 프린터 연결 실패 - 포트: COM1, 오류: Cannot configure port, something went wrong. Original message: OSError(22, '잘못된 기능입니다.', None, 1)
[2025-10-02 14:43:34] 너트1 연결 실패 - 포트: COM4, 오류: Cannot configure port, something went wrong. Original message: OSError(22, '잘못된 기능입니다.', None, 1)
[2025-10-02 14:43:34] 너트2 연결 실패 - 포트: COM5, 오류: could not open port 'COM5': PermissionError(13, '액세스가 거부되었습니다.', None, 5)
[2025-10-02 14:46:10] 프린터 연결 실패 - 포트: COM1, 오류: Cannot configure port, something went wrong. Original message: OSError(22, '잘못된 기능입니다.', None, 1)
[2025-10-02 14:46:10] 너트1 연결 실패 - 포트: COM4, 오류: Cannot configure port, something went wrong. Original message: OSError(22, '잘못된 기능입니다.', None, 1)
[2025-10-02 14:46:10] 너트2 연결 실패 - 포트: COM5, 오류: could not open port 'COM5': PermissionError(13, '액세스가 거부되었습니다.', None, 5)
[2025-10-02 14:54:47] 프린터 연결 실패 - 포트: COM1, 오류: Cannot configure port, something went wrong. Original message: OSError(22, '잘못된 기능입니다.', None, 1)
[2025-10-02 14:54:47] 너트1 연결 실패 - 포트: COM4, 오류: Cannot configure port, something went wrong. Original message: OSError(22, '잘못된 기능입니다.', None, 1)
[2025-10-02 14:54:47] 너트2 연결 실패 - 포트: COM5, 오류: could not open port 'COM5': PermissionError(13, '액세스가 거부되었습니다.', None, 5)
[2025-10-02 14:56:59] 프린터 연결 실패 - 포트: COM1, 오류: Cannot configure port, something went wrong. Original message: OSError(22, '잘못된 기능입니다.', None, 1)
[2025-10-02 14:56:59] 너트1 연결 실패 - 포트: COM4, 오류: Cannot configure port, something went wrong. Original message: OSError(22, '잘못된 기능입니다.', None, 1)
[2025-10-02 14:56:59] 너트2 연결 실패 - 포트: COM5, 오류: could not open port 'COM5': PermissionError(13, '액세스가 거부되었습니다.', None, 5)
[2025-10-02 14:59:07] 프린터 연결 실패 - 포트: COM1, 오류: Cannot configure port, something went wrong. Original message: OSError(22, '잘못된 기능입니다.', None, 1)
[2025-10-02 14:59:07] 너트1 연결 실패 - 포트: COM4, 오류: Cannot configure port, something went wrong. Original message: OSError(22, '잘못된 기능입니다.', None, 1)
[2025-10-02 14:59:07] 너트2 연결 실패 - 포트: COM5, 오류: could not open port 'COM5': PermissionError(13, '액세스가 거부되었습니다.', None, 5)
[2025-10-02 15:01:12] 프린터 연결 실패 - 포트: COM1, 오류: Cannot configure port, something went wrong. Original message: OSError(22, '잘못된 기능입니다.', None, 1)
[2025-10-02 15:01:12] 너트1 연결 실패 - 포트: COM4, 오류: Cannot configure port, something went wrong. Original message: OSError(22, '잘못된 기능입니다.', None, 1)
[2025-10-02 15:01:12] 너트2 연결 실패 - 포트: COM5, 오류: could not open port 'COM5': PermissionError(13, '액세스가 거부되었습니다.', None, 5)
[2025-10-02 15:08:22] 프린터 연결 실패 - 포트: COM1, 오류: Cannot configure port, something went wrong. Original message: OSError(22, '잘못된 기능입니다.', None, 1)
[2025-10-02 15:08:22] 너트1 연결 실패 - 포트: COM4, 오류: Cannot configure port, something went wrong. Original message: OSError(22, '잘못된 기능입니다.', None, 1)
[2025-10-02 15:08:22] 너트2 연결 실패 - 포트: COM5, 오류: could not open port 'COM5': PermissionError(13, '액세스가 거부되었습니다.', None, 5)
[2025-10-02 15:09:47] 프린터 연결 실패 - 포트: COM1, 오류: Cannot configure port, something went wrong. Original message: OSError(22, '잘못된 기능입니다.', None, 1)
[2025-10-02 15:09:47] 너트1 연결 실패 - 포트: COM4, 오류: Cannot configure port, something went wrong. Original message: OSError(22, '잘못된 기능입니다.', None, 1)
[2025-10-02 15:09:47] 너트2 연결 실패 - 포트: COM5, 오류: could not open port 'COM5': PermissionError(13, '액세스가 거부되었습니다.', None, 5)
[2025-10-02 15:25:00] 프린터 연결 실패 - 포트: COM1, 오류: Cannot configure port, something went wrong. Original message: OSError(22, '잘못된 기능입니다.', None, 1)
[2025-10-02 15:25:00] 너트1 연결 실패 - 포트: COM4, 오류: Cannot configure port, something went wrong. Original message: OSError(22, '잘못된 기능입니다.', None, 1)
[2025-10-02 15:25:00] 너트2 연결 실패 - 포트: COM5, 오류: could not open port 'COM5': PermissionError(13, '액세스가 거부되었습니다.', None, 5)
[2025-10-02 15:36:45] 프린터 연결 실패 - 포트: COM1, 오류: Cannot configure port, something went wrong. Original message: OSError(22, '잘못된 기능입니다.', None, 1)
[2025-10-02 15:36:45] 너트1 연결 실패 - 포트: COM4, 오류: Cannot configure port, something went wrong. Original message: OSError(22, '잘못된 기능입니다.', None, 1)
[2025-10-02 15:36:45] 너트2 연결 실패 - 포트: COM5, 오류: could not open port 'COM5': PermissionError(13, '액세스가 거부되었습니다.', None, 5)
[2025-10-02 15:38:48] 프린터 연결 실패 - 포트: COM1, 오류: Cannot configure port, something went wrong. Original message: OSError(22, '잘못된 기능입니다.', None, 1)
[2025-10-02 15:38:48] 너트1 연결 실패 - 포트: COM4, 오류: Cannot configure port, something went wrong. Original message: OSError(22, '잘못된 기능입니다.', None, 1)
[2025-10-02 15:38:48] 너트2 연결 실패 - 포트: COM5, 오류: could not open port 'COM5': PermissionError(13, '액세스가 거부되었습니다.', None, 5)
[2025-10-02 15:40:06] 프린터 연결 실패 - 포트: COM1, 오류: Cannot configure port, something went wrong. Original message: OSError(22, '잘못된 기능입니다.', None, 1)
[2025-10-02 15:40:06] 너트1 연결 실패 - 포트: COM4, 오류: Cannot configure port, something went wrong. Original message: OSError(22, '잘못된 기능입니다.', None, 1)
[2025-10-02 15:40:06] 너트2 연결 실패 - 포트: COM5, 오류: could not open port 'COM5': PermissionError(13, '액세스가 거부되었습니다.', None, 5)
[2025-10-02 15:42:07] 프린터 연결 실패 - 포트: COM1, 오류: Cannot configure port, something went wrong. Original message: OSError(22, '잘못된 기능입니다.', None, 1)
[2025-10-02 15:42:07] 너트1 연결 실패 - 포트: COM4, 오류: Cannot configure port, something went wrong. Original message: OSError(22, '잘못된 기능입니다.', None, 1)
[2025-10-02 15:42:07] 너트2 연결 실패 - 포트: COM5, 오류: could not open port 'COM5': PermissionError(13, '액세스가 거부되었습니다.', None, 5)
[2025-10-02 15:48:41] 프린터 연결 실패 - 포트: COM1, 오류: Cannot configure port, something went wrong. Original message: OSError(22, '잘못된 기능입니다.', None, 1)
[2025-10-02 15:48:41] 너트1 연결 실패 - 포트: COM4, 오류: Cannot configure port, something went wrong. Original message: OSError(22, '잘못된 기능입니다.', None, 1)
[2025-10-02 15:48:41] 너트2 연결 실패 - 포트: COM5, 오류: could not open port 'COM5': PermissionError(13, '액세스가 거부되었습니다.', None, 5)
[2025-10-02 15:52:00] 프린터 연결 실패 - 포트: COM1, 오류: Cannot configure port, something went wrong. Original message: OSError(22, '잘못된 기능입니다.', None, 1)
[2025-10-02 15:52:00] 너트1 연결 실패 - 포트: COM4, 오류: Cannot configure port, something went wrong. Original message: OSError(22, '잘못된 기능입니다.', None, 1)
[2025-10-02 15:52:00] 너트2 연결 실패 - 포트: COM5, 오류: could not open port 'COM5': PermissionError(13, '액세스가 거부되었습니다.', None, 5)
