2025-10-22 15:08:27,078 - modules.utils.modules.serial_connection_manager - INFO - PLC 연결 시도 시작 - 포트: COM6
2025-10-22 15:08:27,079 - modules.utils.modules.serial_connection_manager - INFO - PLC 연결 시도 (1/1) - 포트: COM6, 보드레이트: 9600
2025-10-22 15:08:27,080 - modules.utils.modules.serial_connection_manager - WARNING - PLC 시리얼 연결 실패 - COM6: could not open port 'COM6': FileNotFoundError(2, '지정된 파일을 찾을 수 없습니다.', None, 2)
2025-10-22 15:08:27,080 - modules.utils.modules.serial_connection_manager - ERROR - PLC 연결 실패 - COM6: could not open port 'COM6': FileNotFoundError(2, '지정된 파일을 찾을 수 없습니다.', None, 2)
2025-10-22 15:08:27,081 - modules.utils.modules.serial_connection_manager - INFO - 스캐너 연결 시도 시작 - 포트: COM4 - AX99100 PCIe to High Speed Serial Port(COM4)
2025-10-22 15:08:27,081 - modules.utils.modules.serial_connection_manager - INFO - 스캐너 연결 시도 (1/1) - 포트: COM4, 보드레이트: 9600
2025-10-22 15:08:27,081 - modules.utils.modules.serial_connection_manager - WARNING - 스캐너 시리얼 연결 실패 - COM4: Cannot configure port, something went wrong. Original message: OSError(22, '잘못된 기능입니다.', None, 1)
2025-10-22 15:08:27,082 - modules.utils.modules.serial_connection_manager - ERROR - 스캐너 연결 실패 - COM4: Cannot configure port, something went wrong. Original message: OSError(22, '잘못된 기능입니다.', None, 1)
2025-10-22 15:08:27,082 - modules.utils.modules.serial_connection_manager - INFO - 프린터 연결 시도 시작 - 포트: COM1
2025-10-22 15:08:27,082 - modules.utils.modules.serial_connection_manager - INFO - 프린터 연결 시도 (1/1) - 포트: COM1, 보드레이트: 9600
2025-10-22 15:08:27,083 - modules.utils.modules.serial_connection_manager - WARNING - 프린터 시리얼 연결 실패 - COM1: Cannot configure port, something went wrong. Original message: OSError(22, '잘못된 기능입니다.', None, 1)
2025-10-22 15:08:27,083 - modules.utils.modules.serial_connection_manager - ERROR - 프린터 연결 실패 - COM1: Cannot configure port, something went wrong. Original message: OSError(22, '잘못된 기능입니다.', None, 1)
2025-10-22 15:08:27,083 - modules.utils.modules.serial_connection_manager - INFO - 너트1 연결 시도 시작 - 포트: COM7
2025-10-22 15:08:27,084 - modules.utils.modules.serial_connection_manager - INFO - 너트1 연결 시도 (1/1) - 포트: COM7, 보드레이트: 9600
2025-10-22 15:08:27,084 - modules.utils.modules.serial_connection_manager - WARNING - 너트1 시리얼 연결 실패 - COM7: could not open port 'COM7': FileNotFoundError(2, '지정된 파일을 찾을 수 없습니다.', None, 2)
2025-10-22 15:08:27,084 - modules.utils.modules.serial_connection_manager - ERROR - 너트1 연결 실패 - COM7: could not open port 'COM7': FileNotFoundError(2, '지정된 파일을 찾을 수 없습니다.', None, 2)
2025-10-22 15:08:27,085 - modules.utils.modules.serial_connection_manager - INFO - 너트2 연결 시도 시작 - 포트: COM8
2025-10-22 15:08:27,085 - modules.utils.modules.serial_connection_manager - INFO - 너트2 연결 시도 (1/1) - 포트: COM8, 보드레이트: 9600
2025-10-22 15:08:27,086 - modules.utils.modules.serial_connection_manager - WARNING - 너트2 시리얼 연결 실패 - COM8: could not open port 'COM8': FileNotFoundError(2, '지정된 파일을 찾을 수 없습니다.', None, 2)
2025-10-22 15:08:27,086 - modules.utils.modules.serial_connection_manager - ERROR - 너트2 연결 실패 - COM8: could not open port 'COM8': FileNotFoundError(2, '지정된 파일을 찾을 수 없습니다.', None, 2)
2025-10-22 15:18:30,810 - modules.utils.modules.serial_connection_manager - INFO - PLC 연결 시도 시작 - 포트: COM6
2025-10-22 15:18:30,810 - modules.utils.modules.serial_connection_manager - INFO - PLC 연결 시도 (1/1) - 포트: COM6, 보드레이트: 9600
2025-10-22 15:18:30,811 - modules.utils.modules.serial_connection_manager - WARNING - PLC 시리얼 연결 실패 - COM6: could not open port 'COM6': FileNotFoundError(2, '지정된 파일을 찾을 수 없습니다.', None, 2)
2025-10-22 15:18:30,811 - modules.utils.modules.serial_connection_manager - ERROR - PLC 연결 실패 - COM6: could not open port 'COM6': FileNotFoundError(2, '지정된 파일을 찾을 수 없습니다.', None, 2)
2025-10-22 15:18:30,812 - modules.utils.modules.serial_connection_manager - INFO - 스캐너 연결 시도 시작 - 포트: COM4 - AX99100 PCIe to High Speed Serial Port(COM4)
2025-10-22 15:18:30,813 - modules.utils.modules.serial_connection_manager - INFO - 스캐너 연결 시도 (1/1) - 포트: COM4, 보드레이트: 9600
2025-10-22 15:18:30,813 - modules.utils.modules.serial_connection_manager - WARNING - 스캐너 시리얼 연결 실패 - COM4: Cannot configure port, something went wrong. Original message: OSError(22, '잘못된 기능입니다.', None, 1)
2025-10-22 15:18:30,813 - modules.utils.modules.serial_connection_manager - ERROR - 스캐너 연결 실패 - COM4: Cannot configure port, something went wrong. Original message: OSError(22, '잘못된 기능입니다.', None, 1)
2025-10-22 15:18:30,814 - modules.utils.modules.serial_connection_manager - INFO - 프린터 연결 시도 시작 - 포트: COM1
2025-10-22 15:18:30,814 - modules.utils.modules.serial_connection_manager - INFO - 프린터 연결 시도 (1/1) - 포트: COM1, 보드레이트: 9600
2025-10-22 15:18:30,815 - modules.utils.modules.serial_connection_manager - WARNING - 프린터 시리얼 연결 실패 - COM1: Cannot configure port, something went wrong. Original message: OSError(22, '잘못된 기능입니다.', None, 1)
2025-10-22 15:18:30,815 - modules.utils.modules.serial_connection_manager - ERROR - 프린터 연결 실패 - COM1: Cannot configure port, something went wrong. Original message: OSError(22, '잘못된 기능입니다.', None, 1)
2025-10-22 15:18:30,816 - modules.utils.modules.serial_connection_manager - INFO - 너트1 연결 시도 시작 - 포트: COM7
2025-10-22 15:18:30,816 - modules.utils.modules.serial_connection_manager - INFO - 너트1 연결 시도 (1/1) - 포트: COM7, 보드레이트: 9600
2025-10-22 15:18:30,816 - modules.utils.modules.serial_connection_manager - WARNING - 너트1 시리얼 연결 실패 - COM7: could not open port 'COM7': FileNotFoundError(2, '지정된 파일을 찾을 수 없습니다.', None, 2)
2025-10-22 15:18:30,816 - modules.utils.modules.serial_connection_manager - ERROR - 너트1 연결 실패 - COM7: could not open port 'COM7': FileNotFoundError(2, '지정된 파일을 찾을 수 없습니다.', None, 2)
2025-10-22 15:18:30,817 - modules.utils.modules.serial_connection_manager - INFO - 너트2 연결 시도 시작 - 포트: COM8
2025-10-22 15:18:30,817 - modules.utils.modules.serial_connection_manager - INFO - 너트2 연결 시도 (1/1) - 포트: COM8, 보드레이트: 9600
2025-10-22 15:18:30,818 - modules.utils.modules.serial_connection_manager - WARNING - 너트2 시리얼 연결 실패 - COM8: could not open port 'COM8': FileNotFoundError(2, '지정된 파일을 찾을 수 없습니다.', None, 2)
2025-10-22 15:18:30,818 - modules.utils.modules.serial_connection_manager - ERROR - 너트2 연결 실패 - COM8: could not open port 'COM8': FileNotFoundError(2, '지정된 파일을 찾을 수 없습니다.', None, 2)
2025-10-22 15:19:24,638 - modules.utils.modules.serial_connection_manager - INFO - PLC 연결 시도 시작 - 포트: COM6
2025-10-22 15:19:24,638 - modules.utils.modules.serial_connection_manager - INFO - PLC 연결 시도 (1/1) - 포트: COM6, 보드레이트: 9600
2025-10-22 15:19:24,639 - modules.utils.modules.serial_connection_manager - WARNING - PLC 시리얼 연결 실패 - COM6: could not open port 'COM6': FileNotFoundError(2, '지정된 파일을 찾을 수 없습니다.', None, 2)
2025-10-22 15:19:24,639 - modules.utils.modules.serial_connection_manager - ERROR - PLC 연결 실패 - COM6: could not open port 'COM6': FileNotFoundError(2, '지정된 파일을 찾을 수 없습니다.', None, 2)
2025-10-22 15:19:24,640 - modules.utils.modules.serial_connection_manager - INFO - 스캐너 연결 시도 시작 - 포트: COM4 - AX99100 PCIe to High Speed Serial Port(COM4)
2025-10-22 15:19:24,640 - modules.utils.modules.serial_connection_manager - INFO - 스캐너 연결 시도 (1/1) - 포트: COM4, 보드레이트: 9600
2025-10-22 15:19:24,641 - modules.utils.modules.serial_connection_manager - WARNING - 스캐너 시리얼 연결 실패 - COM4: Cannot configure port, something went wrong. Original message: OSError(22, '잘못된 기능입니다.', None, 1)
2025-10-22 15:19:24,641 - modules.utils.modules.serial_connection_manager - ERROR - 스캐너 연결 실패 - COM4: Cannot configure port, something went wrong. Original message: OSError(22, '잘못된 기능입니다.', None, 1)
2025-10-22 15:19:24,641 - modules.utils.modules.serial_connection_manager - INFO - 프린터 연결 시도 시작 - 포트: COM1
2025-10-22 15:19:24,642 - modules.utils.modules.serial_connection_manager - INFO - 프린터 연결 시도 (1/1) - 포트: COM1, 보드레이트: 9600
2025-10-22 15:19:24,642 - modules.utils.modules.serial_connection_manager - WARNING - 프린터 시리얼 연결 실패 - COM1: Cannot configure port, something went wrong. Original message: OSError(22, '잘못된 기능입니다.', None, 1)
2025-10-22 15:19:24,642 - modules.utils.modules.serial_connection_manager - ERROR - 프린터 연결 실패 - COM1: Cannot configure port, something went wrong. Original message: OSError(22, '잘못된 기능입니다.', None, 1)
2025-10-22 15:19:24,643 - modules.utils.modules.serial_connection_manager - INFO - 너트1 연결 시도 시작 - 포트: COM7
2025-10-22 15:19:24,643 - modules.utils.modules.serial_connection_manager - INFO - 너트1 연결 시도 (1/1) - 포트: COM7, 보드레이트: 9600
2025-10-22 15:19:24,643 - modules.utils.modules.serial_connection_manager - WARNING - 너트1 시리얼 연결 실패 - COM7: could not open port 'COM7': FileNotFoundError(2, '지정된 파일을 찾을 수 없습니다.', None, 2)
2025-10-22 15:19:24,643 - modules.utils.modules.serial_connection_manager - ERROR - 너트1 연결 실패 - COM7: could not open port 'COM7': FileNotFoundError(2, '지정된 파일을 찾을 수 없습니다.', None, 2)
2025-10-22 15:19:24,644 - modules.utils.modules.serial_connection_manager - INFO - 너트2 연결 시도 시작 - 포트: COM8
2025-10-22 15:19:24,644 - modules.utils.modules.serial_connection_manager - INFO - 너트2 연결 시도 (1/1) - 포트: COM8, 보드레이트: 9600
2025-10-22 15:19:24,645 - modules.utils.modules.serial_connection_manager - WARNING - 너트2 시리얼 연결 실패 - COM8: could not open port 'COM8': FileNotFoundError(2, '지정된 파일을 찾을 수 없습니다.', None, 2)
2025-10-22 15:19:24,645 - modules.utils.modules.serial_connection_manager - ERROR - 너트2 연결 실패 - COM8: could not open port 'COM8': FileNotFoundError(2, '지정된 파일을 찾을 수 없습니다.', None, 2)
