2025-10-17 07:21:35,341 - utils.modules.serial_connection_manager - INFO - 스캐너 연결 시도 시작
2025-10-17 07:21:35,357 - utils.modules.serial_connection_manager - INFO - 스캐너 COM4 연결 시도 중... (시도 1/3)
2025-10-17 07:21:35,373 - utils.modules.serial_connection_manager - INFO - 스캐너 연결 성공: 연결 성공: COM4
2025-10-17 07:21:35,376 - utils.modules.serial_connection_manager - INFO - 스캐너 설정 저장 시작
2025-10-17 07:21:35,378 - utils.modules.serial_connection_manager - INFO - 스캐너 설정 저장 성공
2025-10-17 07:21:35,379 - utils.modules.serial_connection_manager - INFO - 스캐너 UI 업데이트 완료 (연결됨)
2025-10-17 07:22:21,459 - utils.modules.serial_connection_manager - INFO - PLC 연결 시도 시작 - 포트: COM6 - USB-Enhanced-SERIAL CH343(COM6)
2025-10-17 07:22:21,461 - utils.modules.serial_connection_manager - INFO - PLC 연결 시도 (1/1) - 포트: COM6, 보드레이트: 9600
2025-10-17 07:22:21,542 - utils.modules.serial_connection_manager - INFO - PLC 연결 성공 - COM6 (9600bps)
2025-10-17 07:22:21,542 - utils.modules.serial_connection_manager - INFO - 스캐너 연결 시도 시작 - 포트: COM4 - AX99100 PCIe to High Speed Serial Port(COM4)
2025-10-17 07:22:21,543 - utils.modules.serial_connection_manager - INFO - 스캐너 연결 시도 (1/1) - 포트: COM4, 보드레이트: 9600
2025-10-17 07:22:21,619 - utils.modules.serial_connection_manager - INFO - 스캐너 연결 성공 - COM4 (9600bps)
2025-10-17 07:22:21,619 - utils.modules.serial_connection_manager - INFO - 프린터 연결 시도 시작 - 포트: COM3 - AX99100 PCIe to High Speed Serial Port(COM3)
2025-10-17 07:22:21,619 - utils.modules.serial_connection_manager - INFO - 프린터 연결 시도 (1/1) - 포트: COM3, 보드레이트: 9600
2025-10-17 07:22:21,697 - utils.modules.serial_connection_manager - INFO - 프린터 연결 성공 - COM3 (9600bps)
2025-10-17 07:22:21,698 - utils.modules.serial_connection_manager - INFO - 너트1 연결 시도 시작 - 포트: COM4
2025-10-17 07:22:21,698 - utils.modules.serial_connection_manager - INFO - 너트1 연결 시도 (1/1) - 포트: COM4, 보드레이트: 9600
2025-10-17 07:22:21,699 - utils.modules.serial_connection_manager - WARNING - 너트1 시리얼 연결 실패 - COM4: could not open port 'COM4': PermissionError(13, '액세스가 거부되었습니다.', None, 5)
2025-10-17 07:22:21,699 - utils.modules.serial_connection_manager - ERROR - 너트1 연결 실패 - COM4: could not open port 'COM4': PermissionError(13, '액세스가 거부되었습니다.', None, 5)
2025-10-17 07:22:21,700 - utils.modules.serial_connection_manager - INFO - 너트2 연결 시도 시작 - 포트: COM5
2025-10-17 07:22:21,700 - utils.modules.serial_connection_manager - INFO - 너트2 연결 시도 (1/1) - 포트: COM5, 보드레이트: 9600
2025-10-17 07:22:21,701 - utils.modules.serial_connection_manager - WARNING - 너트2 시리얼 연결 실패 - COM5: could not open port 'COM5': FileNotFoundError(2, '지정된 파일을 찾을 수 없습니다.', None, 2)
2025-10-17 07:22:21,701 - utils.modules.serial_connection_manager - ERROR - 너트2 연결 실패 - COM5: could not open port 'COM5': FileNotFoundError(2, '지정된 파일을 찾을 수 없습니다.', None, 2)
2025-10-17 07:25:21,087 - utils.modules.serial_connection_manager - INFO - PLC 연결 시도 시작 - 포트: COM6 - USB-Enhanced-SERIAL CH343(COM6)
2025-10-17 07:25:21,087 - utils.modules.serial_connection_manager - INFO - PLC 연결 시도 (1/1) - 포트: COM6, 보드레이트: 9600
2025-10-17 07:25:21,163 - utils.modules.serial_connection_manager - INFO - PLC 연결 성공 - COM6 (9600bps)
2025-10-17 07:25:21,164 - utils.modules.serial_connection_manager - INFO - 스캐너 연결 시도 시작 - 포트: COM4 - AX99100 PCIe to High Speed Serial Port(COM4)
2025-10-17 07:25:21,164 - utils.modules.serial_connection_manager - INFO - 스캐너 연결 시도 (1/1) - 포트: COM4, 보드레이트: 9600
2025-10-17 07:25:21,240 - utils.modules.serial_connection_manager - INFO - 스캐너 연결 성공 - COM4 (9600bps)
2025-10-17 07:25:21,240 - utils.modules.serial_connection_manager - INFO - 프린터 연결 시도 시작 - 포트: COM3 - AX99100 PCIe to High Speed Serial Port(COM3)
2025-10-17 07:25:21,241 - utils.modules.serial_connection_manager - INFO - 프린터 연결 시도 (1/1) - 포트: COM3, 보드레이트: 9600
2025-10-17 07:25:21,320 - utils.modules.serial_connection_manager - INFO - 프린터 연결 성공 - COM3 (9600bps)
2025-10-17 07:25:21,320 - utils.modules.serial_connection_manager - INFO - 너트1 연결 시도 시작 - 포트: COM4
2025-10-17 07:25:21,321 - utils.modules.serial_connection_manager - INFO - 너트1 연결 시도 (1/1) - 포트: COM4, 보드레이트: 9600
2025-10-17 07:25:21,323 - utils.modules.serial_connection_manager - WARNING - 너트1 시리얼 연결 실패 - COM4: could not open port 'COM4': PermissionError(13, '액세스가 거부되었습니다.', None, 5)
2025-10-17 07:25:21,323 - utils.modules.serial_connection_manager - ERROR - 너트1 연결 실패 - COM4: could not open port 'COM4': PermissionError(13, '액세스가 거부되었습니다.', None, 5)
2025-10-17 07:25:21,324 - utils.modules.serial_connection_manager - INFO - 너트2 연결 시도 시작 - 포트: COM5
2025-10-17 07:25:21,324 - utils.modules.serial_connection_manager - INFO - 너트2 연결 시도 (1/1) - 포트: COM5, 보드레이트: 9600
2025-10-17 07:25:21,325 - utils.modules.serial_connection_manager - WARNING - 너트2 시리얼 연결 실패 - COM5: could not open port 'COM5': FileNotFoundError(2, '지정된 파일을 찾을 수 없습니다.', None, 2)
2025-10-17 07:25:21,325 - utils.modules.serial_connection_manager - ERROR - 너트2 연결 실패 - COM5: could not open port 'COM5': FileNotFoundError(2, '지정된 파일을 찾을 수 없습니다.', None, 2)
2025-10-17 07:30:52,821 - utils.modules.serial_connection_manager - INFO - PLC 연결 시도 시작 - 포트: COM6 - USB-Enhanced-SERIAL CH343(COM6)
2025-10-17 07:30:52,822 - utils.modules.serial_connection_manager - INFO - PLC 연결 시도 (1/1) - 포트: COM6, 보드레이트: 9600
2025-10-17 07:30:52,907 - utils.modules.serial_connection_manager - INFO - PLC 연결 성공 - COM6 (9600bps)
2025-10-17 07:30:52,908 - utils.modules.serial_connection_manager - INFO - 스캐너 연결 시도 시작 - 포트: COM4 - AX99100 PCIe to High Speed Serial Port(COM4)
2025-10-17 07:30:52,908 - utils.modules.serial_connection_manager - INFO - 스캐너 연결 시도 (1/1) - 포트: COM4, 보드레이트: 9600
2025-10-17 07:30:52,984 - utils.modules.serial_connection_manager - INFO - 스캐너 연결 성공 - COM4 (9600bps)
2025-10-17 07:30:52,984 - utils.modules.serial_connection_manager - INFO - 프린터 연결 시도 시작 - 포트: COM3 - AX99100 PCIe to High Speed Serial Port(COM3)
2025-10-17 07:30:52,984 - utils.modules.serial_connection_manager - INFO - 프린터 연결 시도 (1/1) - 포트: COM3, 보드레이트: 9600
2025-10-17 07:30:53,063 - utils.modules.serial_connection_manager - INFO - 프린터 연결 성공 - COM3 (9600bps)
2025-10-17 07:30:53,063 - utils.modules.serial_connection_manager - INFO - 너트1 연결 시도 시작 - 포트: COM4
2025-10-17 07:30:53,063 - utils.modules.serial_connection_manager - INFO - 너트1 연결 시도 (1/1) - 포트: COM4, 보드레이트: 9600
2025-10-17 07:30:53,064 - utils.modules.serial_connection_manager - WARNING - 너트1 시리얼 연결 실패 - COM4: could not open port 'COM4': PermissionError(13, '액세스가 거부되었습니다.', None, 5)
2025-10-17 07:30:53,064 - utils.modules.serial_connection_manager - ERROR - 너트1 연결 실패 - COM4: could not open port 'COM4': PermissionError(13, '액세스가 거부되었습니다.', None, 5)
2025-10-17 07:30:53,064 - utils.modules.serial_connection_manager - INFO - 너트2 연결 시도 시작 - 포트: COM5
2025-10-17 07:30:53,065 - utils.modules.serial_connection_manager - INFO - 너트2 연결 시도 (1/1) - 포트: COM5, 보드레이트: 9600
2025-10-17 07:30:53,065 - utils.modules.serial_connection_manager - WARNING - 너트2 시리얼 연결 실패 - COM5: could not open port 'COM5': FileNotFoundError(2, '지정된 파일을 찾을 수 없습니다.', None, 2)
2025-10-17 07:30:53,065 - utils.modules.serial_connection_manager - ERROR - 너트2 연결 실패 - COM5: could not open port 'COM5': FileNotFoundError(2, '지정된 파일을 찾을 수 없습니다.', None, 2)
2025-10-17 07:37:47,005 - utils.modules.serial_connection_manager - INFO - PLC 연결 시도 시작 - 포트: COM6 - USB-Enhanced-SERIAL CH343(COM6)
2025-10-17 07:37:47,006 - utils.modules.serial_connection_manager - INFO - PLC 연결 시도 (1/1) - 포트: COM6, 보드레이트: 9600
2025-10-17 07:37:47,085 - utils.modules.serial_connection_manager - INFO - PLC 연결 성공 - COM6 (9600bps)
2025-10-17 07:37:47,085 - utils.modules.serial_connection_manager - INFO - 스캐너 연결 시도 시작 - 포트: COM4 - AX99100 PCIe to High Speed Serial Port(COM4)
2025-10-17 07:37:47,086 - utils.modules.serial_connection_manager - INFO - 스캐너 연결 시도 (1/1) - 포트: COM4, 보드레이트: 9600
2025-10-17 07:37:47,164 - utils.modules.serial_connection_manager - INFO - 스캐너 연결 성공 - COM4 (9600bps)
2025-10-17 07:37:47,165 - utils.modules.serial_connection_manager - INFO - 프린터 연결 시도 시작 - 포트: COM3 - AX99100 PCIe to High Speed Serial Port(COM3)
2025-10-17 07:37:47,165 - utils.modules.serial_connection_manager - INFO - 프린터 연결 시도 (1/1) - 포트: COM3, 보드레이트: 9600
2025-10-17 07:37:47,242 - utils.modules.serial_connection_manager - INFO - 프린터 연결 성공 - COM3 (9600bps)
2025-10-17 07:37:47,244 - utils.modules.serial_connection_manager - INFO - 너트1 연결 시도 시작 - 포트: COM4
2025-10-17 07:37:47,244 - utils.modules.serial_connection_manager - INFO - 너트1 연결 시도 (1/1) - 포트: COM4, 보드레이트: 9600
2025-10-17 07:37:47,246 - utils.modules.serial_connection_manager - WARNING - 너트1 시리얼 연결 실패 - COM4: could not open port 'COM4': PermissionError(13, '액세스가 거부되었습니다.', None, 5)
2025-10-17 07:37:47,247 - utils.modules.serial_connection_manager - ERROR - 너트1 연결 실패 - COM4: could not open port 'COM4': PermissionError(13, '액세스가 거부되었습니다.', None, 5)
2025-10-17 07:37:47,248 - utils.modules.serial_connection_manager - INFO - 너트2 연결 시도 시작 - 포트: COM5
2025-10-17 07:37:47,248 - utils.modules.serial_connection_manager - INFO - 너트2 연결 시도 (1/1) - 포트: COM5, 보드레이트: 9600
2025-10-17 07:37:47,249 - utils.modules.serial_connection_manager - WARNING - 너트2 시리얼 연결 실패 - COM5: could not open port 'COM5': FileNotFoundError(2, '지정된 파일을 찾을 수 없습니다.', None, 2)
2025-10-17 07:37:47,249 - utils.modules.serial_connection_manager - ERROR - 너트2 연결 실패 - COM5: could not open port 'COM5': FileNotFoundError(2, '지정된 파일을 찾을 수 없습니다.', None, 2)
2025-10-17 07:49:38,746 - utils.modules.serial_connection_manager - INFO - PLC 연결 시도 시작 - 포트: COM6 - USB-Enhanced-SERIAL CH343(COM6)
2025-10-17 07:49:38,747 - utils.modules.serial_connection_manager - INFO - PLC 연결 시도 (1/1) - 포트: COM6, 보드레이트: 9600
2025-10-17 07:49:38,831 - utils.modules.serial_connection_manager - INFO - PLC 연결 성공 - COM6 (9600bps)
2025-10-17 07:49:38,831 - utils.modules.serial_connection_manager - INFO - 스캐너 연결 시도 시작 - 포트: COM4 - AX99100 PCIe to High Speed Serial Port(COM4)
2025-10-17 07:49:38,831 - utils.modules.serial_connection_manager - INFO - 스캐너 연결 시도 (1/1) - 포트: COM4, 보드레이트: 9600
2025-10-17 07:49:38,909 - utils.modules.serial_connection_manager - INFO - 스캐너 연결 성공 - COM4 (9600bps)
2025-10-17 07:49:38,909 - utils.modules.serial_connection_manager - INFO - 프린터 연결 시도 시작 - 포트: COM3 - AX99100 PCIe to High Speed Serial Port(COM3)
2025-10-17 07:49:38,909 - utils.modules.serial_connection_manager - INFO - 프린터 연결 시도 (1/1) - 포트: COM3, 보드레이트: 9600
2025-10-17 07:49:38,910 - utils.modules.serial_connection_manager - WARNING - 프린터 시리얼 연결 실패 - COM3: could not open port 'COM3': PermissionError(13, '액세스가 거부되었습니다.', None, 5)
2025-10-17 07:49:38,910 - utils.modules.serial_connection_manager - ERROR - 프린터 연결 실패 - COM3: could not open port 'COM3': PermissionError(13, '액세스가 거부되었습니다.', None, 5)
2025-10-17 07:49:38,911 - utils.modules.serial_connection_manager - INFO - 너트1 연결 시도 시작 - 포트: COM4
2025-10-17 07:49:38,911 - utils.modules.serial_connection_manager - INFO - 너트1 연결 시도 (1/1) - 포트: COM4, 보드레이트: 9600
2025-10-17 07:49:38,911 - utils.modules.serial_connection_manager - WARNING - 너트1 시리얼 연결 실패 - COM4: could not open port 'COM4': PermissionError(13, '액세스가 거부되었습니다.', None, 5)
2025-10-17 07:49:38,911 - utils.modules.serial_connection_manager - ERROR - 너트1 연결 실패 - COM4: could not open port 'COM4': PermissionError(13, '액세스가 거부되었습니다.', None, 5)
2025-10-17 07:49:38,912 - utils.modules.serial_connection_manager - INFO - 너트2 연결 시도 시작 - 포트: COM5
2025-10-17 07:49:38,912 - utils.modules.serial_connection_manager - INFO - 너트2 연결 시도 (1/1) - 포트: COM5, 보드레이트: 9600
2025-10-17 07:49:38,913 - utils.modules.serial_connection_manager - WARNING - 너트2 시리얼 연결 실패 - COM5: could not open port 'COM5': FileNotFoundError(2, '지정된 파일을 찾을 수 없습니다.', None, 2)
2025-10-17 07:49:38,913 - utils.modules.serial_connection_manager - ERROR - 너트2 연결 실패 - COM5: could not open port 'COM5': FileNotFoundError(2, '지정된 파일을 찾을 수 없습니다.', None, 2)
2025-10-17 07:52:11,333 - utils.modules.serial_connection_manager - INFO - PLC 연결 시도 시작 - 포트: COM6 - USB-Enhanced-SERIAL CH343(COM6)
2025-10-17 07:52:11,333 - utils.modules.serial_connection_manager - INFO - PLC 연결 시도 (1/1) - 포트: COM6, 보드레이트: 9600
2025-10-17 07:52:11,406 - utils.modules.serial_connection_manager - INFO - PLC 연결 성공 - COM6 (9600bps)
2025-10-17 07:52:11,406 - utils.modules.serial_connection_manager - INFO - 스캐너 연결 시도 시작 - 포트: COM4 - AX99100 PCIe to High Speed Serial Port(COM4)
2025-10-17 07:52:11,406 - utils.modules.serial_connection_manager - INFO - 스캐너 연결 시도 (1/1) - 포트: COM4, 보드레이트: 9600
2025-10-17 07:52:11,482 - utils.modules.serial_connection_manager - INFO - 스캐너 연결 성공 - COM4 (9600bps)
2025-10-17 07:52:11,482 - utils.modules.serial_connection_manager - INFO - 프린터 연결 시도 시작 - 포트: COM3 - AX99100 PCIe to High Speed Serial Port(COM3)
2025-10-17 07:52:11,482 - utils.modules.serial_connection_manager - INFO - 프린터 연결 시도 (1/1) - 포트: COM3, 보드레이트: 9600
2025-10-17 07:52:11,483 - utils.modules.serial_connection_manager - WARNING - 프린터 시리얼 연결 실패 - COM3: could not open port 'COM3': PermissionError(13, '액세스가 거부되었습니다.', None, 5)
2025-10-17 07:52:11,483 - utils.modules.serial_connection_manager - ERROR - 프린터 연결 실패 - COM3: could not open port 'COM3': PermissionError(13, '액세스가 거부되었습니다.', None, 5)
2025-10-17 07:52:11,484 - utils.modules.serial_connection_manager - INFO - 너트1 연결 시도 시작 - 포트: COM4
2025-10-17 07:52:11,484 - utils.modules.serial_connection_manager - INFO - 너트1 연결 시도 (1/1) - 포트: COM4, 보드레이트: 9600
2025-10-17 07:52:11,484 - utils.modules.serial_connection_manager - WARNING - 너트1 시리얼 연결 실패 - COM4: could not open port 'COM4': PermissionError(13, '액세스가 거부되었습니다.', None, 5)
2025-10-17 07:52:11,484 - utils.modules.serial_connection_manager - ERROR - 너트1 연결 실패 - COM4: could not open port 'COM4': PermissionError(13, '액세스가 거부되었습니다.', None, 5)
2025-10-17 07:52:11,485 - utils.modules.serial_connection_manager - INFO - 너트2 연결 시도 시작 - 포트: COM5
2025-10-17 07:52:11,485 - utils.modules.serial_connection_manager - INFO - 너트2 연결 시도 (1/1) - 포트: COM5, 보드레이트: 9600
2025-10-17 07:52:11,485 - utils.modules.serial_connection_manager - WARNING - 너트2 시리얼 연결 실패 - COM5: could not open port 'COM5': FileNotFoundError(2, '지정된 파일을 찾을 수 없습니다.', None, 2)
2025-10-17 07:52:11,485 - utils.modules.serial_connection_manager - ERROR - 너트2 연결 실패 - COM5: could not open port 'COM5': FileNotFoundError(2, '지정된 파일을 찾을 수 없습니다.', None, 2)
2025-10-17 08:07:35,641 - utils.modules.serial_connection_manager - INFO - PLC 연결 시도 시작 - 포트: COM6 - USB-Enhanced-SERIAL CH343(COM6)
2025-10-17 08:07:35,642 - utils.modules.serial_connection_manager - INFO - PLC 연결 시도 (1/1) - 포트: COM6, 보드레이트: 9600
2025-10-17 08:07:35,714 - utils.modules.serial_connection_manager - INFO - PLC 연결 성공 - COM6 (9600bps)
2025-10-17 08:07:35,715 - utils.modules.serial_connection_manager - INFO - 스캐너 연결 시도 시작 - 포트: COM4 - AX99100 PCIe to High Speed Serial Port(COM4)
2025-10-17 08:07:35,715 - utils.modules.serial_connection_manager - INFO - 스캐너 연결 시도 (1/1) - 포트: COM4, 보드레이트: 9600
2025-10-17 08:07:35,792 - utils.modules.serial_connection_manager - INFO - 스캐너 연결 성공 - COM4 (9600bps)
2025-10-17 08:07:35,792 - utils.modules.serial_connection_manager - INFO - 프린터 연결 시도 시작 - 포트: COM3 - AX99100 PCIe to High Speed Serial Port(COM3)
2025-10-17 08:07:35,792 - utils.modules.serial_connection_manager - INFO - 프린터 연결 시도 (1/1) - 포트: COM3, 보드레이트: 9600
2025-10-17 08:07:35,793 - utils.modules.serial_connection_manager - WARNING - 프린터 시리얼 연결 실패 - COM3: could not open port 'COM3': PermissionError(13, '액세스가 거부되었습니다.', None, 5)
2025-10-17 08:07:35,793 - utils.modules.serial_connection_manager - ERROR - 프린터 연결 실패 - COM3: could not open port 'COM3': PermissionError(13, '액세스가 거부되었습니다.', None, 5)
2025-10-17 08:07:35,794 - utils.modules.serial_connection_manager - INFO - 너트1 연결 시도 시작 - 포트: COM4
2025-10-17 08:07:35,795 - utils.modules.serial_connection_manager - INFO - 너트1 연결 시도 (1/1) - 포트: COM4, 보드레이트: 9600
2025-10-17 08:07:35,795 - utils.modules.serial_connection_manager - WARNING - 너트1 시리얼 연결 실패 - COM4: could not open port 'COM4': PermissionError(13, '액세스가 거부되었습니다.', None, 5)
2025-10-17 08:07:35,795 - utils.modules.serial_connection_manager - ERROR - 너트1 연결 실패 - COM4: could not open port 'COM4': PermissionError(13, '액세스가 거부되었습니다.', None, 5)
2025-10-17 08:07:35,795 - utils.modules.serial_connection_manager - INFO - 너트2 연결 시도 시작 - 포트: COM5
2025-10-17 08:07:35,796 - utils.modules.serial_connection_manager - INFO - 너트2 연결 시도 (1/1) - 포트: COM5, 보드레이트: 9600
2025-10-17 08:07:35,796 - utils.modules.serial_connection_manager - WARNING - 너트2 시리얼 연결 실패 - COM5: could not open port 'COM5': FileNotFoundError(2, '지정된 파일을 찾을 수 없습니다.', None, 2)
2025-10-17 08:07:35,796 - utils.modules.serial_connection_manager - ERROR - 너트2 연결 실패 - COM5: could not open port 'COM5': FileNotFoundError(2, '지정된 파일을 찾을 수 없습니다.', None, 2)
2025-10-17 08:10:10,324 - utils.modules.serial_connection_manager - INFO - PLC 연결 시도 시작 - 포트: COM6 - USB-Enhanced-SERIAL CH343(COM6)
2025-10-17 08:10:10,325 - utils.modules.serial_connection_manager - INFO - PLC 연결 시도 (1/1) - 포트: COM6, 보드레이트: 9600
2025-10-17 08:10:10,397 - utils.modules.serial_connection_manager - INFO - PLC 연결 성공 - COM6 (9600bps)
2025-10-17 08:10:10,399 - utils.modules.serial_connection_manager - INFO - 스캐너 연결 시도 시작 - 포트: COM4 - AX99100 PCIe to High Speed Serial Port(COM4)
2025-10-17 08:10:10,399 - utils.modules.serial_connection_manager - INFO - 스캐너 연결 시도 (1/1) - 포트: COM4, 보드레이트: 9600
2025-10-17 08:10:10,475 - utils.modules.serial_connection_manager - INFO - 스캐너 연결 성공 - COM4 (9600bps)
2025-10-17 08:10:10,475 - utils.modules.serial_connection_manager - INFO - 프린터 연결 시도 시작 - 포트: COM3 - AX99100 PCIe to High Speed Serial Port(COM3)
2025-10-17 08:10:10,476 - utils.modules.serial_connection_manager - INFO - 프린터 연결 시도 (1/1) - 포트: COM3, 보드레이트: 9600
2025-10-17 08:10:10,478 - utils.modules.serial_connection_manager - WARNING - 프린터 시리얼 연결 실패 - COM3: could not open port 'COM3': PermissionError(13, '액세스가 거부되었습니다.', None, 5)
2025-10-17 08:10:10,478 - utils.modules.serial_connection_manager - ERROR - 프린터 연결 실패 - COM3: could not open port 'COM3': PermissionError(13, '액세스가 거부되었습니다.', None, 5)
2025-10-17 08:10:10,479 - utils.modules.serial_connection_manager - INFO - 너트1 연결 시도 시작 - 포트: COM4
2025-10-17 08:10:10,480 - utils.modules.serial_connection_manager - INFO - 너트1 연결 시도 (1/1) - 포트: COM4, 보드레이트: 9600
2025-10-17 08:10:10,480 - utils.modules.serial_connection_manager - WARNING - 너트1 시리얼 연결 실패 - COM4: could not open port 'COM4': PermissionError(13, '액세스가 거부되었습니다.', None, 5)
2025-10-17 08:10:10,481 - utils.modules.serial_connection_manager - ERROR - 너트1 연결 실패 - COM4: could not open port 'COM4': PermissionError(13, '액세스가 거부되었습니다.', None, 5)
2025-10-17 08:10:10,482 - utils.modules.serial_connection_manager - INFO - 너트2 연결 시도 시작 - 포트: COM5
2025-10-17 08:10:10,482 - utils.modules.serial_connection_manager - INFO - 너트2 연결 시도 (1/1) - 포트: COM5, 보드레이트: 9600
2025-10-17 08:10:10,482 - utils.modules.serial_connection_manager - WARNING - 너트2 시리얼 연결 실패 - COM5: could not open port 'COM5': FileNotFoundError(2, '지정된 파일을 찾을 수 없습니다.', None, 2)
2025-10-17 08:10:10,482 - utils.modules.serial_connection_manager - ERROR - 너트2 연결 실패 - COM5: could not open port 'COM5': FileNotFoundError(2, '지정된 파일을 찾을 수 없습니다.', None, 2)
2025-10-17 08:11:14,823 - utils.modules.serial_connection_manager - INFO - PLC 연결 시도 시작 - 포트: COM6 - USB-Enhanced-SERIAL CH343(COM6)
2025-10-17 08:11:14,824 - utils.modules.serial_connection_manager - INFO - PLC 연결 시도 (1/1) - 포트: COM6, 보드레이트: 9600
2025-10-17 08:11:14,906 - utils.modules.serial_connection_manager - INFO - PLC 연결 성공 - COM6 (9600bps)
2025-10-17 08:11:14,906 - utils.modules.serial_connection_manager - INFO - 스캐너 연결 시도 시작 - 포트: COM4 - AX99100 PCIe to High Speed Serial Port(COM4)
2025-10-17 08:11:14,907 - utils.modules.serial_connection_manager - INFO - 스캐너 연결 시도 (1/1) - 포트: COM4, 보드레이트: 9600
2025-10-17 08:11:14,983 - utils.modules.serial_connection_manager - INFO - 스캐너 연결 성공 - COM4 (9600bps)
2025-10-17 08:11:14,985 - utils.modules.serial_connection_manager - INFO - 프린터 연결 시도 시작 - 포트: COM3 - AX99100 PCIe to High Speed Serial Port(COM3)
2025-10-17 08:11:14,985 - utils.modules.serial_connection_manager - INFO - 프린터 연결 시도 (1/1) - 포트: COM3, 보드레이트: 9600
2025-10-17 08:11:14,987 - utils.modules.serial_connection_manager - WARNING - 프린터 시리얼 연결 실패 - COM3: could not open port 'COM3': PermissionError(13, '액세스가 거부되었습니다.', None, 5)
2025-10-17 08:11:14,987 - utils.modules.serial_connection_manager - ERROR - 프린터 연결 실패 - COM3: could not open port 'COM3': PermissionError(13, '액세스가 거부되었습니다.', None, 5)
2025-10-17 08:11:14,989 - utils.modules.serial_connection_manager - INFO - 너트1 연결 시도 시작 - 포트: COM4
2025-10-17 08:11:14,989 - utils.modules.serial_connection_manager - INFO - 너트1 연결 시도 (1/1) - 포트: COM4, 보드레이트: 9600
2025-10-17 08:11:14,989 - utils.modules.serial_connection_manager - WARNING - 너트1 시리얼 연결 실패 - COM4: could not open port 'COM4': PermissionError(13, '액세스가 거부되었습니다.', None, 5)
2025-10-17 08:11:14,990 - utils.modules.serial_connection_manager - ERROR - 너트1 연결 실패 - COM4: could not open port 'COM4': PermissionError(13, '액세스가 거부되었습니다.', None, 5)
2025-10-17 08:11:14,990 - utils.modules.serial_connection_manager - INFO - 너트2 연결 시도 시작 - 포트: COM5
2025-10-17 08:11:14,991 - utils.modules.serial_connection_manager - INFO - 너트2 연결 시도 (1/1) - 포트: COM5, 보드레이트: 9600
2025-10-17 08:11:14,991 - utils.modules.serial_connection_manager - WARNING - 너트2 시리얼 연결 실패 - COM5: could not open port 'COM5': FileNotFoundError(2, '지정된 파일을 찾을 수 없습니다.', None, 2)
2025-10-17 08:11:14,991 - utils.modules.serial_connection_manager - ERROR - 너트2 연결 실패 - COM5: could not open port 'COM5': FileNotFoundError(2, '지정된 파일을 찾을 수 없습니다.', None, 2)
2025-10-17 08:35:31,390 - utils.modules.serial_connection_manager - INFO - PLC 연결 시도 시작 - 포트: COM6 - USB-Enhanced-SERIAL CH343(COM6)
2025-10-17 08:35:31,390 - utils.modules.serial_connection_manager - INFO - PLC 연결 시도 (1/1) - 포트: COM6, 보드레이트: 9600
2025-10-17 08:35:31,461 - utils.modules.serial_connection_manager - INFO - PLC 연결 성공 - COM6 (9600bps)
2025-10-17 08:35:31,461 - utils.modules.serial_connection_manager - INFO - 스캐너 연결 시도 시작 - 포트: COM4 - AX99100 PCIe to High Speed Serial Port(COM4)
2025-10-17 08:35:31,461 - utils.modules.serial_connection_manager - INFO - 스캐너 연결 시도 (1/1) - 포트: COM4, 보드레이트: 9600
2025-10-17 08:35:31,537 - utils.modules.serial_connection_manager - INFO - 스캐너 연결 성공 - COM4 (9600bps)
2025-10-17 08:35:31,537 - utils.modules.serial_connection_manager - INFO - 프린터 연결 시도 시작 - 포트: COM3 - AX99100 PCIe to High Speed Serial Port(COM3)
2025-10-17 08:35:31,537 - utils.modules.serial_connection_manager - INFO - 프린터 연결 시도 (1/1) - 포트: COM3, 보드레이트: 9600
2025-10-17 08:35:31,539 - utils.modules.serial_connection_manager - WARNING - 프린터 시리얼 연결 실패 - COM3: could not open port 'COM3': PermissionError(13, '액세스가 거부되었습니다.', None, 5)
2025-10-17 08:35:31,539 - utils.modules.serial_connection_manager - ERROR - 프린터 연결 실패 - COM3: could not open port 'COM3': PermissionError(13, '액세스가 거부되었습니다.', None, 5)
2025-10-17 08:35:31,540 - utils.modules.serial_connection_manager - INFO - 너트1 연결 시도 시작 - 포트: COM4
2025-10-17 08:35:31,540 - utils.modules.serial_connection_manager - INFO - 너트1 연결 시도 (1/1) - 포트: COM4, 보드레이트: 9600
2025-10-17 08:35:31,540 - utils.modules.serial_connection_manager - WARNING - 너트1 시리얼 연결 실패 - COM4: could not open port 'COM4': PermissionError(13, '액세스가 거부되었습니다.', None, 5)
2025-10-17 08:35:31,541 - utils.modules.serial_connection_manager - ERROR - 너트1 연결 실패 - COM4: could not open port 'COM4': PermissionError(13, '액세스가 거부되었습니다.', None, 5)
2025-10-17 08:35:31,541 - utils.modules.serial_connection_manager - INFO - 너트2 연결 시도 시작 - 포트: COM5
2025-10-17 08:35:31,541 - utils.modules.serial_connection_manager - INFO - 너트2 연결 시도 (1/1) - 포트: COM5, 보드레이트: 9600
2025-10-17 08:35:31,542 - utils.modules.serial_connection_manager - WARNING - 너트2 시리얼 연결 실패 - COM5: could not open port 'COM5': FileNotFoundError(2, '지정된 파일을 찾을 수 없습니다.', None, 2)
2025-10-17 08:35:31,542 - utils.modules.serial_connection_manager - ERROR - 너트2 연결 실패 - COM5: could not open port 'COM5': FileNotFoundError(2, '지정된 파일을 찾을 수 없습니다.', None, 2)
2025-10-17 08:38:44,154 - utils.modules.serial_connection_manager - INFO - PLC 연결 시도 시작 - 포트: COM6 - USB-Enhanced-SERIAL CH343(COM6)
2025-10-17 08:38:44,155 - utils.modules.serial_connection_manager - INFO - PLC 연결 시도 (1/1) - 포트: COM6, 보드레이트: 9600
2025-10-17 08:38:44,240 - utils.modules.serial_connection_manager - INFO - PLC 연결 성공 - COM6 (9600bps)
2025-10-17 08:38:44,240 - utils.modules.serial_connection_manager - INFO - 스캐너 연결 시도 시작 - 포트: COM4 - AX99100 PCIe to High Speed Serial Port(COM4)
2025-10-17 08:38:44,240 - utils.modules.serial_connection_manager - INFO - 스캐너 연결 시도 (1/1) - 포트: COM4, 보드레이트: 9600
2025-10-17 08:38:44,316 - utils.modules.serial_connection_manager - INFO - 스캐너 연결 성공 - COM4 (9600bps)
2025-10-17 08:38:44,316 - utils.modules.serial_connection_manager - INFO - 프린터 연결 시도 시작 - 포트: COM3 - AX99100 PCIe to High Speed Serial Port(COM3)
2025-10-17 08:38:44,317 - utils.modules.serial_connection_manager - INFO - 프린터 연결 시도 (1/1) - 포트: COM3, 보드레이트: 9600
2025-10-17 08:38:44,318 - utils.modules.serial_connection_manager - WARNING - 프린터 시리얼 연결 실패 - COM3: could not open port 'COM3': PermissionError(13, '액세스가 거부되었습니다.', None, 5)
2025-10-17 08:38:44,318 - utils.modules.serial_connection_manager - ERROR - 프린터 연결 실패 - COM3: could not open port 'COM3': PermissionError(13, '액세스가 거부되었습니다.', None, 5)
2025-10-17 08:38:44,320 - utils.modules.serial_connection_manager - INFO - 너트1 연결 시도 시작 - 포트: COM4
2025-10-17 08:38:44,320 - utils.modules.serial_connection_manager - INFO - 너트1 연결 시도 (1/1) - 포트: COM4, 보드레이트: 9600
2025-10-17 08:38:44,320 - utils.modules.serial_connection_manager - WARNING - 너트1 시리얼 연결 실패 - COM4: could not open port 'COM4': PermissionError(13, '액세스가 거부되었습니다.', None, 5)
2025-10-17 08:38:44,320 - utils.modules.serial_connection_manager - ERROR - 너트1 연결 실패 - COM4: could not open port 'COM4': PermissionError(13, '액세스가 거부되었습니다.', None, 5)
2025-10-17 08:38:44,321 - utils.modules.serial_connection_manager - INFO - 너트2 연결 시도 시작 - 포트: COM5
2025-10-17 08:38:44,321 - utils.modules.serial_connection_manager - INFO - 너트2 연결 시도 (1/1) - 포트: COM5, 보드레이트: 9600
2025-10-17 08:38:44,322 - utils.modules.serial_connection_manager - WARNING - 너트2 시리얼 연결 실패 - COM5: could not open port 'COM5': FileNotFoundError(2, '지정된 파일을 찾을 수 없습니다.', None, 2)
2025-10-17 08:38:44,322 - utils.modules.serial_connection_manager - ERROR - 너트2 연결 실패 - COM5: could not open port 'COM5': FileNotFoundError(2, '지정된 파일을 찾을 수 없습니다.', None, 2)
2025-10-17 08:42:49,789 - utils.modules.serial_connection_manager - INFO - PLC 연결 시도 시작 - 포트: COM6 - USB-Enhanced-SERIAL CH343(COM6)
2025-10-17 08:42:49,789 - utils.modules.serial_connection_manager - INFO - PLC 연결 시도 (1/1) - 포트: COM6, 보드레이트: 9600
2025-10-17 08:42:49,873 - utils.modules.serial_connection_manager - INFO - PLC 연결 성공 - COM6 (9600bps)
2025-10-17 08:42:49,873 - utils.modules.serial_connection_manager - INFO - 스캐너 연결 시도 시작 - 포트: COM4 - AX99100 PCIe to High Speed Serial Port(COM4)
2025-10-17 08:42:49,875 - utils.modules.serial_connection_manager - INFO - 스캐너 연결 시도 (1/1) - 포트: COM4, 보드레이트: 9600
2025-10-17 08:42:49,876 - utils.modules.serial_connection_manager - WARNING - 스캐너 시리얼 연결 실패 - COM4: could not open port 'COM4': PermissionError(13, '액세스가 거부되었습니다.', None, 5)
2025-10-17 08:42:49,877 - utils.modules.serial_connection_manager - ERROR - 스캐너 연결 실패 - COM4: could not open port 'COM4': PermissionError(13, '액세스가 거부되었습니다.', None, 5)
2025-10-17 08:42:49,878 - utils.modules.serial_connection_manager - INFO - 프린터 연결 시도 시작 - 포트: COM3 - AX99100 PCIe to High Speed Serial Port(COM3)
2025-10-17 08:42:49,878 - utils.modules.serial_connection_manager - INFO - 프린터 연결 시도 (1/1) - 포트: COM3, 보드레이트: 9600
2025-10-17 08:42:49,878 - utils.modules.serial_connection_manager - WARNING - 프린터 시리얼 연결 실패 - COM3: could not open port 'COM3': PermissionError(13, '액세스가 거부되었습니다.', None, 5)
2025-10-17 08:42:49,878 - utils.modules.serial_connection_manager - ERROR - 프린터 연결 실패 - COM3: could not open port 'COM3': PermissionError(13, '액세스가 거부되었습니다.', None, 5)
2025-10-17 08:42:49,879 - utils.modules.serial_connection_manager - INFO - 너트1 연결 시도 시작 - 포트: COM4
2025-10-17 08:42:49,879 - utils.modules.serial_connection_manager - INFO - 너트1 연결 시도 (1/1) - 포트: COM4, 보드레이트: 9600
2025-10-17 08:42:49,880 - utils.modules.serial_connection_manager - WARNING - 너트1 시리얼 연결 실패 - COM4: could not open port 'COM4': PermissionError(13, '액세스가 거부되었습니다.', None, 5)
2025-10-17 08:42:49,880 - utils.modules.serial_connection_manager - ERROR - 너트1 연결 실패 - COM4: could not open port 'COM4': PermissionError(13, '액세스가 거부되었습니다.', None, 5)
2025-10-17 08:42:49,880 - utils.modules.serial_connection_manager - INFO - 너트2 연결 시도 시작 - 포트: COM5
2025-10-17 08:42:49,881 - utils.modules.serial_connection_manager - INFO - 너트2 연결 시도 (1/1) - 포트: COM5, 보드레이트: 9600
2025-10-17 08:42:49,881 - utils.modules.serial_connection_manager - WARNING - 너트2 시리얼 연결 실패 - COM5: could not open port 'COM5': FileNotFoundError(2, '지정된 파일을 찾을 수 없습니다.', None, 2)
2025-10-17 08:42:49,881 - utils.modules.serial_connection_manager - ERROR - 너트2 연결 실패 - COM5: could not open port 'COM5': FileNotFoundError(2, '지정된 파일을 찾을 수 없습니다.', None, 2)
2025-10-17 08:43:04,714 - utils.modules.serial_connection_manager - INFO - PLC 연결 시도 시작 - 포트: COM6 - USB-Enhanced-SERIAL CH343(COM6)
2025-10-17 08:43:04,716 - utils.modules.serial_connection_manager - INFO - PLC 연결 시도 (1/1) - 포트: COM6, 보드레이트: 9600
2025-10-17 08:43:04,798 - utils.modules.serial_connection_manager - INFO - PLC 연결 성공 - COM6 (9600bps)
2025-10-17 08:43:04,798 - utils.modules.serial_connection_manager - INFO - 스캐너 연결 시도 시작 - 포트: COM4 - AX99100 PCIe to High Speed Serial Port(COM4)
2025-10-17 08:43:04,799 - utils.modules.serial_connection_manager - INFO - 스캐너 연결 시도 (1/1) - 포트: COM4, 보드레이트: 9600
2025-10-17 08:43:04,876 - utils.modules.serial_connection_manager - INFO - 스캐너 연결 성공 - COM4 (9600bps)
2025-10-17 08:43:04,877 - utils.modules.serial_connection_manager - INFO - 프린터 연결 시도 시작 - 포트: COM3 - AX99100 PCIe to High Speed Serial Port(COM3)
2025-10-17 08:43:04,877 - utils.modules.serial_connection_manager - INFO - 프린터 연결 시도 (1/1) - 포트: COM3, 보드레이트: 9600
2025-10-17 08:43:04,879 - utils.modules.serial_connection_manager - WARNING - 프린터 시리얼 연결 실패 - COM3: could not open port 'COM3': PermissionError(13, '액세스가 거부되었습니다.', None, 5)
2025-10-17 08:43:04,880 - utils.modules.serial_connection_manager - ERROR - 프린터 연결 실패 - COM3: could not open port 'COM3': PermissionError(13, '액세스가 거부되었습니다.', None, 5)
2025-10-17 08:43:04,881 - utils.modules.serial_connection_manager - INFO - 너트1 연결 시도 시작 - 포트: COM4
2025-10-17 08:43:04,881 - utils.modules.serial_connection_manager - INFO - 너트1 연결 시도 (1/1) - 포트: COM4, 보드레이트: 9600
2025-10-17 08:43:04,882 - utils.modules.serial_connection_manager - WARNING - 너트1 시리얼 연결 실패 - COM4: could not open port 'COM4': PermissionError(13, '액세스가 거부되었습니다.', None, 5)
2025-10-17 08:43:04,882 - utils.modules.serial_connection_manager - ERROR - 너트1 연결 실패 - COM4: could not open port 'COM4': PermissionError(13, '액세스가 거부되었습니다.', None, 5)
2025-10-17 08:43:04,883 - utils.modules.serial_connection_manager - INFO - 너트2 연결 시도 시작 - 포트: COM5
2025-10-17 08:43:04,883 - utils.modules.serial_connection_manager - INFO - 너트2 연결 시도 (1/1) - 포트: COM5, 보드레이트: 9600
2025-10-17 08:43:04,883 - utils.modules.serial_connection_manager - WARNING - 너트2 시리얼 연결 실패 - COM5: could not open port 'COM5': FileNotFoundError(2, '지정된 파일을 찾을 수 없습니다.', None, 2)
2025-10-17 08:43:04,884 - utils.modules.serial_connection_manager - ERROR - 너트2 연결 실패 - COM5: could not open port 'COM5': FileNotFoundError(2, '지정된 파일을 찾을 수 없습니다.', None, 2)
2025-10-17 08:47:11,787 - utils.modules.serial_connection_manager - INFO - PLC 연결 시도 시작 - 포트: COM6 - USB-Enhanced-SERIAL CH343(COM6)
2025-10-17 08:47:11,787 - utils.modules.serial_connection_manager - INFO - PLC 연결 시도 (1/1) - 포트: COM6, 보드레이트: 9600
2025-10-17 08:47:11,868 - utils.modules.serial_connection_manager - INFO - PLC 연결 성공 - COM6 (9600bps)
2025-10-17 08:47:11,868 - utils.modules.serial_connection_manager - INFO - 스캐너 연결 시도 시작 - 포트: COM4 - AX99100 PCIe to High Speed Serial Port(COM4)
2025-10-17 08:47:11,868 - utils.modules.serial_connection_manager - INFO - 스캐너 연결 시도 (1/1) - 포트: COM4, 보드레이트: 9600
2025-10-17 08:47:11,870 - utils.modules.serial_connection_manager - WARNING - 스캐너 시리얼 연결 실패 - COM4: could not open port 'COM4': PermissionError(13, '액세스가 거부되었습니다.', None, 5)
2025-10-17 08:47:11,870 - utils.modules.serial_connection_manager - ERROR - 스캐너 연결 실패 - COM4: could not open port 'COM4': PermissionError(13, '액세스가 거부되었습니다.', None, 5)
2025-10-17 08:47:11,870 - utils.modules.serial_connection_manager - INFO - 프린터 연결 시도 시작 - 포트: COM3 - AX99100 PCIe to High Speed Serial Port(COM3)
2025-10-17 08:47:11,871 - utils.modules.serial_connection_manager - INFO - 프린터 연결 시도 (1/1) - 포트: COM3, 보드레이트: 9600
2025-10-17 08:47:11,871 - utils.modules.serial_connection_manager - WARNING - 프린터 시리얼 연결 실패 - COM3: could not open port 'COM3': PermissionError(13, '액세스가 거부되었습니다.', None, 5)
2025-10-17 08:47:11,871 - utils.modules.serial_connection_manager - ERROR - 프린터 연결 실패 - COM3: could not open port 'COM3': PermissionError(13, '액세스가 거부되었습니다.', None, 5)
2025-10-17 08:47:11,872 - utils.modules.serial_connection_manager - INFO - 너트1 연결 시도 시작 - 포트: COM4
2025-10-17 08:47:11,872 - utils.modules.serial_connection_manager - INFO - 너트1 연결 시도 (1/1) - 포트: COM4, 보드레이트: 9600
2025-10-17 08:47:11,872 - utils.modules.serial_connection_manager - WARNING - 너트1 시리얼 연결 실패 - COM4: could not open port 'COM4': PermissionError(13, '액세스가 거부되었습니다.', None, 5)
2025-10-17 08:47:11,872 - utils.modules.serial_connection_manager - ERROR - 너트1 연결 실패 - COM4: could not open port 'COM4': PermissionError(13, '액세스가 거부되었습니다.', None, 5)
2025-10-17 08:47:11,873 - utils.modules.serial_connection_manager - INFO - 너트2 연결 시도 시작 - 포트: COM5
2025-10-17 08:47:11,873 - utils.modules.serial_connection_manager - INFO - 너트2 연결 시도 (1/1) - 포트: COM5, 보드레이트: 9600
2025-10-17 08:47:11,873 - utils.modules.serial_connection_manager - WARNING - 너트2 시리얼 연결 실패 - COM5: could not open port 'COM5': FileNotFoundError(2, '지정된 파일을 찾을 수 없습니다.', None, 2)
2025-10-17 08:47:11,873 - utils.modules.serial_connection_manager - ERROR - 너트2 연결 실패 - COM5: could not open port 'COM5': FileNotFoundError(2, '지정된 파일을 찾을 수 없습니다.', None, 2)
2025-10-17 08:47:32,538 - utils.modules.serial_connection_manager - INFO - PLC 연결 시도 시작 - 포트: COM6 - USB-Enhanced-SERIAL CH343(COM6)
2025-10-17 08:47:32,538 - utils.modules.serial_connection_manager - INFO - PLC 연결 시도 (1/1) - 포트: COM6, 보드레이트: 9600
2025-10-17 08:47:32,611 - utils.modules.serial_connection_manager - INFO - PLC 연결 성공 - COM6 (9600bps)
2025-10-17 08:47:32,611 - utils.modules.serial_connection_manager - INFO - 스캐너 연결 시도 시작 - 포트: COM4 - AX99100 PCIe to High Speed Serial Port(COM4)
2025-10-17 08:47:32,611 - utils.modules.serial_connection_manager - INFO - 스캐너 연결 시도 (1/1) - 포트: COM4, 보드레이트: 9600
2025-10-17 08:47:32,689 - utils.modules.serial_connection_manager - INFO - 스캐너 연결 성공 - COM4 (9600bps)
2025-10-17 08:47:32,690 - utils.modules.serial_connection_manager - INFO - 프린터 연결 시도 시작 - 포트: COM3 - AX99100 PCIe to High Speed Serial Port(COM3)
2025-10-17 08:47:32,690 - utils.modules.serial_connection_manager - INFO - 프린터 연결 시도 (1/1) - 포트: COM3, 보드레이트: 9600
2025-10-17 08:47:32,693 - utils.modules.serial_connection_manager - WARNING - 프린터 시리얼 연결 실패 - COM3: could not open port 'COM3': PermissionError(13, '액세스가 거부되었습니다.', None, 5)
2025-10-17 08:47:32,693 - utils.modules.serial_connection_manager - ERROR - 프린터 연결 실패 - COM3: could not open port 'COM3': PermissionError(13, '액세스가 거부되었습니다.', None, 5)
2025-10-17 08:47:32,695 - utils.modules.serial_connection_manager - INFO - 너트1 연결 시도 시작 - 포트: COM4
2025-10-17 08:47:32,695 - utils.modules.serial_connection_manager - INFO - 너트1 연결 시도 (1/1) - 포트: COM4, 보드레이트: 9600
2025-10-17 08:47:32,696 - utils.modules.serial_connection_manager - WARNING - 너트1 시리얼 연결 실패 - COM4: could not open port 'COM4': PermissionError(13, '액세스가 거부되었습니다.', None, 5)
2025-10-17 08:47:32,697 - utils.modules.serial_connection_manager - ERROR - 너트1 연결 실패 - COM4: could not open port 'COM4': PermissionError(13, '액세스가 거부되었습니다.', None, 5)
2025-10-17 08:47:32,698 - utils.modules.serial_connection_manager - INFO - 너트2 연결 시도 시작 - 포트: COM5
2025-10-17 08:47:32,699 - utils.modules.serial_connection_manager - INFO - 너트2 연결 시도 (1/1) - 포트: COM5, 보드레이트: 9600
2025-10-17 08:47:32,699 - utils.modules.serial_connection_manager - WARNING - 너트2 시리얼 연결 실패 - COM5: could not open port 'COM5': FileNotFoundError(2, '지정된 파일을 찾을 수 없습니다.', None, 2)
2025-10-17 08:47:32,699 - utils.modules.serial_connection_manager - ERROR - 너트2 연결 실패 - COM5: could not open port 'COM5': FileNotFoundError(2, '지정된 파일을 찾을 수 없습니다.', None, 2)
2025-10-17 09:18:35,132 - utils.modules.serial_connection_manager - INFO - PLC 연결 시도 시작 - 포트: COM6 - USB-Enhanced-SERIAL CH343(COM6)
2025-10-17 09:18:35,132 - utils.modules.serial_connection_manager - INFO - PLC 연결 시도 (1/1) - 포트: COM6, 보드레이트: 9600
2025-10-17 09:18:35,208 - utils.modules.serial_connection_manager - INFO - PLC 연결 성공 - COM6 (9600bps)
2025-10-17 09:18:35,208 - utils.modules.serial_connection_manager - INFO - 스캐너 연결 시도 시작 - 포트: COM4 - AX99100 PCIe to High Speed Serial Port(COM4)
2025-10-17 09:18:35,208 - utils.modules.serial_connection_manager - INFO - 스캐너 연결 시도 (1/1) - 포트: COM4, 보드레이트: 9600
2025-10-17 09:18:35,285 - utils.modules.serial_connection_manager - INFO - 스캐너 연결 성공 - COM4 (9600bps)
2025-10-17 09:18:35,285 - utils.modules.serial_connection_manager - INFO - 프린터 연결 시도 시작 - 포트: COM3 - AX99100 PCIe to High Speed Serial Port(COM3)
2025-10-17 09:18:35,286 - utils.modules.serial_connection_manager - INFO - 프린터 연결 시도 (1/1) - 포트: COM3, 보드레이트: 9600
2025-10-17 09:18:35,287 - utils.modules.serial_connection_manager - WARNING - 프린터 시리얼 연결 실패 - COM3: could not open port 'COM3': PermissionError(13, '액세스가 거부되었습니다.', None, 5)
2025-10-17 09:18:35,287 - utils.modules.serial_connection_manager - ERROR - 프린터 연결 실패 - COM3: could not open port 'COM3': PermissionError(13, '액세스가 거부되었습니다.', None, 5)
2025-10-17 09:18:35,287 - utils.modules.serial_connection_manager - INFO - 너트1 연결 시도 시작 - 포트: COM4
2025-10-17 09:18:35,288 - utils.modules.serial_connection_manager - INFO - 너트1 연결 시도 (1/1) - 포트: COM4, 보드레이트: 9600
2025-10-17 09:18:35,288 - utils.modules.serial_connection_manager - WARNING - 너트1 시리얼 연결 실패 - COM4: could not open port 'COM4': PermissionError(13, '액세스가 거부되었습니다.', None, 5)
2025-10-17 09:18:35,288 - utils.modules.serial_connection_manager - ERROR - 너트1 연결 실패 - COM4: could not open port 'COM4': PermissionError(13, '액세스가 거부되었습니다.', None, 5)
2025-10-17 09:18:35,289 - utils.modules.serial_connection_manager - INFO - 너트2 연결 시도 시작 - 포트: COM5
2025-10-17 09:18:35,289 - utils.modules.serial_connection_manager - INFO - 너트2 연결 시도 (1/1) - 포트: COM5, 보드레이트: 9600
2025-10-17 09:18:35,289 - utils.modules.serial_connection_manager - WARNING - 너트2 시리얼 연결 실패 - COM5: could not open port 'COM5': FileNotFoundError(2, '지정된 파일을 찾을 수 없습니다.', None, 2)
2025-10-17 09:18:35,289 - utils.modules.serial_connection_manager - ERROR - 너트2 연결 실패 - COM5: could not open port 'COM5': FileNotFoundError(2, '지정된 파일을 찾을 수 없습니다.', None, 2)
2025-10-17 09:19:21,806 - utils.modules.serial_connection_manager - INFO - PLC 연결 시도 시작 - 포트: COM6 - USB-Enhanced-SERIAL CH343(COM6)
2025-10-17 09:19:21,807 - utils.modules.serial_connection_manager - INFO - PLC 연결 시도 (1/1) - 포트: COM6, 보드레이트: 9600
2025-10-17 09:19:21,884 - utils.modules.serial_connection_manager - INFO - PLC 연결 성공 - COM6 (9600bps)
2025-10-17 09:19:21,884 - utils.modules.serial_connection_manager - INFO - 스캐너 연결 시도 시작 - 포트: COM4 - AX99100 PCIe to High Speed Serial Port(COM4)
2025-10-17 09:19:21,884 - utils.modules.serial_connection_manager - INFO - 스캐너 연결 시도 (1/1) - 포트: COM4, 보드레이트: 9600
2025-10-17 09:19:21,962 - utils.modules.serial_connection_manager - INFO - 스캐너 연결 성공 - COM4 (9600bps)
2025-10-17 09:19:21,962 - utils.modules.serial_connection_manager - INFO - 프린터 연결 시도 시작 - 포트: COM3 - AX99100 PCIe to High Speed Serial Port(COM3)
2025-10-17 09:19:21,963 - utils.modules.serial_connection_manager - INFO - 프린터 연결 시도 (1/1) - 포트: COM3, 보드레이트: 9600
2025-10-17 09:19:21,965 - utils.modules.serial_connection_manager - WARNING - 프린터 시리얼 연결 실패 - COM3: could not open port 'COM3': PermissionError(13, '액세스가 거부되었습니다.', None, 5)
2025-10-17 09:19:21,965 - utils.modules.serial_connection_manager - ERROR - 프린터 연결 실패 - COM3: could not open port 'COM3': PermissionError(13, '액세스가 거부되었습니다.', None, 5)
2025-10-17 09:19:21,966 - utils.modules.serial_connection_manager - INFO - 너트1 연결 시도 시작 - 포트: COM4
2025-10-17 09:19:21,966 - utils.modules.serial_connection_manager - INFO - 너트1 연결 시도 (1/1) - 포트: COM4, 보드레이트: 9600
2025-10-17 09:19:21,967 - utils.modules.serial_connection_manager - WARNING - 너트1 시리얼 연결 실패 - COM4: could not open port 'COM4': PermissionError(13, '액세스가 거부되었습니다.', None, 5)
2025-10-17 09:19:21,967 - utils.modules.serial_connection_manager - ERROR - 너트1 연결 실패 - COM4: could not open port 'COM4': PermissionError(13, '액세스가 거부되었습니다.', None, 5)
2025-10-17 09:19:21,968 - utils.modules.serial_connection_manager - INFO - 너트2 연결 시도 시작 - 포트: COM5
2025-10-17 09:19:21,968 - utils.modules.serial_connection_manager - INFO - 너트2 연결 시도 (1/1) - 포트: COM5, 보드레이트: 9600
2025-10-17 09:19:21,968 - utils.modules.serial_connection_manager - WARNING - 너트2 시리얼 연결 실패 - COM5: could not open port 'COM5': FileNotFoundError(2, '지정된 파일을 찾을 수 없습니다.', None, 2)
2025-10-17 09:19:21,969 - utils.modules.serial_connection_manager - ERROR - 너트2 연결 실패 - COM5: could not open port 'COM5': FileNotFoundError(2, '지정된 파일을 찾을 수 없습니다.', None, 2)
2025-10-17 09:28:24,539 - utils.modules.serial_connection_manager - INFO - PLC 연결 시도 시작 - 포트: COM6 - USB-Enhanced-SERIAL CH343(COM6)
2025-10-17 09:28:24,540 - utils.modules.serial_connection_manager - INFO - PLC 연결 시도 (1/1) - 포트: COM6, 보드레이트: 9600
2025-10-17 09:28:24,612 - utils.modules.serial_connection_manager - INFO - PLC 연결 성공 - COM6 (9600bps)
2025-10-17 09:28:24,612 - utils.modules.serial_connection_manager - INFO - 스캐너 연결 시도 시작 - 포트: COM4 - AX99100 PCIe to High Speed Serial Port(COM4)
2025-10-17 09:28:24,612 - utils.modules.serial_connection_manager - INFO - 스캐너 연결 시도 (1/1) - 포트: COM4, 보드레이트: 9600
2025-10-17 09:28:24,687 - utils.modules.serial_connection_manager - INFO - 스캐너 연결 성공 - COM4 (9600bps)
2025-10-17 09:28:24,687 - utils.modules.serial_connection_manager - INFO - 프린터 연결 시도 시작 - 포트: COM3 - AX99100 PCIe to High Speed Serial Port(COM3)
2025-10-17 09:28:24,688 - utils.modules.serial_connection_manager - INFO - 프린터 연결 시도 (1/1) - 포트: COM3, 보드레이트: 9600
2025-10-17 09:28:24,689 - utils.modules.serial_connection_manager - WARNING - 프린터 시리얼 연결 실패 - COM3: could not open port 'COM3': PermissionError(13, '액세스가 거부되었습니다.', None, 5)
2025-10-17 09:28:24,690 - utils.modules.serial_connection_manager - ERROR - 프린터 연결 실패 - COM3: could not open port 'COM3': PermissionError(13, '액세스가 거부되었습니다.', None, 5)
2025-10-17 09:28:24,691 - utils.modules.serial_connection_manager - INFO - 너트1 연결 시도 시작 - 포트: COM4
2025-10-17 09:28:24,691 - utils.modules.serial_connection_manager - INFO - 너트1 연결 시도 (1/1) - 포트: COM4, 보드레이트: 9600
2025-10-17 09:28:24,691 - utils.modules.serial_connection_manager - WARNING - 너트1 시리얼 연결 실패 - COM4: could not open port 'COM4': PermissionError(13, '액세스가 거부되었습니다.', None, 5)
2025-10-17 09:28:24,691 - utils.modules.serial_connection_manager - ERROR - 너트1 연결 실패 - COM4: could not open port 'COM4': PermissionError(13, '액세스가 거부되었습니다.', None, 5)
2025-10-17 09:28:24,692 - utils.modules.serial_connection_manager - INFO - 너트2 연결 시도 시작 - 포트: COM5
2025-10-17 09:28:24,692 - utils.modules.serial_connection_manager - INFO - 너트2 연결 시도 (1/1) - 포트: COM5, 보드레이트: 9600
2025-10-17 09:28:24,693 - utils.modules.serial_connection_manager - WARNING - 너트2 시리얼 연결 실패 - COM5: could not open port 'COM5': FileNotFoundError(2, '지정된 파일을 찾을 수 없습니다.', None, 2)
2025-10-17 09:28:24,693 - utils.modules.serial_connection_manager - ERROR - 너트2 연결 실패 - COM5: could not open port 'COM5': FileNotFoundError(2, '지정된 파일을 찾을 수 없습니다.', None, 2)
2025-10-17 09:40:49,347 - utils.modules.serial_connection_manager - INFO - PLC 연결 시도 시작 - 포트: COM6 - USB-Enhanced-SERIAL CH343(COM6)
2025-10-17 09:40:49,347 - utils.modules.serial_connection_manager - INFO - PLC 연결 시도 (1/1) - 포트: COM6, 보드레이트: 9600
2025-10-17 09:40:49,432 - utils.modules.serial_connection_manager - INFO - PLC 연결 성공 - COM6 (9600bps)
2025-10-17 09:40:49,432 - utils.modules.serial_connection_manager - INFO - 스캐너 연결 시도 시작 - 포트: COM4 - AX99100 PCIe to High Speed Serial Port(COM4)
2025-10-17 09:40:49,432 - utils.modules.serial_connection_manager - INFO - 스캐너 연결 시도 (1/1) - 포트: COM4, 보드레이트: 9600
2025-10-17 09:40:49,510 - utils.modules.serial_connection_manager - INFO - 스캐너 연결 성공 - COM4 (9600bps)
2025-10-17 09:40:49,510 - utils.modules.serial_connection_manager - INFO - 프린터 연결 시도 시작 - 포트: COM3 - AX99100 PCIe to High Speed Serial Port(COM3)
2025-10-17 09:40:49,510 - utils.modules.serial_connection_manager - INFO - 프린터 연결 시도 (1/1) - 포트: COM3, 보드레이트: 9600
2025-10-17 09:40:49,511 - utils.modules.serial_connection_manager - WARNING - 프린터 시리얼 연결 실패 - COM3: could not open port 'COM3': PermissionError(13, '액세스가 거부되었습니다.', None, 5)
2025-10-17 09:40:49,511 - utils.modules.serial_connection_manager - ERROR - 프린터 연결 실패 - COM3: could not open port 'COM3': PermissionError(13, '액세스가 거부되었습니다.', None, 5)
2025-10-17 09:40:49,512 - utils.modules.serial_connection_manager - INFO - 너트1 연결 시도 시작 - 포트: COM4
2025-10-17 09:40:49,512 - utils.modules.serial_connection_manager - INFO - 너트1 연결 시도 (1/1) - 포트: COM4, 보드레이트: 9600
2025-10-17 09:40:49,512 - utils.modules.serial_connection_manager - WARNING - 너트1 시리얼 연결 실패 - COM4: could not open port 'COM4': PermissionError(13, '액세스가 거부되었습니다.', None, 5)
2025-10-17 09:40:49,512 - utils.modules.serial_connection_manager - ERROR - 너트1 연결 실패 - COM4: could not open port 'COM4': PermissionError(13, '액세스가 거부되었습니다.', None, 5)
2025-10-17 09:40:49,513 - utils.modules.serial_connection_manager - INFO - 너트2 연결 시도 시작 - 포트: COM5
2025-10-17 09:40:49,513 - utils.modules.serial_connection_manager - INFO - 너트2 연결 시도 (1/1) - 포트: COM5, 보드레이트: 9600
2025-10-17 09:40:49,513 - utils.modules.serial_connection_manager - WARNING - 너트2 시리얼 연결 실패 - COM5: could not open port 'COM5': FileNotFoundError(2, '지정된 파일을 찾을 수 없습니다.', None, 2)
2025-10-17 09:40:49,513 - utils.modules.serial_connection_manager - ERROR - 너트2 연결 실패 - COM5: could not open port 'COM5': FileNotFoundError(2, '지정된 파일을 찾을 수 없습니다.', None, 2)
2025-10-17 12:56:29,336 - modules.utils.modules.serial_connection_manager - INFO - PLC 연결 시도 시작 - 포트: COM6
2025-10-17 12:56:29,336 - modules.utils.modules.serial_connection_manager - INFO - PLC 연결 시도 (1/1) - 포트: COM6, 보드레이트: 9600
2025-10-17 12:56:29,337 - modules.utils.modules.serial_connection_manager - WARNING - PLC 시리얼 연결 실패 - COM6: could not open port 'COM6': FileNotFoundError(2, '지정된 파일을 찾을 수 없습니다.', None, 2)
2025-10-17 12:56:29,337 - modules.utils.modules.serial_connection_manager - ERROR - PLC 연결 실패 - COM6: could not open port 'COM6': FileNotFoundError(2, '지정된 파일을 찾을 수 없습니다.', None, 2)
2025-10-17 12:56:29,338 - modules.utils.modules.serial_connection_manager - INFO - 스캐너 연결 시도 시작 - 포트: COM4
2025-10-17 12:56:29,338 - modules.utils.modules.serial_connection_manager - INFO - 스캐너 연결 시도 (1/1) - 포트: COM4, 보드레이트: 9600
2025-10-17 12:56:29,406 - modules.utils.modules.serial_connection_manager - INFO - 스캐너 연결 성공 - COM4 (9600bps)
2025-10-17 12:56:29,406 - modules.utils.modules.serial_connection_manager - INFO - 프린터 연결 시도 시작 - 포트: COM1
2025-10-17 12:56:29,406 - modules.utils.modules.serial_connection_manager - INFO - 프린터 연결 시도 (1/1) - 포트: COM1, 보드레이트: 9600
2025-10-17 12:56:29,407 - modules.utils.modules.serial_connection_manager - WARNING - 프린터 시리얼 연결 실패 - COM1: Cannot configure port, something went wrong. Original message: OSError(22, '잘못된 기능입니다.', None, 1)
2025-10-17 12:56:29,407 - modules.utils.modules.serial_connection_manager - ERROR - 프린터 연결 실패 - COM1: Cannot configure port, something went wrong. Original message: OSError(22, '잘못된 기능입니다.', None, 1)
2025-10-17 12:56:29,408 - modules.utils.modules.serial_connection_manager - INFO - 너트1 연결 시도 시작 - 포트: COM7
2025-10-17 12:56:29,408 - modules.utils.modules.serial_connection_manager - INFO - 너트1 연결 시도 (1/1) - 포트: COM7, 보드레이트: 9600
2025-10-17 12:56:29,408 - modules.utils.modules.serial_connection_manager - WARNING - 너트1 시리얼 연결 실패 - COM7: could not open port 'COM7': FileNotFoundError(2, '지정된 파일을 찾을 수 없습니다.', None, 2)
2025-10-17 12:56:29,408 - modules.utils.modules.serial_connection_manager - ERROR - 너트1 연결 실패 - COM7: could not open port 'COM7': FileNotFoundError(2, '지정된 파일을 찾을 수 없습니다.', None, 2)
2025-10-17 12:56:29,409 - modules.utils.modules.serial_connection_manager - INFO - 너트2 연결 시도 시작 - 포트: COM8
2025-10-17 12:56:29,409 - modules.utils.modules.serial_connection_manager - INFO - 너트2 연결 시도 (1/1) - 포트: COM8, 보드레이트: 9600
2025-10-17 12:56:29,409 - modules.utils.modules.serial_connection_manager - WARNING - 너트2 시리얼 연결 실패 - COM8: could not open port 'COM8': FileNotFoundError(2, '지정된 파일을 찾을 수 없습니다.', None, 2)
2025-10-17 12:56:29,409 - modules.utils.modules.serial_connection_manager - ERROR - 너트2 연결 실패 - COM8: could not open port 'COM8': FileNotFoundError(2, '지정된 파일을 찾을 수 없습니다.', None, 2)
2025-10-17 12:58:55,322 - modules.utils.modules.serial_connection_manager - INFO - PLC 연결 시도 시작 - 포트: COM6
2025-10-17 12:58:55,323 - modules.utils.modules.serial_connection_manager - INFO - PLC 연결 시도 (1/1) - 포트: COM6, 보드레이트: 9600
2025-10-17 12:58:55,326 - modules.utils.modules.serial_connection_manager - WARNING - PLC 시리얼 연결 실패 - COM6: could not open port 'COM6': FileNotFoundError(2, '지정된 파일을 찾을 수 없습니다.', None, 2)
2025-10-17 12:58:55,326 - modules.utils.modules.serial_connection_manager - ERROR - PLC 연결 실패 - COM6: could not open port 'COM6': FileNotFoundError(2, '지정된 파일을 찾을 수 없습니다.', None, 2)
2025-10-17 12:58:55,327 - modules.utils.modules.serial_connection_manager - INFO - 스캐너 연결 시도 시작 - 포트: COM4
2025-10-17 12:58:55,328 - modules.utils.modules.serial_connection_manager - INFO - 스캐너 연결 시도 (1/1) - 포트: COM4, 보드레이트: 9600
2025-10-17 12:58:55,397 - modules.utils.modules.serial_connection_manager - INFO - 스캐너 연결 성공 - COM4 (9600bps)
2025-10-17 12:58:55,397 - modules.utils.modules.serial_connection_manager - INFO - 프린터 연결 시도 시작 - 포트: COM1
2025-10-17 12:58:55,398 - modules.utils.modules.serial_connection_manager - INFO - 프린터 연결 시도 (1/1) - 포트: COM1, 보드레이트: 9600
2025-10-17 12:58:55,399 - modules.utils.modules.serial_connection_manager - WARNING - 프린터 시리얼 연결 실패 - COM1: Cannot configure port, something went wrong. Original message: OSError(22, '잘못된 기능입니다.', None, 1)
2025-10-17 12:58:55,399 - modules.utils.modules.serial_connection_manager - ERROR - 프린터 연결 실패 - COM1: Cannot configure port, something went wrong. Original message: OSError(22, '잘못된 기능입니다.', None, 1)
2025-10-17 12:58:55,400 - modules.utils.modules.serial_connection_manager - INFO - 너트1 연결 시도 시작 - 포트: COM7
2025-10-17 12:58:55,400 - modules.utils.modules.serial_connection_manager - INFO - 너트1 연결 시도 (1/1) - 포트: COM7, 보드레이트: 9600
2025-10-17 12:58:55,401 - modules.utils.modules.serial_connection_manager - WARNING - 너트1 시리얼 연결 실패 - COM7: could not open port 'COM7': FileNotFoundError(2, '지정된 파일을 찾을 수 없습니다.', None, 2)
2025-10-17 12:58:55,401 - modules.utils.modules.serial_connection_manager - ERROR - 너트1 연결 실패 - COM7: could not open port 'COM7': FileNotFoundError(2, '지정된 파일을 찾을 수 없습니다.', None, 2)
2025-10-17 12:58:55,402 - modules.utils.modules.serial_connection_manager - INFO - 너트2 연결 시도 시작 - 포트: COM8
2025-10-17 12:58:55,402 - modules.utils.modules.serial_connection_manager - INFO - 너트2 연결 시도 (1/1) - 포트: COM8, 보드레이트: 9600
2025-10-17 12:58:55,402 - modules.utils.modules.serial_connection_manager - WARNING - 너트2 시리얼 연결 실패 - COM8: could not open port 'COM8': FileNotFoundError(2, '지정된 파일을 찾을 수 없습니다.', None, 2)
2025-10-17 12:58:55,402 - modules.utils.modules.serial_connection_manager - ERROR - 너트2 연결 실패 - COM8: could not open port 'COM8': FileNotFoundError(2, '지정된 파일을 찾을 수 없습니다.', None, 2)
2025-10-17 13:04:46,475 - modules.utils.modules.serial_connection_manager - INFO - PLC 연결 시도 시작 - 포트: COM6
2025-10-17 13:04:46,475 - modules.utils.modules.serial_connection_manager - INFO - PLC 연결 시도 (1/1) - 포트: COM6, 보드레이트: 9600
2025-10-17 13:04:46,476 - modules.utils.modules.serial_connection_manager - WARNING - PLC 시리얼 연결 실패 - COM6: could not open port 'COM6': FileNotFoundError(2, '지정된 파일을 찾을 수 없습니다.', None, 2)
2025-10-17 13:04:46,476 - modules.utils.modules.serial_connection_manager - ERROR - PLC 연결 실패 - COM6: could not open port 'COM6': FileNotFoundError(2, '지정된 파일을 찾을 수 없습니다.', None, 2)
2025-10-17 13:04:46,477 - modules.utils.modules.serial_connection_manager - INFO - 스캐너 연결 시도 시작 - 포트: COM4
2025-10-17 13:04:46,477 - modules.utils.modules.serial_connection_manager - INFO - 스캐너 연결 시도 (1/1) - 포트: COM4, 보드레이트: 9600
2025-10-17 13:04:46,559 - modules.utils.modules.serial_connection_manager - INFO - 스캐너 연결 성공 - COM4 (9600bps)
2025-10-17 13:04:46,559 - modules.utils.modules.serial_connection_manager - INFO - 프린터 연결 시도 시작 - 포트: COM1
2025-10-17 13:04:46,559 - modules.utils.modules.serial_connection_manager - INFO - 프린터 연결 시도 (1/1) - 포트: COM1, 보드레이트: 9600
2025-10-17 13:04:46,559 - modules.utils.modules.serial_connection_manager - WARNING - 프린터 시리얼 연결 실패 - COM1: Cannot configure port, something went wrong. Original message: OSError(22, '잘못된 기능입니다.', None, 1)
2025-10-17 13:04:46,559 - modules.utils.modules.serial_connection_manager - ERROR - 프린터 연결 실패 - COM1: Cannot configure port, something went wrong. Original message: OSError(22, '잘못된 기능입니다.', None, 1)
2025-10-17 13:04:46,560 - modules.utils.modules.serial_connection_manager - INFO - 너트1 연결 시도 시작 - 포트: COM7
2025-10-17 13:04:46,560 - modules.utils.modules.serial_connection_manager - INFO - 너트1 연결 시도 (1/1) - 포트: COM7, 보드레이트: 9600
2025-10-17 13:04:46,561 - modules.utils.modules.serial_connection_manager - WARNING - 너트1 시리얼 연결 실패 - COM7: could not open port 'COM7': FileNotFoundError(2, '지정된 파일을 찾을 수 없습니다.', None, 2)
2025-10-17 13:04:46,561 - modules.utils.modules.serial_connection_manager - ERROR - 너트1 연결 실패 - COM7: could not open port 'COM7': FileNotFoundError(2, '지정된 파일을 찾을 수 없습니다.', None, 2)
2025-10-17 13:04:46,561 - modules.utils.modules.serial_connection_manager - INFO - 너트2 연결 시도 시작 - 포트: COM8
2025-10-17 13:04:46,561 - modules.utils.modules.serial_connection_manager - INFO - 너트2 연결 시도 (1/1) - 포트: COM8, 보드레이트: 9600
2025-10-17 13:04:46,562 - modules.utils.modules.serial_connection_manager - WARNING - 너트2 시리얼 연결 실패 - COM8: could not open port 'COM8': FileNotFoundError(2, '지정된 파일을 찾을 수 없습니다.', None, 2)
2025-10-17 13:04:46,562 - modules.utils.modules.serial_connection_manager - ERROR - 너트2 연결 실패 - COM8: could not open port 'COM8': FileNotFoundError(2, '지정된 파일을 찾을 수 없습니다.', None, 2)
2025-10-17 13:16:56,155 - modules.utils.modules.serial_connection_manager - INFO - PLC 연결 시도 시작 - 포트: COM6
2025-10-17 13:16:56,155 - modules.utils.modules.serial_connection_manager - INFO - PLC 연결 시도 (1/1) - 포트: COM6, 보드레이트: 9600
2025-10-17 13:16:56,155 - modules.utils.modules.serial_connection_manager - WARNING - PLC 시리얼 연결 실패 - COM6: could not open port 'COM6': FileNotFoundError(2, '지정된 파일을 찾을 수 없습니다.', None, 2)
2025-10-17 13:16:56,155 - modules.utils.modules.serial_connection_manager - ERROR - PLC 연결 실패 - COM6: could not open port 'COM6': FileNotFoundError(2, '지정된 파일을 찾을 수 없습니다.', None, 2)
2025-10-17 13:16:56,155 - modules.utils.modules.serial_connection_manager - INFO - 스캐너 연결 시도 시작 - 포트: COM4
2025-10-17 13:16:56,155 - modules.utils.modules.serial_connection_manager - INFO - 스캐너 연결 시도 (1/1) - 포트: COM4, 보드레이트: 9600
2025-10-17 13:16:56,237 - modules.utils.modules.serial_connection_manager - INFO - 스캐너 연결 성공 - COM4 (9600bps)
2025-10-17 13:16:56,237 - modules.utils.modules.serial_connection_manager - INFO - 프린터 연결 시도 시작 - 포트: COM1
2025-10-17 13:16:56,237 - modules.utils.modules.serial_connection_manager - INFO - 프린터 연결 시도 (1/1) - 포트: COM1, 보드레이트: 9600
2025-10-17 13:16:56,238 - modules.utils.modules.serial_connection_manager - WARNING - 프린터 시리얼 연결 실패 - COM1: Cannot configure port, something went wrong. Original message: OSError(22, '잘못된 기능입니다.', None, 1)
2025-10-17 13:16:56,238 - modules.utils.modules.serial_connection_manager - ERROR - 프린터 연결 실패 - COM1: Cannot configure port, something went wrong. Original message: OSError(22, '잘못된 기능입니다.', None, 1)
2025-10-17 13:16:56,238 - modules.utils.modules.serial_connection_manager - INFO - 너트1 연결 시도 시작 - 포트: COM7
2025-10-17 13:16:56,239 - modules.utils.modules.serial_connection_manager - INFO - 너트1 연결 시도 (1/1) - 포트: COM7, 보드레이트: 9600
2025-10-17 13:16:56,239 - modules.utils.modules.serial_connection_manager - WARNING - 너트1 시리얼 연결 실패 - COM7: could not open port 'COM7': FileNotFoundError(2, '지정된 파일을 찾을 수 없습니다.', None, 2)
2025-10-17 13:16:56,239 - modules.utils.modules.serial_connection_manager - ERROR - 너트1 연결 실패 - COM7: could not open port 'COM7': FileNotFoundError(2, '지정된 파일을 찾을 수 없습니다.', None, 2)
2025-10-17 13:16:56,240 - modules.utils.modules.serial_connection_manager - INFO - 너트2 연결 시도 시작 - 포트: COM8
2025-10-17 13:16:56,240 - modules.utils.modules.serial_connection_manager - INFO - 너트2 연결 시도 (1/1) - 포트: COM8, 보드레이트: 9600
2025-10-17 13:16:56,240 - modules.utils.modules.serial_connection_manager - WARNING - 너트2 시리얼 연결 실패 - COM8: could not open port 'COM8': FileNotFoundError(2, '지정된 파일을 찾을 수 없습니다.', None, 2)
2025-10-17 13:16:56,240 - modules.utils.modules.serial_connection_manager - ERROR - 너트2 연결 실패 - COM8: could not open port 'COM8': FileNotFoundError(2, '지정된 파일을 찾을 수 없습니다.', None, 2)
2025-10-17 13:24:38,021 - modules.utils.modules.serial_connection_manager - INFO - PLC 연결 시도 시작 - 포트: COM6
2025-10-17 13:24:38,021 - modules.utils.modules.serial_connection_manager - INFO - PLC 연결 시도 (1/1) - 포트: COM6, 보드레이트: 9600
2025-10-17 13:24:38,022 - modules.utils.modules.serial_connection_manager - WARNING - PLC 시리얼 연결 실패 - COM6: could not open port 'COM6': FileNotFoundError(2, '지정된 파일을 찾을 수 없습니다.', None, 2)
2025-10-17 13:24:38,023 - modules.utils.modules.serial_connection_manager - ERROR - PLC 연결 실패 - COM6: could not open port 'COM6': FileNotFoundError(2, '지정된 파일을 찾을 수 없습니다.', None, 2)
2025-10-17 13:24:38,023 - modules.utils.modules.serial_connection_manager - INFO - 스캐너 연결 시도 시작 - 포트: COM4
2025-10-17 13:24:38,023 - modules.utils.modules.serial_connection_manager - INFO - 스캐너 연결 시도 (1/1) - 포트: COM4, 보드레이트: 9600
2025-10-17 13:24:38,103 - modules.utils.modules.serial_connection_manager - INFO - 스캐너 연결 성공 - COM4 (9600bps)
2025-10-17 13:24:38,103 - modules.utils.modules.serial_connection_manager - INFO - 프린터 연결 시도 시작 - 포트: COM1
2025-10-17 13:24:38,103 - modules.utils.modules.serial_connection_manager - INFO - 프린터 연결 시도 (1/1) - 포트: COM1, 보드레이트: 9600
2025-10-17 13:24:38,104 - modules.utils.modules.serial_connection_manager - WARNING - 프린터 시리얼 연결 실패 - COM1: Cannot configure port, something went wrong. Original message: OSError(22, '잘못된 기능입니다.', None, 1)
2025-10-17 13:24:38,104 - modules.utils.modules.serial_connection_manager - ERROR - 프린터 연결 실패 - COM1: Cannot configure port, something went wrong. Original message: OSError(22, '잘못된 기능입니다.', None, 1)
2025-10-17 13:24:38,105 - modules.utils.modules.serial_connection_manager - INFO - 너트1 연결 시도 시작 - 포트: COM7
2025-10-17 13:24:38,105 - modules.utils.modules.serial_connection_manager - INFO - 너트1 연결 시도 (1/1) - 포트: COM7, 보드레이트: 9600
2025-10-17 13:24:38,105 - modules.utils.modules.serial_connection_manager - WARNING - 너트1 시리얼 연결 실패 - COM7: could not open port 'COM7': FileNotFoundError(2, '지정된 파일을 찾을 수 없습니다.', None, 2)
2025-10-17 13:24:38,105 - modules.utils.modules.serial_connection_manager - ERROR - 너트1 연결 실패 - COM7: could not open port 'COM7': FileNotFoundError(2, '지정된 파일을 찾을 수 없습니다.', None, 2)
2025-10-17 13:24:38,106 - modules.utils.modules.serial_connection_manager - INFO - 너트2 연결 시도 시작 - 포트: COM8
2025-10-17 13:24:38,106 - modules.utils.modules.serial_connection_manager - INFO - 너트2 연결 시도 (1/1) - 포트: COM8, 보드레이트: 9600
2025-10-17 13:24:38,106 - modules.utils.modules.serial_connection_manager - WARNING - 너트2 시리얼 연결 실패 - COM8: could not open port 'COM8': FileNotFoundError(2, '지정된 파일을 찾을 수 없습니다.', None, 2)
2025-10-17 13:24:38,106 - modules.utils.modules.serial_connection_manager - ERROR - 너트2 연결 실패 - COM8: could not open port 'COM8': FileNotFoundError(2, '지정된 파일을 찾을 수 없습니다.', None, 2)
2025-10-17 13:31:52,480 - modules.utils.modules.serial_connection_manager - INFO - 스캐너 연결 시도 시작
2025-10-17 13:31:52,480 - modules.utils.modules.serial_connection_manager - INFO - 스캐너 COM3 연결 시도 중... (시도 1/3)
2025-10-17 13:31:52,486 - modules.utils.modules.serial_connection_manager - INFO - 스캐너 연결 성공: 연결 성공: COM3
2025-10-17 13:31:52,486 - modules.utils.modules.serial_connection_manager - INFO - 스캐너 설정 저장 시작
2025-10-17 13:31:52,493 - modules.utils.modules.serial_connection_manager - INFO - 스캐너 설정 저장 성공
2025-10-17 13:31:52,493 - modules.utils.modules.serial_connection_manager - INFO - 스캐너 UI 업데이트 완료 (연결됨)
2025-10-17 13:32:03,438 - modules.utils.modules.serial_connection_manager - INFO - 스캐너 연결 시도 시작
2025-10-17 13:32:03,444 - modules.utils.modules.serial_connection_manager - INFO - 스캐너 기존 연결 해제 중...
2025-10-17 13:32:27,373 - modules.utils.modules.serial_connection_manager - INFO - 스캐너 연결 시도 시작
2025-10-17 13:32:27,374 - modules.utils.modules.serial_connection_manager - INFO - 스캐너 COM4 연결 시도 중... (시도 1/3)
2025-10-17 13:32:27,382 - modules.utils.modules.serial_connection_manager - INFO - 스캐너 연결 성공: 연결 성공: COM4
2025-10-17 13:32:27,383 - modules.utils.modules.serial_connection_manager - INFO - 스캐너 설정 저장 시작
2025-10-17 13:32:27,383 - modules.utils.modules.serial_connection_manager - INFO - 스캐너 설정 저장 성공
2025-10-17 13:32:27,384 - modules.utils.modules.serial_connection_manager - INFO - 스캐너 UI 업데이트 완료 (연결됨)
2025-10-17 13:36:28,267 - modules.utils.modules.serial_connection_manager - INFO - 스캐너 연결 시도 시작
2025-10-17 13:36:28,269 - modules.utils.modules.serial_connection_manager - INFO - 스캐너 COM4 연결 시도 중... (시도 1/3)
2025-10-17 13:36:28,280 - modules.utils.modules.serial_connection_manager - INFO - 스캐너 연결 성공: 연결 성공: COM4
2025-10-17 13:36:28,281 - modules.utils.modules.serial_connection_manager - INFO - 스캐너 설정 저장 시작
2025-10-17 13:36:28,282 - modules.utils.modules.serial_connection_manager - INFO - 스캐너 설정 저장 성공
2025-10-17 13:36:28,282 - modules.utils.modules.serial_connection_manager - INFO - 스캐너 UI 업데이트 완료 (연결됨)
2025-10-17 13:37:25,666 - modules.utils.modules.serial_connection_manager - INFO - 스캐너 연결 시도 시작
2025-10-17 13:37:25,666 - modules.utils.modules.serial_connection_manager - INFO - 스캐너 COM4 연결 시도 중... (시도 1/3)
2025-10-17 13:37:25,683 - modules.utils.modules.serial_connection_manager - INFO - 스캐너 연결 성공: 연결 성공: COM4
2025-10-17 13:37:25,684 - modules.utils.modules.serial_connection_manager - INFO - 스캐너 설정 저장 시작
2025-10-17 13:37:25,684 - modules.utils.modules.serial_connection_manager - INFO - 스캐너 설정 저장 성공
2025-10-17 13:37:25,684 - modules.utils.modules.serial_connection_manager - INFO - 스캐너 UI 업데이트 완료 (연결됨)
2025-10-17 13:38:21,991 - modules.utils.modules.serial_connection_manager - INFO - 스캐너 연결 시도 시작
2025-10-17 13:38:21,992 - modules.utils.modules.serial_connection_manager - INFO - 스캐너 COM4 연결 시도 중... (시도 1/3)
2025-10-17 13:38:22,006 - modules.utils.modules.serial_connection_manager - INFO - 스캐너 연결 성공: 연결 성공: COM4
2025-10-17 13:38:22,006 - modules.utils.modules.serial_connection_manager - INFO - 스캐너 설정 저장 시작
2025-10-17 13:38:22,007 - modules.utils.modules.serial_connection_manager - INFO - 스캐너 설정 저장 성공
2025-10-17 13:38:22,007 - modules.utils.modules.serial_connection_manager - INFO - 스캐너 UI 업데이트 완료 (연결됨)
2025-10-17 13:42:31,215 - modules.utils.modules.serial_connection_manager - INFO - 스캐너 연결 시도 시작
2025-10-17 13:42:31,216 - modules.utils.modules.serial_connection_manager - INFO - 스캐너 COM4 연결 시도 중... (시도 1/3)
2025-10-17 13:42:31,232 - modules.utils.modules.serial_connection_manager - INFO - 스캐너 연결 성공: 연결 성공: COM4
2025-10-17 13:42:31,232 - modules.utils.modules.serial_connection_manager - INFO - 스캐너 설정 저장 시작
2025-10-17 13:42:31,233 - modules.utils.modules.serial_connection_manager - INFO - 스캐너 설정 저장 성공
2025-10-17 13:42:31,233 - modules.utils.modules.serial_connection_manager - INFO - 스캐너 UI 업데이트 완료 (연결됨)
2025-10-17 13:43:22,151 - modules.utils.modules.serial_connection_manager - INFO - 스캐너 연결 시도 시작
2025-10-17 13:43:22,152 - modules.utils.modules.serial_connection_manager - INFO - 스캐너 COM4 연결 시도 중... (시도 1/3)
2025-10-17 13:43:22,170 - modules.utils.modules.serial_connection_manager - INFO - 스캐너 연결 성공: 연결 성공: COM4
2025-10-17 13:43:22,170 - modules.utils.modules.serial_connection_manager - INFO - 스캐너 설정 저장 시작
2025-10-17 13:43:22,172 - modules.utils.modules.serial_connection_manager - INFO - 스캐너 설정 저장 성공
2025-10-17 13:43:22,172 - modules.utils.modules.serial_connection_manager - INFO - 스캐너 UI 업데이트 완료 (연결됨)
2025-10-17 13:48:06,560 - modules.utils.modules.serial_connection_manager - INFO - 스캐너 연결 시도 시작
2025-10-17 13:48:06,561 - modules.utils.modules.serial_connection_manager - INFO - 스캐너 COM4 연결 시도 중... (시도 1/3)
2025-10-17 13:48:06,575 - modules.utils.modules.serial_connection_manager - INFO - 스캐너 연결 성공: 연결 성공: COM4
2025-10-17 13:48:06,575 - modules.utils.modules.serial_connection_manager - INFO - 스캐너 설정 저장 시작
2025-10-17 13:48:06,576 - modules.utils.modules.serial_connection_manager - INFO - 스캐너 설정 저장 성공
2025-10-17 13:48:06,576 - modules.utils.modules.serial_connection_manager - INFO - 스캐너 UI 업데이트 완료 (연결됨)
2025-10-17 13:51:43,444 - modules.utils.modules.serial_connection_manager - INFO - 스캐너 연결 시도 시작
2025-10-17 13:51:43,445 - modules.utils.modules.serial_connection_manager - INFO - 스캐너 COM4 연결 시도 중... (시도 1/3)
2025-10-17 13:51:43,449 - modules.utils.modules.serial_connection_manager - INFO - 스캐너 연결 성공: 연결 성공: COM4
2025-10-17 13:51:43,449 - modules.utils.modules.serial_connection_manager - INFO - 스캐너 설정 저장 시작
2025-10-17 13:51:43,450 - modules.utils.modules.serial_connection_manager - INFO - 스캐너 설정 저장 성공
2025-10-17 13:51:43,450 - modules.utils.modules.serial_connection_manager - INFO - 스캐너 UI 업데이트 완료 (연결됨)
2025-10-17 13:53:07,183 - modules.utils.modules.serial_connection_manager - INFO - 스캐너 연결 시도 시작
2025-10-17 13:53:07,184 - modules.utils.modules.serial_connection_manager - INFO - 스캐너 COM4 연결 시도 중... (시도 1/3)
2025-10-17 13:53:07,198 - modules.utils.modules.serial_connection_manager - INFO - 스캐너 연결 성공: 연결 성공: COM4
2025-10-17 13:53:07,198 - modules.utils.modules.serial_connection_manager - INFO - 스캐너 설정 저장 시작
2025-10-17 13:53:07,199 - modules.utils.modules.serial_connection_manager - INFO - 스캐너 설정 저장 성공
2025-10-17 13:53:07,199 - modules.utils.modules.serial_connection_manager - INFO - 스캐너 UI 업데이트 완료 (연결됨)
2025-10-17 13:54:38,834 - modules.utils.modules.serial_connection_manager - INFO - 스캐너 연결 시도 시작
2025-10-17 13:54:38,835 - modules.utils.modules.serial_connection_manager - INFO - 스캐너 COM4 연결 시도 중... (시도 1/3)
2025-10-17 13:54:38,838 - modules.utils.modules.serial_connection_manager - INFO - 스캐너 연결 성공: 연결 성공: COM4
2025-10-17 13:54:38,838 - modules.utils.modules.serial_connection_manager - INFO - 스캐너 설정 저장 시작
2025-10-17 13:54:38,839 - modules.utils.modules.serial_connection_manager - INFO - 스캐너 설정 저장 성공
2025-10-17 13:54:38,839 - modules.utils.modules.serial_connection_manager - INFO - 스캐너 UI 업데이트 완료 (연결됨)
2025-10-17 14:10:28,033 - modules.utils.modules.serial_connection_manager - INFO - 스캐너 연결 시도 시작
2025-10-17 14:10:28,033 - modules.utils.modules.serial_connection_manager - INFO - 스캐너 COM4 연결 시도 중... (시도 1/3)
2025-10-17 14:10:28,037 - modules.utils.modules.serial_connection_manager - INFO - 스캐너 연결 성공: 연결 성공: COM4
2025-10-17 14:10:28,037 - modules.utils.modules.serial_connection_manager - INFO - 스캐너 설정 저장 시작
2025-10-17 14:10:28,038 - modules.utils.modules.serial_connection_manager - INFO - 스캐너 설정 저장 성공
2025-10-17 14:10:28,038 - modules.utils.modules.serial_connection_manager - INFO - 스캐너 UI 업데이트 완료 (연결됨)
2025-10-17 14:38:29,016 - modules.utils.modules.serial_connection_manager - INFO - 스캐너 연결 시도 시작
2025-10-17 14:38:29,017 - modules.utils.modules.serial_connection_manager - INFO - 스캐너 COM4 연결 시도 중... (시도 1/3)
2025-10-17 14:38:29,031 - modules.utils.modules.serial_connection_manager - INFO - 스캐너 연결 성공: 연결 성공: COM4
2025-10-17 14:38:29,031 - modules.utils.modules.serial_connection_manager - INFO - 스캐너 설정 저장 시작
2025-10-17 14:38:29,032 - modules.utils.modules.serial_connection_manager - INFO - 스캐너 설정 저장 성공
2025-10-17 14:38:29,032 - modules.utils.modules.serial_connection_manager - INFO - 스캐너 UI 업데이트 완료 (연결됨)
2025-10-17 16:13:14,963 - modules.utils.modules.serial_connection_manager - INFO - PLC 연결 시도 시작 - 포트: COM6
2025-10-17 16:13:14,963 - modules.utils.modules.serial_connection_manager - INFO - PLC 연결 시도 (1/1) - 포트: COM6, 보드레이트: 9600
2025-10-17 16:13:14,963 - modules.utils.modules.serial_connection_manager - WARNING - PLC 시리얼 연결 실패 - COM6: could not open port 'COM6': FileNotFoundError(2, '지정된 파일을 찾을 수 없습니다.', None, 2)
2025-10-17 16:13:14,963 - modules.utils.modules.serial_connection_manager - ERROR - PLC 연결 실패 - COM6: could not open port 'COM6': FileNotFoundError(2, '지정된 파일을 찾을 수 없습니다.', None, 2)
2025-10-17 16:13:14,963 - modules.utils.modules.serial_connection_manager - INFO - 스캐너 연결 시도 시작 - 포트: COM4 - AX99100 PCIe to High Speed Serial Port(COM4)
2025-10-17 16:13:14,963 - modules.utils.modules.serial_connection_manager - INFO - 스캐너 연결 시도 (1/1) - 포트: COM4, 보드레이트: 9600
2025-10-17 16:13:14,963 - modules.utils.modules.serial_connection_manager - WARNING - 스캐너 시리얼 연결 실패 - COM4: Cannot configure port, something went wrong. Original message: OSError(22, '잘못된 기능입니다.', None, 1)
2025-10-17 16:13:14,963 - modules.utils.modules.serial_connection_manager - ERROR - 스캐너 연결 실패 - COM4: Cannot configure port, something went wrong. Original message: OSError(22, '잘못된 기능입니다.', None, 1)
2025-10-17 16:13:14,963 - modules.utils.modules.serial_connection_manager - INFO - 프린터 연결 시도 시작 - 포트: COM1
2025-10-17 16:13:14,963 - modules.utils.modules.serial_connection_manager - INFO - 프린터 연결 시도 (1/1) - 포트: COM1, 보드레이트: 9600
2025-10-17 16:13:14,963 - modules.utils.modules.serial_connection_manager - WARNING - 프린터 시리얼 연결 실패 - COM1: Cannot configure port, something went wrong. Original message: OSError(22, '잘못된 기능입니다.', None, 1)
2025-10-17 16:13:14,963 - modules.utils.modules.serial_connection_manager - ERROR - 프린터 연결 실패 - COM1: Cannot configure port, something went wrong. Original message: OSError(22, '잘못된 기능입니다.', None, 1)
2025-10-17 16:13:14,963 - modules.utils.modules.serial_connection_manager - INFO - 너트1 연결 시도 시작 - 포트: COM7
2025-10-17 16:13:14,963 - modules.utils.modules.serial_connection_manager - INFO - 너트1 연결 시도 (1/1) - 포트: COM7, 보드레이트: 9600
2025-10-17 16:13:14,971 - modules.utils.modules.serial_connection_manager - WARNING - 너트1 시리얼 연결 실패 - COM7: could not open port 'COM7': FileNotFoundError(2, '지정된 파일을 찾을 수 없습니다.', None, 2)
2025-10-17 16:13:14,971 - modules.utils.modules.serial_connection_manager - ERROR - 너트1 연결 실패 - COM7: could not open port 'COM7': FileNotFoundError(2, '지정된 파일을 찾을 수 없습니다.', None, 2)
2025-10-17 16:13:14,972 - modules.utils.modules.serial_connection_manager - INFO - 너트2 연결 시도 시작 - 포트: COM8
2025-10-17 16:13:14,972 - modules.utils.modules.serial_connection_manager - INFO - 너트2 연결 시도 (1/1) - 포트: COM8, 보드레이트: 9600
2025-10-17 16:13:14,973 - modules.utils.modules.serial_connection_manager - WARNING - 너트2 시리얼 연결 실패 - COM8: could not open port 'COM8': FileNotFoundError(2, '지정된 파일을 찾을 수 없습니다.', None, 2)
2025-10-17 16:13:14,973 - modules.utils.modules.serial_connection_manager - ERROR - 너트2 연결 실패 - COM8: could not open port 'COM8': FileNotFoundError(2, '지정된 파일을 찾을 수 없습니다.', None, 2)
